<?xml version="1.0" encoding="UTF-8"?>
<robot generator="Robot 6.1.1 (Python 3.12.0 on win32)" generated="20231218 00:25:17.667" rpa="false" schemaversion="4">
<suite id="s1" name="appDietStep-tdd" source="E:\FINDING JOB\materi myskill qa\robotframework\Myskill-Robotframework-Mobile\Step\appDietStep-tdd.robot">
<kw name="Start Session Apps" library="appDietPages" type="SETUP">
<kw name="Set Appium Timeout" library="AppiumLibrary">
<arg>10</arg>
<doc>Sets the timeout in seconds used by various keywords.</doc>
<status status="PASS" starttime="20231218 00:25:18.039" endtime="20231218 00:25:18.039"/>
</kw>
<kw name="Open Application" library="AppiumLibrary">
<arg>http://localhost:4723/wd/hub</arg>
<arg>automationName=UiAutomator2</arg>
<arg>platformName=Android</arg>
<arg>deviceName=nabilah</arg>
<arg>appPackage=com.fghilmany.dietmealapp</arg>
<arg>appActivity=com.fghilmany.dietmealapp.ui.main.MainActivity</arg>
<arg>autoGrantPermissions=true</arg>
<arg>noReset=true</arg>
<doc>Opens a new application to given Appium server.
Capabilities of appium server, Android and iOS,
Please check https://github.com/appium/appium/blob/master/docs/en/writing-running-appium/server-args.md
| *Option*            | *Man.* | *Description*     |
| remote_url          | Yes    | Appium server url |
| alias               | no     | alias             |
| strict_ssl          | No     | allows you to send commands to an invalid certificate host like a self-signed one. |</doc>
<status status="PASS" starttime="20231218 00:25:18.039" endtime="20231218 00:25:31.535"/>
</kw>
<kw name="Sleep" library="BuiltIn">
<arg>1</arg>
<doc>Pauses the test executed for the given time.</doc>
<msg timestamp="20231218 00:25:32.536" level="INFO">Slept 1 second</msg>
<status status="PASS" starttime="20231218 00:25:31.535" endtime="20231218 00:25:32.536"/>
</kw>
<status status="PASS" starttime="20231218 00:25:18.038" endtime="20231218 00:25:32.536"/>
</kw>
<test id="s1-t1" name="As a user i want to open APP Diet" line="21">
<kw name="User Input Welcome Data">
<arg>Cipung1</arg>
<arg>75</arg>
<arg>170</arg>
<kw name="Sleep" library="BuiltIn">
<arg>5</arg>
<doc>Pauses the test executed for the given time.</doc>
<msg timestamp="20231218 00:25:37.540" level="INFO">Slept 5 seconds</msg>
<status status="PASS" starttime="20231218 00:25:32.539" endtime="20231218 00:25:37.540"/>
</kw>
<kw name="Input Text" library="AppiumLibrary">
<arg>${homePageNameField}</arg>
<arg>${username}</arg>
<doc>Types the given `text` into text field identified by `locator`.</doc>
<msg timestamp="20231218 00:25:37.545" level="INFO">Typing text 'Cipung1' into text field 'id=com.fghilmany.dietmealapp:id/et_name'</msg>
<msg timestamp="20231218 00:25:38.404" level="INFO">criteria is com.fghilmany.dietmealapp:id/et_name</msg>
<status status="PASS" starttime="20231218 00:25:37.540" endtime="20231218 00:25:38.404"/>
</kw>
<kw name="Input Text" library="AppiumLibrary">
<arg>${homePageWeightField}</arg>
<arg>${weight}</arg>
<doc>Types the given `text` into text field identified by `locator`.</doc>
<msg timestamp="20231218 00:25:38.410" level="INFO">Typing text '75' into text field 'id=com.fghilmany.dietmealapp:id/et_weight'</msg>
<msg timestamp="20231218 00:25:39.396" level="INFO">criteria is com.fghilmany.dietmealapp:id/et_weight</msg>
<status status="PASS" starttime="20231218 00:25:38.405" endtime="20231218 00:25:39.396"/>
</kw>
<kw name="Input Text" library="AppiumLibrary">
<arg>${homePageHeightField}</arg>
<arg>${height}</arg>
<doc>Types the given `text` into text field identified by `locator`.</doc>
<msg timestamp="20231218 00:25:39.400" level="INFO">Typing text '170' into text field 'id=com.fghilmany.dietmealapp:id/et_height'</msg>
<msg timestamp="20231218 00:25:40.971" level="INFO">criteria is com.fghilmany.dietmealapp:id/et_height</msg>
<status status="PASS" starttime="20231218 00:25:39.396" endtime="20231218 00:25:40.972"/>
</kw>
<kw name="Tap" library="AppiumLibrary">
<arg>${homePageGenderMaleButton}</arg>
<doc>*DEPRECATED!!* Since selenium v4, use `Tap With Positions` keyword.</doc>
<msg timestamp="20231218 00:25:40.972" level="WARN">Keyword 'AppiumLibrary.Tap' is deprecated. Since selenium v4, use `Tap With Positions` keyword.</msg>
<msg timestamp="20231218 00:25:42.285" level="INFO">criteria is com.fghilmany.dietmealapp:id/rb_male</msg>
<status status="PASS" starttime="20231218 00:25:40.972" endtime="20231218 00:25:42.286"/>
</kw>
<status status="PASS" starttime="20231218 00:25:32.539" endtime="20231218 00:25:42.286"/>
</kw>
<status status="PASS" starttime="20231218 00:25:32.536" endtime="20231218 00:25:42.286"/>
</test>
<test id="s1-t2" name="As a user i want to open APP Diet" line="21">
<kw name="User Input Welcome Data">
<arg>Cipung2</arg>
<arg>70</arg>
<arg>180</arg>
<kw name="Sleep" library="BuiltIn">
<arg>5</arg>
<doc>Pauses the test executed for the given time.</doc>
<msg timestamp="20231218 00:25:47.291" level="INFO">Slept 5 seconds</msg>
<status status="PASS" starttime="20231218 00:25:42.291" endtime="20231218 00:25:47.291"/>
</kw>
<kw name="Input Text" library="AppiumLibrary">
<arg>${homePageNameField}</arg>
<arg>${username}</arg>
<doc>Types the given `text` into text field identified by `locator`.</doc>
<msg timestamp="20231218 00:25:47.296" level="INFO">Typing text 'Cipung2' into text field 'id=com.fghilmany.dietmealapp:id/et_name'</msg>
<msg timestamp="20231218 00:25:48.628" level="INFO">criteria is com.fghilmany.dietmealapp:id/et_name</msg>
<status status="PASS" starttime="20231218 00:25:47.291" endtime="20231218 00:25:48.629"/>
</kw>
<kw name="Input Text" library="AppiumLibrary">
<arg>${homePageWeightField}</arg>
<arg>${weight}</arg>
<doc>Types the given `text` into text field identified by `locator`.</doc>
<msg timestamp="20231218 00:25:48.635" level="INFO">Typing text '70' into text field 'id=com.fghilmany.dietmealapp:id/et_weight'</msg>
<msg timestamp="20231218 00:25:50.288" level="INFO">criteria is com.fghilmany.dietmealapp:id/et_weight</msg>
<status status="PASS" starttime="20231218 00:25:48.629" endtime="20231218 00:25:50.288"/>
</kw>
<kw name="Input Text" library="AppiumLibrary">
<arg>${homePageHeightField}</arg>
<arg>${height}</arg>
<doc>Types the given `text` into text field identified by `locator`.</doc>
<msg timestamp="20231218 00:25:50.293" level="INFO">Typing text '180' into text field 'id=com.fghilmany.dietmealapp:id/et_height'</msg>
<msg timestamp="20231218 00:25:52.280" level="INFO">criteria is com.fghilmany.dietmealapp:id/et_height</msg>
<status status="PASS" starttime="20231218 00:25:50.289" endtime="20231218 00:25:52.280"/>
</kw>
<kw name="Tap" library="AppiumLibrary">
<arg>${homePageGenderMaleButton}</arg>
<doc>*DEPRECATED!!* Since selenium v4, use `Tap With Positions` keyword.</doc>
<msg timestamp="20231218 00:25:52.280" level="WARN">Keyword 'AppiumLibrary.Tap' is deprecated. Since selenium v4, use `Tap With Positions` keyword.</msg>
<msg timestamp="20231218 00:25:53.765" level="INFO">criteria is com.fghilmany.dietmealapp:id/rb_male</msg>
<status status="PASS" starttime="20231218 00:25:52.280" endtime="20231218 00:25:53.765"/>
</kw>
<status status="PASS" starttime="20231218 00:25:42.290" endtime="20231218 00:25:53.765"/>
</kw>
<status status="PASS" starttime="20231218 00:25:42.289" endtime="20231218 00:25:53.766"/>
</test>
<test id="s1-t3" name="As a user i want to open APP Diet" line="21">
<kw name="User Input Welcome Data">
<arg>Cipung3</arg>
<arg>55</arg>
<arg>169</arg>
<kw name="Sleep" library="BuiltIn">
<arg>5</arg>
<doc>Pauses the test executed for the given time.</doc>
<msg timestamp="20231218 00:25:58.770" level="INFO">Slept 5 seconds</msg>
<status status="PASS" starttime="20231218 00:25:53.770" endtime="20231218 00:25:58.770"/>
</kw>
<kw name="Input Text" library="AppiumLibrary">
<arg>${homePageNameField}</arg>
<arg>${username}</arg>
<doc>Types the given `text` into text field identified by `locator`.</doc>
<msg timestamp="20231218 00:25:58.775" level="INFO">Typing text 'Cipung3' into text field 'id=com.fghilmany.dietmealapp:id/et_name'</msg>
<msg timestamp="20231218 00:26:00.090" level="INFO">criteria is com.fghilmany.dietmealapp:id/et_name</msg>
<status status="PASS" starttime="20231218 00:25:58.770" endtime="20231218 00:26:00.090"/>
</kw>
<kw name="Input Text" library="AppiumLibrary">
<arg>${homePageWeightField}</arg>
<arg>${weight}</arg>
<doc>Types the given `text` into text field identified by `locator`.</doc>
<msg timestamp="20231218 00:26:00.093" level="INFO">Typing text '55' into text field 'id=com.fghilmany.dietmealapp:id/et_weight'</msg>
<msg timestamp="20231218 00:26:01.367" level="INFO">criteria is com.fghilmany.dietmealapp:id/et_weight</msg>
<status status="PASS" starttime="20231218 00:26:00.090" endtime="20231218 00:26:01.367"/>
</kw>
<kw name="Input Text" library="AppiumLibrary">
<arg>${homePageHeightField}</arg>
<arg>${height}</arg>
<doc>Types the given `text` into text field identified by `locator`.</doc>
<msg timestamp="20231218 00:26:01.371" level="INFO">Typing text '169' into text field 'id=com.fghilmany.dietmealapp:id/et_height'</msg>
<msg timestamp="20231218 00:26:03.626" level="INFO">criteria is com.fghilmany.dietmealapp:id/et_height</msg>
<status status="PASS" starttime="20231218 00:26:01.367" endtime="20231218 00:26:03.627"/>
</kw>
<kw name="Tap" library="AppiumLibrary">
<arg>${homePageGenderMaleButton}</arg>
<doc>*DEPRECATED!!* Since selenium v4, use `Tap With Positions` keyword.</doc>
<msg timestamp="20231218 00:26:03.627" level="WARN">Keyword 'AppiumLibrary.Tap' is deprecated. Since selenium v4, use `Tap With Positions` keyword.</msg>
<msg timestamp="20231218 00:26:05.005" level="INFO">criteria is com.fghilmany.dietmealapp:id/rb_male</msg>
<status status="PASS" starttime="20231218 00:26:03.627" endtime="20231218 00:26:05.005"/>
</kw>
<status status="PASS" starttime="20231218 00:25:53.769" endtime="20231218 00:26:05.005"/>
</kw>
<status status="PASS" starttime="20231218 00:25:53.768" endtime="20231218 00:26:05.006"/>
</test>
<kw name="Close Apps" library="appDietPages" type="TEARDOWN">
<kw name="Capture Page Screenshot" library="AppiumLibrary">
<doc>Takes a screenshot of the current page and embeds it into the log.</doc>
<msg timestamp="20231218 00:26:06.253" level="INFO" html="true">&lt;/td&gt;&lt;/tr&gt;&lt;tr&gt;&lt;td colspan="3"&gt;&lt;img src="data:image/png;base64, iVBORw0KGgoAAAANSUhEUgAABDgAAAloCAYAAACBSQW4AAAAAXNSR0IArs4c6QAAAARzQklUCAgI
CHwIZIgAACAASURBVHic7N13fFP1/sfxd7optAXKLoVCGWVvkHJFBWWoiGxQRFTAhaiIA71cRNyy
FNd1oHgBFUHQHwIyHKAUAZllFJS9Shl20ULbnN8foaGlSbqSwoHX8/Ho45HmnPM9n5OGkLzzHZZq
laMMAQAAAAAAmJjX5S4AAAAAAACguAg4AAAAAACA6RFwAAAAAAAA0yPgAAAAAAAApkfAAQAAAAAA
TI+AAwAAAAAAmB4BBwAAAAAAMD0CDgAAAAAAYHoEHAAAAAAAwPQIOAAAAAAAgOkRcAAAAAAAANMj
4AAAAAAAAKZHwAEAAAAAAEyPgAMAAAAAAJgeAQcAAAAAADA9Ag4AAAAAAGB6BBwAAAAAAMD0CDgA
AAAAAIDpEXAAAAAAAADTI+AAAAAAAACmR8ABAAAAAABMj4ADAAAAAACYHgEHAAAAAACXwVNjRurI
8Z1Of54aM/Jyl2gqPpe7AOBaY7FI3t6GGlc/r7qVM+XnYyghyUvr9/rrn7PeMozLXSEAAID7hIeH
qXr1aoqJWX+5SwFwlSPgAEpI1fJZ+uzx04qqfF6WLKsshiSrYfvJssrIMmRYDWVkGHrxh4qaszZE
ZB0F4+vrq3r1I9W0aSMdOHBYG//covT0dPv9jRo10IH9B7Vly3alp6df7nIBADCt/gN6SZLmfr2g
wPtPfftVSdL22F3qcnMvj9UGAJZqlaP4DAV4UHjFLP36ZoJ8sqySYUhZF0INq3IFHLIaMrK3Zdlu
t51SWyeSyCHzExZWVfc/MFgD7+qjjX9u0bSpH+jPDZtVOzJCI0bcq+633aJVv67RO9P+qz17/r7c
5QIAYEr9B/TSlGmvyGKxaPQTL+jrr77N95g/NqxU9erV7L/37X2vYtas82SZBdI+uq2Cg4PUqHGU
JFv4kpSYdFl6mQSHBKlRQ1sd1cPDFF4jTJJ06OARHT50xFbfjl1KSkwu8drcqX10W7WPbmP//fCh
owUOyi4HT9U779uZDs/lSs5/MzFr1mvypHeLXcfVik9OMCWLxaIaNaqrXPlykmHoxIkExccnKCsr
63KXlsvnz5xRp4bnbMGGRSpMlwwvi7Tk4QNq9Uakx+ozK39/f/n6+iglJVWSVLFSRdWPqquyZUPU
slUz3Tt0kGrWDFfDRvV1S5ebVKFCqCLr1FLNiHB7wHFpGwAAwLX20W1ksVgkSVOmvSJJ+YYcOcMN
SQoJCfJMcQXQqHGUHhh2j7p1v1nBwbY6sq/HuDBGOCkpWUuXrNCnn/xP22N3eaSO4JAgtW/fVu3b
t1H76Lb2kCXbpTVl2x67SzFr1ikmZr1iYtaZLvCIjm6r0WMetf8eE7P+ig44PFHvU2NG5htmOJLz
mOzgpW/ve4tVy9WKgAOm1LtPD7308vMKCQmWYRg6ffqM/tywWW9P/VBbtsRe7vLkZZF2fnZCpbwN
2ZIN239UMiSlZ9p6aRRAed9MeVls+Uhd3zLanZHiqZLdrlq1KoqoVVPxx0/o77/3ua3dSpUrquMN
0apSuZK2bt2uAwcOq27d2gq78AaqbNkQdb/1FnXo0E6BgYEKvvBGqlKlCmrStKH27NmrChXKq0WL
prJarfrll9+09+/9bqsPAICr1ZOPPy/p4jAVZyFHcEiQJrw0Vt263ZynjU8/e1fbY3dp/H9eK7Ge
HMEhQXpxwnPqP6CXPTy4VPb9ISHBGjCwt/oP6KW5Xy/Qi+Nfd1uQEB4epgeG3aP+A3spODjIaS2X
1pStcZMGatykgYaNGKKkpGTN/WqBPv3kfzp0oZcHrnw5A5PiKEpIcq0g4CikVq2bKzKylqyGVQf2
H1Lsth1KSyv8mH53teOMv7+/2ke3UZUqlZWenq6DB23zEpiZxWKRv7+/srKy9PwLo1W2bIj9/goV
QtW1W2fd0uUmrVu3UV/OmafFi5bp7Nm0y1CntGfmCflaHIQYFkmlLvyzsxrSP+dctuXtJfl5Gzqf
6aVvql6n247+rsOZJX9NBRUYWEp160Zq3IvPqH17W5e+1NSzur5Dd8UfP+GWc0RF1dWw4UMUGVlL
cbv2KC5uj2pG1FDtWjVz1REYWCrXcRUrVtTtt3dV9erVVLVqFbVo0VT/JCYqIzOTgAMAgAJyFHIY
hpHrm+2nxoy0b3ekUeMozft2puZ+vcDenqc0ahylT2ZMV40a1Qt1nMVi0YCBvdU+uq2G3f9YsXpz
hIeHafyE59Ste+d8Qw1J2rHddq6GjaIcbrdYLAoJCdbwB+/V8Afv1dIlKzVh/Os6ePBwkWtEyYtZ
s04xawo3JMpdAcnVjICjAHx8ffTUmJEaMKCXKleplGtbYmKSlixerrenfpjvi4q72nElolYNPTVm
pLp07aQyZUrn2nb06HH933dL9Nab7xQpTPnP+Gc08K4+kqTdcX+pb597lZmRWeRaC6NixVDNnT9T
devW1q+//K61azfojp7dZbFYcv1H4eXlpeuua63rrmutl19+QcOHPa7fVq/N08XPk36dfMpxuHEp
L4tUPkA6myGlWJ3u1qpGmmL2BspisWhRtQ667tBPSjec7385hIaW1+09uuqB4fcoMrJWrm0BAf4q
VSrAbefK/lsGBpZSi5ZN1aJlU0lSVlaWkpOSdSLhpOKPn1BKSqoCAgJUqVIFVapcUcHBwYpqUE9R
DerZ2/onMdFtdQEAcK24NOTInkQ0O+QYP+41hYQEq1//O23DKX639dQIDglSt+4324etZB/vqZCj
UeMozZv/hb03Z1HUqFFd38yfqX597i1SyPHUmJFOP5Tu2L5La9asU8yadVqzxvmQk+CQIEVHt1X7
6LaKjm6bJ/jo1r2z2ke30Scff6Epk94rdI24PCZPeq9QvZjaR7fVaBFw5IeAIx8VK4bq/Q8nK7pD
O4fbQ0KCNXBQH3W8oYNGjXzW6ZPUXe248q/rr9O7709SxYqhDrdXq1ZFDz58n27q3FFDhzyiA/sP
Frjtdu1a6b4H7pafn5/Onz+vSW9NL7Fwo1q1KlqybJ4qVLBd119/7dXyZT9r7tcLFBAQoM4336A+
fXsoICD3h+ig4CDNmvOxNmzYpI8+/Fw/Ll3p8VrvuC5NERUL+bgE+kqlfKV4x3NBRNdK1dq9pWVI
8rJY9GeNm9XowLLiF1tMPj7eqlCxgsY8/Zj69rtDvr6+DvdLS0t3a0+ao0eOK27nHjVp0tB+X3Jy
irZsjtUff2zQwQOHdPDgESUlJqlUYCmFhVVTRES4mjZrrOvat1ZoaPmLbR09rrhde9xWGwAA14r8
Qo4nRo3V5LfezTN8Yvy413J96O8/oJdi1rh/LobgkCB9+tm7xQo3soWEBOvTz95Vl5t7FWq4yrwF
X9h7tGZLTkrW0qUrHT42ziQlJmvpkpVausT2XrZR4ygNH3Gv+vW/M1eNT40ZqegO7dS315AC1whc
bQg48vHW5In2UMJqteqPtRu0besOnc/IUK1aNdXxhmgFBZVRtWpV9O57b6pblz5KSDjlsXacqRlR
Q9Pfe8sebpw8eUrLl/2ifXv3q0xQGdWrV0edb+5oWzazXqTe/3CSbuvWv0Bt+/j66KWXX5Cfn58k
6fMZc/Tb6rUFrq24br+jmz3ckKRt23borrv76Y6e3bVh/SZ9+sksffLRTA0ZOkhdunZSlSqV5O3t
bavdx9veo2Pe3O/05htv68iRYx6p02KR3n4kqYgHS6pSWjqSd46NcoHWnLN4KEuGbgmsqOVnE4pa
arEEBpZSm7YtNfKx4U4Du5zOpp5Vqhsm8vT19ZWvr4/8A/zl7WP7+2ZlZenwoSNauXKVFi9apvUb
NuUJ3jZt3Cpvb2/VrVtbt/foppu73KgGDerLx8db3l5e8vPzValSATIMsYQsAACFkF/I4ewDfPYK
ENkhx+gxj7o94Jjw0liFh4e5rb3w8DBNeGlsoXqbTH7rXX0z//OLE7NOek8ffzyz2HN6bI/dpScf
f17jx72mYcOH5OohMvktVtfAtY2Aw4XefXroli43SbKlraOffEGLf1iea5/akRH69LN3Va9epKpU
rax/j3taj496ziPtSLa5Ow4dOqIT8bk/3D415lFVqlRBkrR501YNHfJInoCkZatm+u/H01StWhU1
b95Ed93dV3Nmz8v3cXhqzEg1btJAkq0r3SuvTM73GHdqeWEIQrbYrTs0cFAfWSwWtWnbUq1aN9eJ
+AQt+/EnDex/v1q2aqZx/3k6VygiSX363aGON3bQO9M+1GczZru9zid7p8jbwbBKqyFZcvxLMywW
KcOQl4N9LdVKyzicO+Q4ddZbDfxyf/swtVILNd5fcr04LBaLAgNL6e57+uuRR4c57SXkyD+JScXq
weHt7a169evohhs7qHRgoCpXqaTWbVpIkg4fPqo5s+dpwbeLlJiYpAB/f6U46Fnk6+uro8eO6/PP
5mj/gYO6/4HBatassWpHRuieIQPUpm1LZWZkatOmrVobs16ZmVfWajwAAFypnnz8eVksFntvgktD
DmcmT3pX/Qf2UvXq1RQeHqbut96sJYtXuKWmRo2jcvVucJf+A3ppyqT3CtzzImbNOk2d/L66de+s
J594XrHbdjrcL3tVjPDwsDyhzKFDR2yrp8SsyzVExjAMJSYmafKkd7V06QpNe/s1LV2y8rIuwduo
cZQmvDQ2131X8kofZqsXBUPA4ULffj3tt994/e08oYQk7f17vx579Gl9939zFBAQoC5dO6lUqYBc
c1y4q51PZkxX91tvVmJiku4b8oj++ONPSVKZMqXVpWsnSbYJHZ8aPc5h74+Nf27RG69P09vvvC5J
6n7rLfkGHE2bNtLwEbZ/6Onp6Xru2QklNjQlW+3aF+d0SEtL16lTp+1hjmSbd6NK1coaMnSQ+g3o
pZmfzdGIBx5Xxxs6qHffHvZJpSwWiypVqqCJr7ygG27soBfHv679+wo+TCc/j915VpJtxROrLHrt
69L6dGlpGYZUpu2/FNL3bhkyVN7IVOwzo+TlZeiJ3ql69I5UeRm2HiCyWKRy/tLJi3/3n3aX1pSK
zXKdy2oYquVTWvsyPbvEqbe3t6pXr6aHHr5PQ4YOKlIbWzZvK9YcKIGlA9W5c0c9/cwo+fhefMlK
Tk7Rql9+17x538vLYtEdPbsrNfWsflj0Y66AwtvbW02bNVKz5o21+tc1WrHsF5UvX07Vq1e7MHdI
N93eo5syM7P03cIfFLdrT6F6TwEAcK37z7hXcwUKBQ05Pvlopl688AGzYcMotwUcw4YPKdBknkUx
esyjhevFMelde4+VnBo1jtKw4UNcTsYqSe0laYAt0Mhewnbq5PdzhSzbY3epy829S3TOOUeCg4NN
tbqH2epFwXhd7gKuVGXKlFabti0l2b4ldvWNf+y2nfrl598l2cb73XZ7F7e3U6pUgLp2s4UYISHB
6tGzu31b55tvUFBQGUnSr7/8rl07dzs9x8IFP9gDiqpVKzvdL9vEV16wTxD53w8+058bNud7jLtV
qlzRfjstLU2ZmVmqWOFiwGG1Wu0v6KVKBeihR+7X3Pkz5R/gpy4399aCbxflesG3WCy6pctNWvnz
d/a/TXEF+hvyMgydt0gNR1RSrSGV9Omqqqo59SPVmPKhyg0cLC9vi0JDyih+/teyGlJmlkWTvimj
WvdUVtOHKyrzwiAUSxk/2daTtdlxLEAVvf3znPPlCo3cUrsj2ZO1fr9ojn5f+6PDcMMwDP3y82/6
YZHrniQbivucMQwlJ6fo1KnT9ruysrIUu22Hvlu4WMePxSswMFC1akfYJi275A2NxSJVqFBe9erV
UUhIsP75J1G//LRaP//0W64gJDU1VadPnZG1gEv4AgAAm0aNGuS5b+rbr+b74T02R4+E9h3c90HT
0fK0V0rb4eFhmvftTC1bsSDfxyen7JVTBgzsrbXrV2jetzNz9fa43OEGcKWgB4cTderUti8zuWVz
bL77/7lhk7p17yxJioi4uFylu9pJS0vX7ri/FNWgngzD0Ib1m+zbImrVtA8BWL9+Y77nyJbfB7mR
jw23DwXYtHGr3nzjnQK37U45V4PJzMiU1WpVQCnbB37DMNStSx+Fh4ep/4Be6trN9tj5+Hjr4Uce
0K233qLPZszWsh9/0tPPjFLtyAh7WwEBAZr5vw/06itTNPt/c4v1H8MNzc7prjfL6fdY2zwlkW9O
l8XfX4ZhmxhUhiSLVDkkWFvW/p7n+MRUL9W+p5J6tk/T9EeSZKkZLO1LkmFIdbzK2tq4RDP/EHlZ
LLK68T80X19f3XrbLZo05eU8y6zmlJyUrD69h2h77C75+Hhr/6FtTr8pcdYds6CSk1P0yy+/KyKi
hvr0u0OhoeV19myaNm7cqvUbbP8Ojhw5qrlfLVCWNStPD6PMzCxt2LBZBw4csn/bsXfvfq369Xfd
eFMHVagQajvHz79p4YIfcgUpAACgcJKTkhUUbBtam19Pju3bi/cewZH20W0VFFzG7e1mCw4JUvvo
tkUaCuJqRZXkpGTFbt+l7bE77XN0BIcEqVHjBmrcKMr+mGZrH91WMeuWa8rk91g5xaSiC9l7pLD7
X6sIOJyoFlbFfvvEifwnczx69Lj9ds75CdzVjiTdfdcI9enTQ7t3/63ly3623//21A/09tQP8m1b
klq1bGbv5u+qnrp1IzXyseGSbMNennv2xQK17wn+/n722xmZmbJYLPYJT1NTz2p77C5tj92lpUtW
qlmzxnrxpefUvEUT+fn5qWZEDY2f8JwW/7BcD454Ui9OeFbRHdrZP4yHhATrjTdfVGpKqhZ8u6jI
NS7bEKAsq+Tl76+6k9+TLBYZhmHrh2HYgpjaVSrK4uVl61LgJJT4LqaUVm3z18b3EuQtQ7v/CdCc
qo5fzLJkKNjio3+MjCLXna1cubJ6bNQI3TW4n8qUKe2yW+dPK1fpkYfHKDkpWV5eXnrp5Rdc7n8y
4WSx6zuw/6AWL16uxk0aKLpDOyUmJumfM//k6smTcmEi06pVqzhs4/Spf1Q6sLRKB9oCs4yMDJ2I
T1CFCqE6evS4lv34kzZv3lbsWgEAuJZ9/NEXCq8RVqA5OZISk2UYhluHk4Q4WDXlm7kLdehgwebN
uFTOa3F1jqJITkrW118v0NyvF+S7BG2jxlHqP6CXBgzoZQ87LBaLLPLMUBx43ugxj7LsqwcQcDgR
HBxsv51xPv8PkOfOnbPfDih18Ztvd7UjScePxeu9dz/Jtw1XBgzqbb+95vc/nO730svP2188//hj
g4YNH6KQkGAlJiZpd9xf+vqrBSX2TbeX18WRVBnnM1S6dODF3zNyP6ZbtsRq0IBhiu7QVu9/MElB
wUGyWCy67fYuatiwvu4eNFwffjxVTZvmHt7x0MP3FyvgyLJKfqGhqjPxLXuAYVgsMgzJsBjy8/a1
/eddgN4WZ1K81HB4Re18OVXfzOqokcGO9zMkhXr76R9r0QOOkJBgfTLjHbVt2yrX/BaOZGZk6rGR
z2jR//0oq9UqSRrx0FANuXegy+PcMZ9F9gpDpS/05ilVKkDto9uqejFmRw8NLWd/jvv5+qpChVCF
hpanBwcAAMX0xCjbvBoFCTncPVdGo0YN8rT59VcLijz5ZvvotnkCjkaNGtiXbC2MyZPeVfvoNmof
3bbQK6psj92lF7e/rimT3rOvnBITs97h/B7AtYyAwwl3vdZ6aH6jImnXrpXu7HWbJOmffxL15Zz5
Dvfr1/9Odbwh2v57p04d8+zzxOhHNPPzL/XKxEmeKTaHnMl+ljVL/gEX56PI/qCdU3p6un75+Te9
//4MPfvc4/b7a9WuqbbtWml33N95Ao6cQ1eKwsvPT1GvTpFkXAg1bD04dCHTqFo+RBcuoEAhR9p5
L/3r9Zr6Ibiu030sssiniE8wPz8/TXvnNd162y3y9fV1ua9hGFq3bqMeeegpHT8Wbzu3xaIHH75P
/x43xuUbk7/+2psrtCuK6tWrqWu3zrr19i5q1DBKkhQaWl6dOud9XhZVWPWq6tu/p4KCy+jHpT9p
x3bX36IAAADXChNyXAuCQ4KUlJis++8bqfDwMJc9NrLn1rh0tZZLV04p6Gou7tQ+um2u97Lbd+wq
9rK3nmS2elF8BBzXiNDQ8npj0gT5+9vCgUlvTteZM//k2c/f319PPT0y1317/96vnTt3KzMzU5GR
tdSocZRKlw7UI48+oKgGdXXPXQ96tPaszCx77wIfb2+l51hZxtvbO8/+3t7eeu75J/XQw/flun/b
th1a/MMyPTn64TzHxG7bUawa6zw1Vt7eXhdePw3Zpjex2n43LBdDgHyGqGTzkkWLynTNp9uhoawi
Tr/xr+uv0+09ujp8/HKdwTD00oQ3NfOzL3MFFXf2uk1jnx+d77cua9esL1qBOTRp2lAjHhpqm0D0
guyeRPHxJ/Ls7+/vr8jIWqodGaET8Qnavn2XUlPzrjYTEhKievUiVblKJfn5+alJk4aqVq2KsrKs
BBwAALjBE6PGyjAM+2SajkKOb+YudOuSrtu378wz7KVRo6gCfcHkSKNGUQ7PURjBIUH6Zt5MTXjx
Da35/Q9tT8z9PqN9dFv1H3CnrXdqjvc7ki3kiFmzTt/M/S5XL5T8hrR4yrxvZ+b6vW/vey/r0rT5
MVu9KD4CjmuAj6+P/vvxVNWtGylJ+mHRMqeruTz0yP321Dg5OUUvT5ykWV98nWufm2+5Ua+9MV7V
qlVRp04d9eKE5/Ti+Nc9Vn9GZubFgMPXV2fPptn/48oObCSpQoVQDRk6UH373qGaETXs9587d05v
vvGOYrft0LwFX+TaJknnz58v9gSq1qREeVm8JBkyZJHFYkiGtwyLIV/vHP/MvPLvceFjkTaEd3Y4
sajtZFbJy0uGpH+s54tU766du7Vnz15FRTnvIRIX95ceH/mstl0S/txwYwdNe/s1+fi4Dkck6c8/
txSpvpzS08/p1KnTKls2xD7hbFJSspYv+1mLHKzgUqFCeQ26q69qR0bor7/26qP/fq4DBw7n2a9V
q2Z68KH7VLlKJUm258np02eUmuLZpXcBALiWPPn487JYLE57cmT39CjOsNOcEh18Oz9h4li3tO3q
HK5MeGmsGjdpoE9nTNd1bW9WYmKSJNu8GhNeGutyqdIaNaqrRo3qGjCwt2LWrNP4/7x22cINwAwI
OK4B773/lv2Fc+OfW/T4Y8863bdv3zsk2b65//fzEzXvm+/z7LNi+S86ffqMvpo7Q6VLB2rgoN56
792P3TLXgiOZGRnShaVqs4dTZGRkyM/Pzz4XQ9t2rTR8xBCVK1fWfpzVatXWLbF67pkJatuulWbP
+TjPPBMJCad0/9BHtbGYH8STd25X+dZtZRgWGTIkwyJDtrijTKmLIYxhdT1EpbpPoBaHdXC4zTAM
GVkZ8vKyXYOvvHSmiPNvHD16XD1vH6T6UXU1YGBvDRjY2x5YWK1WffLRF5o29QP7f8DZWrdpoU8/
ezff+TqyHTxwqEj15bQ9dqfem/6xoqLqqVXr5rqufWsFBwepdOlAHTl8JNdSr5JtKeHEfxIv3E7X
kcPHdGD/wVz7eHt7q0WLJqpUqYIyMzK1Y2ecVv26Rnv2/H1ZlkIGAOBqlt9wlSdGjS3UkqmuxKxZ
p+SkFAW7aSLQSyUnJWttTMF7qHbr3tl+3cEhQfpm/kx1udl2rRMmPq/27dsUuK320W01YeLz6ttr
SOGKBq4hBBxXualvv6rbe3STZPtGfviwx5WWY4hHTs2bN7HPRbFlS6zDcCPbxj+3aOmSFerT9w4F
BQepV58e+ujDz91/AZJSUlPtk0H6+vrIYrHo7Nk0+0oqX82dkac3wbFjxzX22ZeUmJikt6ZMVIMG
9fPss/fv/Ro+7HHF7dpT7BpPr/9DtYbcL+NCpwvjwsophizyzTEMxGKxqHzDxjq9I/eSwd4Wi76v
1kHVfRwvzZqVcV4WI0vy8pYhqyyGtDcrXVnFWCI2JSVVf27YrD83bNbLE99S3bqRCgwspQP7bcup
XrpsbtWqVfTZzPdU6kLYlB+r1aqDB/P2nCisEydO6odFy7R0yUp1v/UW1Y6MULVqVdS0WWM1btyw
SCufVA8P03XXtVb58uWUmJSkH5eu1LvTP86zxCwAAHCP/EIOd87NsXTpCrcFJnnbXpnnPZIz4eFh
mjLt1dzDZRpHacLEsRo/7jXdP/RRrVu/UkHBQfYVVWLWrLP3EAm5sCRt9sopyUnJun8oq24ArhBw
OJHzW2Evby8Xe9p45xiGYBgXJ750VzuS7N3T4uL26PvvluTb1sRXXrC/uO/fd1D33fuofZJIR+rV
r2O/vWnj1nzb/3PDZvW50OOjZs3wfPcvqvjjJ+xLf5YqFSAfH2+dPHlKZcvaJu7MDi4Mw9Bff+3V
vLnfaf26jbqz123qN6BXng/k6enp+mHRMk2c8Kbbep1kJCfZhqhYbL02sgMOKe/SZw0eeFBrnnpM
ktQuoLzGl2+kar4BDmfbyMw4p6zzafLy8pa3l7dtdRarZPGSxp/c7pbaJdsyba56Lvj5+emLWR+o
fPlyBW7z5MnTSnbjcA8fHx8FBPjJYrHYemC0bKqed96qw4eP6uTJgv8dg4LK6MYbO+iWLjfJ50Jg
5ufrqwB/f6UQcAAA4DElNfHoJx9/oX7973T7Ci2SNPmtgq9aMmzEEO3YEZfn/kaNG6hR4yhtj92l
+4aOVHR0W6eroSxdslLjx72mp8aM1Jo165ggE8gHAYcTSUkXXzxCQpys05lD+dCLH/ySk1Pc3o4k
fTH7Q9WtGynDMOTn76d5c79z2s6zY5/Q/Q8MlmQbjvDAfSPzdNO/VHDwxa58KQX4YJpzn5zHuttf
e/apeYumkqSAgABVrFRRJ+ITVKdObUm2ICE19azGjB6n5ct+1oSJYzX2hdEO20pLS9fgQcO1du0G
t9f5z6YNCm3VRoZsw1QMy4XhKpcoHR6ueT7VValsVZUpFWQLLiySDMlqzdL582nKSE+VZMjb5XAF
TQAAIABJREFU20feFm8ZMpRlGPI2DMlilWTRxnN5J4n1lMqVK6qhg0m2XDl65KjS0tLcVkOtWjV0
403Xq0pl25wZZcuG6KbO12vf/oNavGhZgUKOoKAy+tf116lHz+6qUrWyJNtSzm2va601a9bpt9Vr
3VYvAABXs/DwMPUbcKf9drb20W00eozzXgYHDx5WUmKyfQiJJ0KO7bG79M3chW7vxfHN3IWFWrlk
/LjX8t0nZs26Ak16yXKwQMEQcDhxIMfcAdkfpF3JOVnjifgEt7fj7++v2rVtw0csFouaNWvsNOB4
bNQIPTZqhCTbHBPD7ntMuwowDOPo0WP229k9JlypGXGx18apk6fz3b+oNm3aqr79e9p/b9KkoU6c
OKnkpGR9t3Cxli//RZLUq/fteuOtFx0GSWfPpumD9z/VjE9m6Z8L8zO42853Jqvj/762zb1xYayK
YRh5ZvK2WCx6dXhvjXrvf/Lz8pGfl7d8vHzk6+Utnwu3vb285O3lI1kNWb2ygw1bjxBJevufvzxy
Dc4cP35C3y1crJ533lrgY7Zs2e7WIR/VqlVVo8YNcs3/Ubt2hO4dOkihoeW0Ytkv2rkz77ckkm3O
jerhYbr55ht06+1d1LpVc/s2Hx9vRUSEKyqqHgEHAAAFVD08TKOfejRPL4n20W1dTprpiCdCjvH/
eU3RHdrlWZWkqA4fPqr/jHu1UMcMHzHEPsz6Uj8uXelwstBu3Tvbv1TaHrtLPy5dWfhii+HFl8aq
ceOLX2rN/XrhFb20r9nqhecRcDixa+dunYhPUKXKFdWkaSM1bBTldOlIH18f3dTpevvvOXsHuKud
c+fOacH8Rerbv6cSEk45DTfuf2Cwnn52lCwWixITk/TQ8Ce0ZUusw30vFbttpzIzbCuW3HBjB5Up
U9plT47u3W+231637s8CnaMoViz/RWOeecw+gWjjJg30/nufaPKkd9W0aSONevxBtWzVzGE3xJSU
VG3auFXPj31Je//e77EaJdsEosd/WqFqnW+RYbkQRRiS1WrI2zt3baE3ddIzH76vKUZZWS+EINYL
/T0MWW2TlRpWWWWVl7xkGFZZDC9bWGIYmpHsujeOu2VkZOjJx5/Xpk1b9Z/xz8jLK//hVqt+/d2t
NRw6dES//vyb4o+f0LFjx+Xv76/WbVooKqquqlSppAYN6mvVqjVKT0+3r4wSHBykNm1bqnWbFmrZ
qpluvvkGValaWadPn9GmjVt17Fi8qlWrotOnzmh7bOGWfAMAAO7j7pAjKdE2X8X8b79wGjIUVPbc
F4UdHhIbu0vfzP88z3vUmJj1mjLpvTz7z/j8XXXt1jnXfT8uXan7h44sfNFF1LhxVK6AKmZNwSdU
vRzMVi88j4DDhZ9/Xm1fXeKVV/+tgf0f0Llz5/Ls98ILT6lGjeqSpN27/9b6dRs90s7jo57T1Knv
K/74CYcThQ4c1EfjX3xW3t7eSklJ1aMPjynUUIyDBw9rzZp16nhDtCpWDNWkKRP10AjHQz1efGms
PV3ev++gFv+wvMDnKazDh4/qjtsH6fkXnlKt2jWVcT5Dr7w6TpF1aqlcubIOgw3DMPTzz6v1+qtT
FbdrT56VNjwl7tOPVPX6m+QV4HdhklEpy7DKW7kDAYvFoib/m61nB9+tSSovb8Mqw7AFGYbhJeNC
bw3DMKTs+2Qoy7DqtuMbHAx88bxz587p4//O1No16/XSy8+rTduWLse2xm5zb2Cwd+9+zfh0lipW
qqAD+w8pNLScRj3xkMJ63aayZUPUtVtntY9uo4SEUwoMtE3WWjsyQsOG36PQ0PIqX76cvffHju1x
mvzWu9q7d78iImooMytLe/b87dZ6AQC4mm3fvlP9+gwtdjsDBvby2Jwc22N3qU/vIZrx+XtF7slx
+PBR3T/00SItzRqzZp2mTn4/15AdVxOFfvzRF3kCjo8/+qLQ5wWuZQQcLnz4/gzdeustCgoOUtt2
rbTg+1n68P0Z+mnlKqWfO6fWrZrr3vvuUo87bKuUGIahj/+bdyURd7Uj2cIER+7o2V2vvj7O/gHu
23nfq0qVShp0Vx+X17hh/eZcH+ymv/OR2rRtqVKlAtTjju6qVq2qZnw6Sz//tFpZWVmK7tBO9w4d
pBtv+pckKTMjU6+8PCmfR7L49v69X8Put03M6e3trd9iljqc8DI5KVmrVsVo7tcL9NPKVbJarXn2
8SxDv95/lzp/OV+GLPZJRx3x9g9QlXH/0dCJ4zXbq4qsRvY8G1ZZcywza1+RxbDq34l/K96aNxwr
Sdu27dDgu0bYArUJtkDNEXcPBcrKytLBg4ftK7N4eXvlmjTXYrHNp5HzeREaWl6hoeWVlZWVa3Xe
06fP6OjRY0pOTtG2bTvcWicAANeCpMTkfOeOCA8PcxgsxORYZjW7DU+GHLd0vlMvTXzefo6C+mbu
Qv1n3KvFmthz8iRbr4xGF4ZR9Ok9xGl7MWvWacqk9+yByJRJ7xVofg4AFxFwuLB799+a8OIbevX1
/8jPz0/NmjXWB/+dYhtOYLXm+WA3Z/Y8zZk9z2PtOHPzLTdq0pSX5e/vb79vyNBBBTr2hbETcwUc
a37/Qy+/9JZefOk5+fr6qlXr5mrVurl9LomcQxMyM7M06a3pHu294UhWVpbGjB6nr+Z+au9BYBiG
3n/vU731xtsl1lvDGcNq1c9DBqrzhfk4ZFjyzMORLbRpM9Ud+YT6vDtVd3oHa4RRVlYZ8rrw3LDI
S4a3VYa89G7KYS07d7LEr8eR1NSz+vST/+nnn1drytRX1KZty1zb//prb4Emqi0Ow2pVZpbtb52Y
mKQ/N2zW7ri/1KBhfV3XvrX8/f2VmZGpHTvj9EfMBlWoGKro6LaqXKWS/P39FBgYKMk9q+gAAIC8
+g/olWfC0eSkZEXVyz1Hh6dXV0lKTNYTo8bq449maviIe9WtW2enw1aSk5K1dOlKTX7r3UJNKOrK
A/eN1PKVCzR50rv59gSZPOldte/Q1n4bQOEQcOTjyznzlZiYpBf+PUYRtWpIkn2ZymyJiUn66L+f
a9qUDzzejiN33d1XpUsHFuoYVz7/bI4OHjisFyc+p8jIWvZac35AP7D/oF6a8KaWLinZiY+y/f7b
WrVueZPq1YtUZmaWdu6I89jkoUWRde6clg3opZs++lx+Zcu63LfaDTcquE5dLXziEX2XlaS2WYF6
1K+iahretjk4DC89lLxbWzJSNadKO53IOq/Fqcf049njJXQ1zu39e7/69RmqO3vdpufGPmFfmeS1
V6Z4/NypqWcVu22nfv5ptQ4fOqKvvvxW27btUOebb1DlyhUV1aCeTiSc1Lfz/0+fzZitsLBq6tev
p1q1bq716zbpzD8ltwoNAADXoo8/nql+A+7MtcrK+P+87nDfJx9/XtLFkGPKtFcUs2ad20IGydab
48nHn9eTsk2GGhISpIYNbT0rduzYpcQcvVIMw30Dgg8dOqK+fe4t8PDdB0pwzo1Lzf16Ya55LNZc
0oPk0rlDDuf4+xw+dMTh3CK52srR8dsdf1uz1QvPs1SrHHU5hvObjo+vj3r06Kb20W1VqVIFeft4
68zpf7R1y3Z9//2SXCuelEQ7ObVo2VRVLkyqWFjbY3fZu/w70rVbZ91wYwdVqVJJFotF8cdP6Lff
/tCi/1tapPNdi8K73qYGDwwvwFrshtaNe15ndtmGTFjs917kb/FShmHISxZlqqSH37jm4+Otoffd
rePHT2jxD8tKZHhQSEiwatYMV0pqqn0S2Zo1w3X/sMHq1ft2rY3ZoGlTP7BP7FupckWFhVXVsWPx
uYa3AAAAzwgOCdKAAb0UHBysNQVYEnXaO6+pX/879eTjz7MaBq46R467b466sCoN3NbW1YSAAygJ
FovCu96qqLvvkVdAKZe7enn7aMW9g5SRnFRCxV1d/Pz81LhJA7Vp21J74v7WqtVr3LpcLQAA8Kz2
0W2ZewJXpXnfziz0MsqOTJn0HkOYnCDgAEqaxSKfwECFNm2h4Bo1ZfH10bnTZ3Ry8yalxR+VNevy
ziECAAAAwP3aR7dVdHTbPHPTFEbMmnWazAS0ThFwAAAAAAAA0/PKfxcAAAAAAIArGwEHAAAAAAAw
PQIOAAAAAABgegQcAAAAAADA9Ag4AAAAAACA6RFwAAAAAAAA0yPgAAAAAAAApkfAAQAAAAAATI+A
AwAAAAAAmB4BBwAAAAAAMD0CDgAAAAAAYHoEHAAAAAAAwPQIOAAAAAAAgOkRcAAAAAAAANMj4AAA
AAAAAKZHwAEAAAAAAEyPgAMAAAAAAJgeAQcAAAAAADA9Ag4AAAAAAGB6BBwAAAAAAMD0CDgAAAAA
AIDpEXAAAAAAAADTI+AAAAAAAACmZzEMw7jcRQAAAAAAABQHPTgAAAAAAIDpEXAAAAAAAADTI+AA
AAAAAACmR8ABAAAAAABMj4ADAAAAAACYHgEHAAAAAAAwPQIOAAAAAABgegQcAAAAAADA9Ag4AAAA
AACA6RFwAAAAAAAA0yPgAAAAAAAApkfAAQAAAAAATI+AAwAAAAAAmB4BBwAAAAAAMD0CDgAAAAAA
YHoEHAAAAAAAwPQIOAAAAAAAgOkRcAAAAAAAANMj4AAAAAAAAKZHwAEAAAAAAEyPgAMAAAAAAJge
AQcAAAAAADA9Ag4AAAAAAGB6BBwAAAAAAMD0CDgAAAAAAIDpEXAAAAAAAADTI+AAAAAAAACmR8AB
AAAAAABMj4ADAAAAAACYHgEHAAAAAAAwPQIOAAAAAABgegQcAAAAAADA9Ag4AAAAAACA6RFwAAAA
AAAA0yPgAAAAAAAApkfAAQAAAAAATI+AAwAAAAAAmB4BBwAAAAAAMD0CDgAAAAAAYHoEHAAAAAAA
wPQIOAAAAAAAgOkRcAAAAAAAANMj4AAAAAAAAKZHwAEAAAAAAEyPgAMAAAAAAJgeAQcAAAAAADA9
Ag4AAAAAAGB6BBwAAAAAAMD0CDgAAAAAAIDpEXAAAAAAAADTI+AAAAAAAACmR8ABAAAAAABMj4AD
AAAAAACYHgEHAAAAAAAwPQIOAAAAAABgegQcAAAAAADA9Ag4AAAAAACA6RFwAAAAAAAA0yPgAAAA
AAAApkfAAQAAAAAATI+AAwAAAAAAmB4BBwAAAAAAMD0CDgAAAAAAYHoEHAAAAAAAwPQIOAAAAAAA
gOkRcAAAAAAAANMj4AAAAAAAAKZHwAEAAAAAAEyPgAMAAAAAAJgeAQcAAAAAADA9Ag4AAAAAAGB6
BBwAAAAAAMD0CDgAAAAAAIDpEXAAAAAAAADTI+AAAAAAAACmR8ABAAAAAABMj4ADAAAAAACYHgEH
AAAAAAAwPQIOAAAAAABgegQcAAAAAADA9Ag4AAAAAACA6RFwAAAAAAAA0yPgAAAAAAAApkfAAQAA
AAAATI+AAwAAAAAAmB4BBwAAAAAAMD0CDgAAAAAAYHoEHAAAAAAAwPQIOAAAAAAAgOkRcAAAAAAA
ANMj4AAAAAAAAKZHwAEAAAAAAEyPgAMAAAAAAJgeAQcAAAAAADA9Ag4AAAAAAGB6BBwAAAAAAMD0
CDgAAAAAAIDpEXAAAAAAAADTI+AAAAAAAACmR8ABAAAAAABMj4ADAAAAAACYHgEHAAAAAAAwPQIO
AAAAAABgegQcAAAAAADA9Ag4AAAAAACA6RFwAAAAAAAA0yPgAAAAAAAApkfAAQAAAAAATI+AA/CA
uLg4WSwWhz/dunW73OUBAAAAwFWHgAMAAAAAAJgeAQcAAAAAADA9Ag4AAAAAAGB6pgo49u7d63Re
A4vFouXLl1/uEl2KiYlxWvu//vWvy11evgYMGOC0/s2bN1/u8gAAAAAA1zBTBRy1a9dWp06dnG7/
4YcfSrCawlu0aJHTbb///rvi4uJKsJrCSUhI0IIFCxxua9KkiZo1a1bCFQEAAAAAcJGpAg5J6t+/
v9Ntc+bMUVpaWglWU3Dnzp3TrFmzXO7z448/llA1hbdixQplZGQ43HbXXXfJYrGUcEUAAAAAAFxk
uoCjS5cuTrclJCTo999/L8FqCi4mJkYHDx50uc+XX35ZQtUU3rfffut0G8ueAgAAAAAuN9MFHLVq
1VLnzp2dbr9Sh6n83//9X777rF27Vjt27CiBagonPj5e8+bNc7iN4SkAAAAAgCuB6QIOyfUwldmz
Z19xw1TS0tI0e/bsAu17JQ5TWbFihdNtd999N8NTAAAAAACXnSkDjltuucXptoSEBK1Zs6YEq8nf
6tWrFR8fX6B958yZI8MwPFxR4cyfP9/ptq5du5ZgJQAAAAAAOGbKgMNsw1S+++67Au+7YcOGK2qY
yvHjx1k9BQAAAABwxTNlwCHlv5pKenp6CVbjXEpKSoGHp2RbsmSJh6opPIanAAAAAADMwLQBh6vV
VOLj46+YYSo///yzEhMTC3XMlTRMheEpAAAAAAAzMG3AERER4XIujitlmMrChQsd3h8REaE2bdo4
3LZp0yZt27bNk2UVyLFjx5zWz/AUAAAAAMCVxLQBhyT169fP6bbZs2df9mEqZ86c0VdffeVw2913
363Bgwc7PXbp0qWeKqvAli9f7nQbw1MAAAAAAFcSUwccrnpwxMfHKyYmpgSryeunn37S2bNnHW67
/fbbXQ7xuBKGqbgantKtW7cSrAQAAAAAANdMHXBc6cNUnAUEderUUevWrVW/fn1df/31DvfZsmWL
tmzZ4snyXDp69Ki+//57h9uaNWumpk2blnBFAAAAAAA4Z+qAQ3I9TOVyrqaSkJCgefPmOdx2zz33
yMfHR5I0cOBAp21czmEqroan3HXXXQxPAQAAAABcUUwfcLjqwXHs2DGtXbu2BKu5aPny5crIyHC4
7bbbbrPfdjVMZfbs2bJarW6vrSCchTMSq6cAAAAAAK48pg84IiIiXC4Ze7mGqXzzzTcO72/cuLFa
tGhh/z0yMlKdOnVyuG9sbKw2b97skfpcOXLkiBYtWuRwG8NTAAAAAABXIp/LXYA79O3bV8uWLXO4
bfbs2Xr55Zfl7+9fYvUcPXrU6fKqgwcPlpdX7lxp4MCB+umnnxzuv2TJErVs2dLtNbpypQxPycrK
0u7duxUXF6ft27crNjZWJ06cUEJCgo4fPy6r1apq1aqpYsWKqlSpkpo0aaLGjRurfv36qlu3bp7H
GbllZmZq9+7d2rNnj3bt2qXt27crPj5ep06dUkJCgk6ePKnKlSsrNDRU5cuXV/369VWvXj3VqVNH
LVu2VKVKlS73JTiVnp6uXbt2ac+ePdqxY4d27NihkydP6tSpUzp+/LjOnz+vqlWrqkKFCgoNDVVU
VJQaNmyoevXqKSoqSsHBwZe1/ri4OEVFRTncNn36dI0cObLAbaWlpenPP//Uzp07tXv3bu3YscP+
942Pj1f58uVVsWJFVahQQfXr11ejRo0UFRWl1q1bq0yZMu66JIdSUlK0efNm+3Nw586dOnnypBIS
EhQfHy8/Pz+VK1dOVapUUWRkpCIjI9W0aVM1adJEtWvX9mhtnsBrGgAAgGddFQFHfsNUYmJidOON
N5ZYPT/++KPTbd27d89zn6seKLNnz9Zzzz0nb29vt9RWEM56n0ieH55iGIY2bdqkJUuWaPbs2dq5
c6fL/U+dOmW/nXNJ3iZNmmjw4MHq1q2bmjRpwpwhF6Snp2vt2rX68ccf9dVXX2n//v0u99+3b5/2
7dsnSXlCxK5du+r2229Xr169FBYW5rGaCyo1NVW///67Fi9erK+++krx8fEu9z9z5ozD+wMDAzVw
4EDddtttuummm1SuXDlPlOtR58+f17Jly7Rw4UJ9++23Tq9Vks6ePavDhw9Lyh1uBgUFacCAAerV
q5e6dOlinzeouFJTU7V06VItWbJE8+bNU2Jiosv9T506pb/++ku//fZbrvvbtWunAQMGqH///lfE
888ZXtMAAABKkHGV6NKliyHJ4c/TTz9dorV07drVYR0tWrQwrFarw2O6devmtP5169aVWO2HDh1y
WkezZs2c1l9cVqvVWLZsmdG5c2en5y/qT48ePYzVq1d7pG5ndu3a5bSerl27lmgthmEYiYmJxkcf
fWTUqVPH7Y+vr6+v8dBDDxkbN24s8esyDMM4ffq08c477xjVq1d3+7WFhIQY48ePNw4dOlSi1+Tq
+TN9+nSnx6WlpRmffPKJ0bBhQ7c+Dm3atDHmz59vZGZmFvmaEhISjLffftuoUaOG259/Tz75pHHk
yJEi1+YJV9trGgAAgBlcNQHHRx995PTNYFhYmJGenl4idezbt89pHZMnT3Z63IwZM5weN2HChBKp
3TAM49NPP3VaxxtvvOGRc65bt87o1KmT2z8EXPrTs2dPY8eOHR65hktdKQFHenq6MX36dKNq1aoe
f3wlGU8++aQRHx9fItd29uxZY/LkyUbFihU9fl0BAQHGc889Z5w+fbpErq0oAcfq1auNNm3aePRx
6NWrl3Hw4MFCXUtmZqYxa9Yso3Llyh6trVy5csZnn33msRC2MK7G1zQAAAAzuGoCjv3797t8I/jL
L7+USB0ffPCB0xq2b9/u9LjDhw87Pa5evXpGRkZGidTvqifJli1b3HqutLQ049VXX/X4h4CcP4GB
gcaHH37o8cfzSgg4Nm7caPzrX/8q0cdXklG1alVj6dKlHr22devWGe3atSvxa6tTp46xePFij16b
YRQu4MjIyDBeeumlEnsMKleubCxfvrxA13HgwAHjjjvuKNG/0dChQ42UlBRP/FnydTW/pgEAAJjB
VRNwGMaVMUylY8eODs9/3XXX5Xusqw8Ca9eu9XjtBw8edHp+dw9POXz4sNPHqiR+evfu7dFv4y9n
wGG1Wo0pU6Zctsc2+2fKlClGVlaWW68tKyvLePPNNy/7tT322GNGWlqaW68tp4IGHElJScbgwYNL
/PoDAgLyDXo2bNhg1KpV67L8fW699VbjzJkzHvv7OHK1v6YBAACYwVUxyWi2fv36OV1NZc6cOZo4
caJHV1OJi4vTqlWrHG67++678z2+b9+++v777x1uW7x4sdq1a1es+vLjanJUd66eEhcXp969e2vH
jh0F2r9OnTrq2rWrWrZsqfDwcFWsWFEBAQGyWCxKS0vTyZMndfjwYW3cuFHLli1TXFxcvm1+++23
OnnypL7++mtVqVKluJd0xTh37pyefvppTZ8+vcDHVK1aVV27dlXTpk1Vv359lStXTqVLl1ZAQIDO
nj2rlJQUHTx4UHFxcVq+fLliYmIK1O7o0aN16tQpTZw40S3PnfT0dD311FN6//33C3xM/fr11blz
ZzVp0kR16tRRcHCwypQpIy8vL6WkpCglJUX79u1TbGysVq9erfXr1xeo3enTp+vgwYOaMWOGypcv
X9RLKpZz585p2LBhmjt3rsv9atSooa5du6p169YKDw9XpUqVVKpUKfn4+Cg9PV2JiYk6cuSItm7d
quXLl2vDhg35njs9PV09e/bUihUr1LFjxzzbly9frj59+ig5OTnftrp166YOHTqoXr16CgsLU1BQ
kAICApSZmamzZ8/q+PHj2rt3r2JiYrRw4UKlp6fn2+bixYs1fPhwzZo1q0RW0OI1DQAA4ApxuRMW
d7rcw1SmTZvm9Nx79uzJ9/jjx487PT4yMtLjXZBd9YBx1/CUrVu3FmgyyICAAOPxxx83/vjjj0Jd
d1ZWlrFx40bjueeeM4KCgvI9T7NmzTwygeTl6MGRkpJi9O7du8DfwI8ePdr45ZdfCj0/zb59+4zp
06cb9erVK9C5Jk2aVOxrS05ONnr27Fmg84WGhhovvviisX79+kJPirlz505j2rRpRmRkZIHO1a5d
O+PYsWPFvr5L5deDw2q1Go888ojL2kaMGGGsXr3aOH/+fIHPa7VajdjYWOPZZ581AgIC8r3+yMhI
4/jx47na2LBhgxESEuLyuBYtWhgzZ87Mc2x+Tp8+bfzvf/8zmjdvXqC/zwsvvFCo9oviWnlNAwAA
MIOrKuAwDOcrmEgynnnmGY+d12q1Op3g78YbbyxwO3379nVa/5o1azxWv6twqHnz5m4ZnnL06FGj
QYMG+b5BHzFihHHgwIFin+/YsWPG6NGj8z1fp06djOTk5GKfL6eSDjgyMjKM+++/P99r9fX1NcaN
G+eWD0Dp6enG559/boSFheV73u+//75Y1zZ06NB8zxEUFGS88cYbRkJCQrGvLSUlxfj0008LtOJH
586dS/T5M336dGP27NlOt/ft29fYtWtXsWvYvXu30aNHj3yvf9CgQfZjDhw4YERERDjdt3r16sbs
2bOLHdampaUZU6dONXx9ffOtb9WqVcV9KJy6ll7TAAAAzOCqCzg+/vhjp2/6PLmaytatW52e98MP
PyxwO19++aXTdjz5baSrVWjcsXpKamqqyx4i2X+fH374wQ1Xk9uqVavy7W0wfPhwt84XUdIBx7//
/e98P/R07NjR7RPFGoZt+c/85oGoXr26cfTo0SK1X5Br69q1qxEXF+fmK7P1qipIuDJkyBC39rBy
9fwZNWqUw5VjfH19jY8++sitc+WcO3fOGDt2bIFChKysLJc9iHr06FHk54Azv/32W76rs1x33XUe
6f12rb2mAQAAmMFVF3AcOHDA5Zu+X3/91SPnfeONN5yec9++fQVuJyEhwem3khEREYXqbl4Ynh6e
Mm7cOJd/lxYtWhh//fWXG67EsSNHjhg33nijyxq++OILt52vJAOOhQsX5vsBdNSoUR5dKjkzM9Pl
vwGpcEFftoJc27PPPuuxfxeGYeud5Wp1pOwfZ8u3FoWr54+jn6CgIGPlypVuO39OVqvVePbZZ12e
v2vXrsasWbOcbh82bJjHnn/r1683AgMDXdY3f/58t5/3WntNAwAAMIOrLuAwDNfDVJ599lm3ny8r
K8to0qSJ2z7MDho0yGn9v/32m9vr37dvn9PzuWN4ysaNG12+CW/VqpVH5jG41JkzZ4wbqMFbAAAg
AElEQVROnTo5raNq1apuq6OkAo4TJ07kO4zi5ZdfLrFvct96660854+IiDAWLVpU6LYKcm1vvvmm
W3ssuPLNN9+4HBIRFBRk7N692y3nKmzAsWLFCrec15mzZ88a119/vcsanD02gwYNMs6dO+fR+lz1
QJNsw4jc6Vp8TQMAADCDqzLg+OSTT5y+4atevbrb32xv2LDB6flmzJhR6Pa++eYbp+2NHTvWrbUb
hmH897//dXq+4g5POX/+vMtvGSMiItwyNr2gTpw44TSMkmQ89NBDbjlPSQUcDz74oMsPWk899VSJ
BQCGYfu2f8yYMfbzDxkypNATSWbL79o8EVbmx9W/Fck2DKOwE5s6UpiA44MPPnDDleVvx44dBZrk
MudPixYtSmS51szMTKN///4ua9m2bZtbznWtvqYBAACYwVUZcOQ3TMXdk85NmDDB6bkOHz5c6PZO
nz7tdAWDGjVquD2g6dy5s9P6izs8Zf78+S7/Fp4aMuTK5s2bXXZp37p1a7HPURIBx7p161w+tj17
9vTosBRnUlNTja5duxpffvllkcOV/K7tzjvvvCzXZrVajVGjRrmsbfHixcU+T0EDDncFKgX1zDPP
FCrg8OTEyJfatGmTy1reeecdt5znWn1NAwAAMAMvXYVq1Kihbt26Od2+ePFit50rMzNTs2fPdrit
Z8+eCgsLK3Sb5cqVU//+/R1uO3jwoP74449Ct+nM3r17tXLlSofbmjdvriZNmhS5bavVqmnTpjnd
PnbsWHXs2LHI7RdVs2bNNHHiRKfbP/nkkxKspujeeecdp9tCQkI0bdo0+fv7l2BFNoGBgVq8eLEG
Dhwoi8VSpDbyu7apU6delmuzWCyaMGGC6tSp43SfyZMnyzCMEqnnlVdekbe3d4mcS5IGDx5c4H0f
eughtW/f3oPV5Na8eXOXr/tLliwp9jl4TQMAALiyXZUBhyT17dvX6bZZs2bp/PnzbjnPhg0btHv3
7kLXkJ9evXo53fbDDz8Uud1LLVu2zOm2QYMGFfkDqiT9+uuvWr16tcNtYWFhevrpp4vcdnE9/PDD
aty4scNtH3zwgQ4fPlzCFRXOtm3bNGvWLKfbX331VUVERJRgRbl5eRX9pSW/a3vttdcu67WVLVtW
b775ptPtK1eu1KpVqzxex7Bhw4oVQBZFkyZNdPvttxdo38cff9zD1eT14IMPOt22YsUKpaWlFat9
XtMAAACubFdtwNGlSxen2w4fPqx169b9P3t3Hl1Fle59/BcgkKQJAQmEkAARApEgk8woMkNEQBCR
WRkUaEdaadt27L5tey8NYrfii4IN2AKCIoOCyCAgUxjCPMdgmCTMCQRCkCT1/sFNbpAzJmeqk+9n
rawF2VW7ntpVtU/qObV3uWQ7S5cutVrWtWvXItfbsWNHhYaGWiybPXu2bty4UeS6C/vyyy+tltn6
NtQRc+fOtVr26quvqlKlSsWqvziCg4P1+uuvWyy7efOmlixZ4uGInGOrbevUqaMRI0Z4MBrXsrdv
w4cP92A0lvXp00cPPPCA1fLPP//c7TE88cQTbt+GJd27d7e7TJ8+fXTPPfd4IJrb2Xpi5ObNm0pJ
SSlW/fRpAAAAvs1vExw1atRw+zCVX3/91eqNzOOPP66IiIgi1x0WFqYBAwZYLPvll1+UmJhY5Lrz
HT16VGvXrrVYVtzhKdeuXdNXX31lsSwoKMjqvnlS7969FRkZabHMl28GcnJyNG/ePKvl48aNU3Bw
sAcjch2z7FtAQICef/55q+Vffvmlrl696rbtx8bGqm3btm6r35bGjRvbXWbgwIEeiOROERERNvut
1NTUItdNnwYAAOD7/DbBIdkeIjJnzpxiD1NJTEzUiRMnLJY9+uijxapbujWHhzWuGKZia3jK4MGD
izU8JTExUZcvX7ZYNmzYMFWpUqXIdbtKSEiIRo4cabFs1apVOn36tIcjckxSUpKOHTtmsSwwMNBr
N5euYKZ969Wrl9WbyczMTKtDGVyhb9++Hp17o7AGDRrYXcZbyRdJ6tChg9Wys2fPFrle+jQAAADf
59cJDlvDVE6cOFHsYSrffvutxd8HBQWpS5cuxapbuvWHelhYmMWyOXPmKDs7u1j12xqe4shj6Lb8
+OOPVsuKO/TFlWwdJ1c8JeMOa9assVr2yCOPKDw83IPRuJaZ9i04OFj9+vWzWm5rX4qrdevWbqvb
nrvuusvmJKsNGzZUjRo1PBjR7WwNjUlLSytyvfRpAAAAvs+vExz2hqkUZ1b969evW50I8bHHHlPl
ypWLXHe+8uXLa/DgwRbL0tLStHnz5iLXnZKSonXr1lksK+7wFEnauXOn1bJWrVoVq25Xat68uQID
Ay2WHTp0yMPROGbHjh1Wyx5++GEPRuJ6Zts3W/PsuGqeH0u8Mb9FYbaG33nyzSmWVKhQwWpZZmZm
keulTwMAAPB9fp3gkKT+/ftbLZs9e7Zu3rxZpHo3btxo9XFnVwxPyWdrmIqtCU7tWbFihdWy4g5P
yc3NtfpNYWxsbJFenesu5cuXtzpZ5IEDBzwcjX2GYWjTpk1Wy++77z4PRuNaZty3pk2bWi3btm1b
sZ+yssabT0hIspnArVu3rgcjuZOtBEdR36JCnwYAAGAOfp/gsPUNa3GGqVibsC0kJEQdO3YsUp2W
tGvXzurNxNy5c4v8B/v8+fOtlhV3eMrJkyeVnp5usaxly5bFqtsdmjRpYvH3W7du9XAk9p06dcrm
PAK1a9f2YDSuZcZ9q169utU3Z2RnZxdrUktrIiIirL5hyVNsvS2kWrVqHozkTrbapqhvn6JPAwAA
MAe/T3DUqFFDDz30kNXyogxTuXr1qtXXBQ4ePFgVK1Z0uk5rQkJCNHToUItlZ8+e1caNG52uMzk5
2eoEiE2bNi328JTz589bLbv77ruLVbc71KpVy+LvU1NTi5xAchdbCYAmTZqofPnyHozGtcy4b6VL
l7Y5H0ZxJrW0pmbNmi6v01m/+93vrJZ581Wp0q05kKzJy8srUp30aQAAAObg9wkOyf7bVJwdprJu
3Tqr3+bZGlJSVL169bJaVpRhKrbenjJo0KBiDU+Rbr1O0Zq///3vCggI8KmfcePGFWlfvMHWq0d9
4ca3OMy6b9WrV7da5o5XxdpKLviCsmXLejsEl6NPAwAAMIcSkeCwNUzl2LFj2r59u1P1LV682OLv
w8LC1L59e6fqcsT9999v9XWUc+bMUVZWllP12Rqe4oq3Abjjps5bnG1bd7PVttbeuGMWZt03W3M+
uONaKFeunMvrdCVrE1yaGX0aAACAOZSIBIe9YSrfffedw3VlZGToiy++sFg2ZMgQt4yNDwoK0pAh
QyyWXbx40epwE0uOHDlidVhL06ZNde+99xYpxsL86RtCX7sZsBWPt+dlKC6z7putoTP+dGNcktGn
AQAAmEOJSHBItt+mMnfuXIeHqfzwww9W/0Ds3bt3kWJzRM+ePa2Wffvttw7X4+7hKZLvf8PsjFKl
fOsSsfXteFHfCOQrbA1t+PXXXz0YiXNsxeZP10JJ5k/H0df6NAAAAFcqMX/p2Bqmkpqa6vAwlYUL
F1r8fZUqVfTggw8WKTZHtG7dWtHR0RbL5s6d6/A3jNaePpFcMzxF8v05Apxha8JCb7D1tMDly5c9
GInr2Tpvrly54sFInJOZmWm1zBcnRoXz6NMAAADMocQkOKKjo9WjRw+r5Y4MU7lw4YK++uori2VD
hgxRcHBwkeOzp1y5cho2bJjFsvT0dK1fv95uHYcPH1ZiYqLFMlcNT5FsDyd44403ZBiGaX58bXJL
W21rbeJbszDrvmVkZFgtI8HhH+jTAAAAzKHEJDgk229TmTt3rnJycmyuv2rVKqvDANw5PCXfww8/
bLXsm2++sbv+ihUrrJYNHjzYJcNTJNsTQp48edIl2yipbLXt3r17ZRiGB6NxLVv7tnPnziK/4tPd
Dhw4YLXMla+MhvfQpwEAAJhDiUpwFHeYirWnNyIjI9W2bdtixeaIVq1a6e6777ZY9sUXX9id0HDe
vHlWy7p3716s2AqLiYmxOlfE7t27XbadkshW2549e1ZpaWkejsh1bO3bxYsX9csvv3g4IvsyMzO1
Z88eq+XWrleYC30aAACAOZSoBEdxhqmcPn1aixYtslg2bNgwj0xCV6ZMGQ0dOtRi2eXLl/Xjjz9a
XffgwYPasmWLxTJXDk+RpODgYLVq1cpi2Z49e3ThwgWXbauksdW2kpScnOzBaFzLjPuWkpJitSw2
Nlbh4eEejAbuQp8GAABgDiUqwSHZfpvKnDlzrA5TsfX2kV69ehU7LkfZGqayZMkSq2WeGp6Sr3nz
5lbLduzY4dJtlTS22taRuVh8ma19W7t2rQcjcYyt9m7Tpo0HI4G70acBAAD4vhKX4OjSpYvVstTU
VCUlJVksmz9/vsXfx8TE2PzW2dWaNWumevXqWSybN2+exbdNGIZh8+0prhyeku/++++3WrZq1SqX
b68ksTUcasGCBaaeh8PWebNgwQKfm4fDVlKxXbt2HowE7kafBgAA4PtKXIIjOjpaPXv2tFpuaZjK
8ePH9f3331tcfujQoVbHZruDrWEqmZmZWrdu3R2/P3TokNX5RVw9PCVfhw4drLbLrFmzTP9KU2/q
0KGD1bJ9+/ZZTdKZga3z5siRI1bfAuQNR44csflUSefOnT0YDdyNPg0AAMD3lbgEhyT169fPapml
t6lYS25ItoeMuIuteUQsvU3FVvzuGJ4iSeHh4erTp4/FsosXL2rhwoUu32ZJUaVKFfXt29dq+bRp
0zwYjWvZOm8k6eOPP/ZgNLbNmDHDalm7du1Uu3ZtD0YDd6NPAwAA8H0lMsFh620qR48eveMbcGtv
H6lXr57NcdnuYuupiy+++OK2bxLtDU9JSEhweXz5BgwYYLXsb3/7mzIzM922bX9nq20//fRTn5yQ
01G29m327Nnav3+/B6Ox7PTp05o6darVcmtPWcHc6NMAAAB8W4lMcERFRdkcprJ8+fKCfycnJ1sc
9iHduokpU6aMy+Ozp1SpUhoyZIjFsqysrNsemz9w4IDVIQvNmjVTgwYN3BKjJPXs2dNqIiY1NVX/
/Oc/3bZtf9e7d2+rc7FI0p///GfTzsVh67yRbu1bbm6uByO6k62b2cjISJs3wjAv+jQAAADfViIT
HJL02GOPWS0r/DYVW8M7bA0VcbeHHnrIatnixYsL/m0r/kGDBrlleEq+cuXK6Y9//KPV8rfeesun
5lQwk+DgYL3yyitWyxcuXKgvv/zSgxHd7vjx40Ve1955s3TpUptPJbnbunXrbA6VeemllxQWFubB
iOAp9GkAAAC+rcQmOGy9TeXo0aPasWOHDMPQ3LlzLS5z7733qmnTpu4Kz65GjRqpSZMmFsvmz5+v
9PR0GYZhdXiN5J63p/xW//791bBhQ6vlQ4YM0YkTJ9wehzXHjh0r1s24Nw0YMECxsbFWy8eMGaM9
e/Z4MKJbUlNT1apVK40ePVoXLlwoUh32zptnnnlGu3btKmqIRXby5EmNHDnSanlkZKSGDx/uwYjg
afRpAAAAvqvEJjiioqLUq1cvq+XLly/XgQMHtHXrVovlQ4cOValS3mu+gIAAq8NUsrOztWbNGu3b
t087duywuIy7h6fkCw4O1ocffmi1PDU1Vf369dPp06fdHstvnTx5Ur1799agQYOUnp7u8e0XV/ny
5fXBBx9YLb98+bIef/xxnTx50mMxXb58WaNGjdLZs2c1ffp0tW7dukiv0AwODra5b5mZmRo4cKDH
9+3JJ59Uamqq1WUmT56s8PBwj8UEz6NPAwAA8F0lNsEh2X6bypw5cyy+kSSfrSEinmJvmIo3h6cU
1r59e40fP95qeVJSkh5++GEdOXLEI/FIt16nmpCQoH379ikxMVGjR4/WjRs3PLZ9V3nooYc0evRo
q+XJycnq2rWrDh486PZYMjMzNXjw4NvmgDl69Ki6deuml19+2enXaHbo0EEvvfSS1fLk5GQlJCR4
5Lw5f/68+vXrZ/O1sP3792fujRKipPVpFy5c0LJly/TZZ59p2bJlRX4yy4x1AgAAkzFKsF9++cWQ
ZPUnJCTE4u+bNWtm5OXleTt8Iy8vz2jRooXFGIOCgoy4uDir+7Zv3z6PxpqRkWG0atXKZntXqVLF
WLx4sVvjyMvLM+bNm2dUqlTpju2/9NJLLjuuhw8ftrqf3bt3d8k28p09e9aoX7++zbaNiIgwli5d
6tLtFpaammp07NjRZgwfffSR0/Wmp6dbPcfzf6Kjo43Vq1e7Ya9u2bNnj9G8eXObMcTExBjHjx93
2TY9ef4UxTPPPGM1vrVr13o1ts2bN1uNbeTIkS7bTkno0/Ly8oz/9//+nxEWFnZbvWFhYcaUKVOM
3Nxcv60TAACYU4lOcBiGYfTq1cvmH6iWfiZPnuztsAv885//dDp+byVojh07ZtSpU8dufCNHjjRS
U1Ndvv0jR44YAwYMsLntDz74wCXb8vQN6oEDB4wqVarYbdsxY8YYaWlpLtvuzZs3jXnz5hmRkZE2
t9u9e3fjxo0bRdrGzz//bMTExNjdt/HjxxuXLl1y2b5lZWUZ77//vhEUFGRzu6Ghoca2bdtctl3D
IMFRHJ5KcBiG//dpEydOtFn3X//6V7+tEwAAmFOJT3B89tlnTicIDh486O2wC9i6EbL2M2nSJK/F
u3v3bqNy5cp2YwwKCjL+9Kc/GXv37i3W9vLy8oydO3cazz33nENtM336dJfspzduUNetW2f3Zjz/
hvytt94yTpw4UeRtZWdnG999953dpzakW09Y/Pzzz8Xat+3bt9/x7ayln4iICGPSpEnG+fPni7yt
zMxMY+bMmTafgCr8s2TJkmLtmyUkOIrOkwkOw/DfPu3IkSMO1Z+UlOR3dQIAAPMq8QkOe8NUfvvT
pk0bb4d8hwceeMCpfdi/f79X4929e7cRGxvrcLzt2rUzJk+ebGzevNmhb+gvXbpkrF+/3pg4caLd
4Q2Ff9577z2X7aO3blB/+OEHh2628n969uxp/Pvf/zb27t1rXLt2zWbdFy5cMNasWWO8/fbbDh+/
KlWqGDt37nTJvm3dutWIjo52aLtBQUHGkCFDjC+//NJITk42fv31V6v15ubmGseOHTOWLl1qPPPM
MxYf9bf0ExIS4pbkhmGQ4CgOTyc4DMM/+7T33nvPoW28/vrrflcnAAAwrzIq4apXr67evXvbnFC0
sMGDB7s5IucNHDhQGzdudGjZZs2aKT4+3s0R2da4cWOtWbNGgwcPdijuDRs2aMOGDQX/r1OnjuLi
4lSlShWFhIQoICBAmZmZSk9P1969e51+RWNgYKA++eQTjRgxwul98TWdOnXS2rVr9dhjjyk5Odnu
8kuXLtXSpUsl3WqHZs2aKTIyUpUqVVJwcLCuXr2qjIwM7d+/X0ePHnUqloiICC1evNhlr1Nu2bKl
1q5dq/79+2v37t02l83OztacOXM0Z84cSVJoaKhatGih8PBwVaxYUaVLl1ZGRoYuXbqk3bt36+zZ
s07FEhUVpQULFqh169ZF3h/4D3/s03766SeHljtw4IDf1QkAAMyrxCc4pFtvU3E0wZGQkODmaJzX
vXt3h5f15NtTbKlRo4aWLVum//mf/9F///d/O7Xu0aNHnb7ZtqZOnTqaNWuWHnjgAZfU5wsaNmyo
tWvX6o9//KPmzp3r8Ho3b97Uli1bXBLDAw88oFmzZqlOnTouqS9fbGysVq1apTfffFMff/yxw+tl
ZmZqzZo1LomhT58+ev/99xUTE+OS+uAf/K1Pc/Q16M68Lt0sdQIAAPPiE19Sly5dHFquY8eOio2N
dXM0zouNjVXHjh0dWtaXEjQVKlTQu+++q8TERLVo0cLj2//DH/6g7du3+1VyI1/16tU1e/ZsLViw
QNHR0R7bbmBgoF5//XUtX77c5cmNfOHh4Zo6daq+++47t23DkkqVKmnmzJlasGAByQ1Y5E99Wv36
9R1arlGjRn5XJwAAMC8SHPq/YSr2DBw40APRFI0jsTVv3tzrw1Msad26tTZs2KB58+apefPmbt/e
0KFDlZSUpMmTJ6tSpUpu3563BAQEqF+/ftq9e7fef/99tyc68oeOvPPOOypfvrxbtyVJDz30kHbs
2KEpU6a4NeFQqVIl/e1vf9PBgwc1fPhwlS5d2m3bgn/whz6tZ8+eCgoKsrvcY4895nd1AgAA8yLB
8b/69etndxlnhoJ4Wrdu3ewu4yvDUywpV66cBgwYoMTERC1btkxDhw5VSEiIy+qPiYnRW2+9pX37
9unzzz9Xs2bNXFa3r6tcubLGjRungwcP6t///rc6derksrorVaqkP/3pT9q7d6++/PJLjyfQwsLC
9Oyzz2rfvn2aMWOGOnfu7LK6mzVrpvfff1/Jycl64403VK1aNZfVDf9n9j4tJiZG7733ns1lJk2a
pAYNGvhdnQAAwLyYg+N/2RumkpCQoFq1ankoGufFxMSoe/fuWrFihdVlfDlBk69MmTLq0aOHevTo
oSlTpmjjxo368ccflZSUpMTERGVnZztUT0hIiLp27aoHH3xQLVu2VMuWLVW2bFk3R+/bQkNDNXLk
SI0cOVInTpzQunXrtGHDBm3ZskX79+93qI7AwEC1bNlSXbp0Ufv27dWiRQuPPK1hT/ny5TVixAiN
GDFCx44d0+rVq7Vx40YlJiY6NNmqdGvi0Pvvv19t27ZVly5dFB8f77MJQZiHmfu03//+9ypbtqxe
eeUVpaenF/y+UqVKmjBhgp566im/rRMAAJhTgGEYhreDABxx48YNHT9+XGfPntXVq1d17do1Xbt2
TQEBAQoODlZwcLDCw8MVHR2tatWqqUwZ8neOysjIUGpqqtLT03X16lVdvXpVN27cUHBwsEJCQlSh
QgVFRUWpZs2aKleunLfDdcq5c+d0/PhxXb58WVevXlVmZqby8vJUvnx5hYaGKjQ0VDVq1FBUVBQJ
DXiUWfq0ixcvKjExURcvXlR4eLhat26typUrl4g6AQCAuZDgAAAAAAAApsccHAAAAAAAwPRIcAAA
AAAAANMjwQEAAAAAAEyPBAcAAAAAADA9EhwAAAAAAMD0SHAAAAAAAADTI8EBAAAAAABMjwQHAAAA
AAAwPRIcAAAAAADA9EhwAAAAAAAA0yPBAQAAAAAATI8EBwAAAAAAMD0SHAAAAAAAwPRIcAAAAAAA
ANMjwQEAAAAAAEyPBAcAAAAAADA9EhwAAAAAAMD0SHAAAAAAAADTI8EBAAAAAABMjwQHAAAAAAAw
PRIcAAAAAADA9EhwAAAAAAAA0yPBAQAAAAAATI8EBwAAAAAAMD0SHAAAAAAAwPRIcAAAAAAAANMj
wQEAAAAAAEyPBAcAAAAAADA9EhwAAAAAAMD0SHAAAAAAAADTI8EBAAAAAABMjwQHAAAAAAAwPRIc
AAAAAADA9EhwAAAAAAAA0yPBAQAAAAAATI8EBwAAAAAAMD0SHAAAAAAAwPRIcAAAAAAAANMjwQEA
AAAAAEyPBAcAAAAAADA9EhwAAAAAAMD0SHAAAAAAAADTI8EBAAAAAABMjwQHAAAAAAAwPRIcAAAA
AADA9EhwAAAAAAAA0yPBAQAAAAAATI8EBwAAAAAAMD0SHAAAAAAAwPRIcAAAAAAAANMjwQEAAAAA
AEyPBAcAAHCr6dOnKyAgQI8//ri3QwEAAH6MBAcAAHCrr776SpL06KOPejkSAADgzwIMwzC8HQQA
APBPqampql27tgIDA3X69GmFh4d7OyQAAOCneILDhkWLFql27dp68sknlZWV5ZI6N27cqLFjxyo+
Pl4VK1bUfffdp1dffVVHjhxxSf0ovilTpiggIEDR0dFWl3HHuQHvc+TYw79wzN1vxYoVkqT+/fuT
3IDTzHiNujtmM7YJAHhKGW8H4KtycnL09NNP6+LFi0pNTVWPHj00YMCAYtU5ceJEvfLKK7f9bteu
Xdq1a5e+/vprHTp0SGXKcEh8nTvODQDwV/Pnz5fE8BQAAOB+prqbzs3NLUgATJgw4Y5kgTsVN/Gw
Zs2agni7du2q559/XtHR0Tp37py+/fZb1a5dm+SGSXHcAMCyn376SevWrVNQUJA6derk7XAAAICf
487MijJlymj69Ol6+eWX9eCDD6pHjx7Fqu/jjz+WJLVp00bffvutypUrV1DWvXt35eTkFKt+eI6r
zw0A8Ff5w1MGDBigSpUqeTkaAADg75iDw4a+ffvq559/1qxZsxQcHFzkenJycrRs2TJJ0tixY29L
buTjKQBzcdW5UVJduHBBAQEBCggI0PLly70dDoBCXHl9zp07V9KtPhMAAMDdSHB4QGZmZsFElDVq
1PByNAAAuN+hQ4eUmJio0NBQdejQwdvhAACAEoAEhwfk5uYW/DsoKMiLkQAA4Bnff/+9JGngwIEK
CwvzcjQAAKAkIMEBAABcyjCMguEpjzzyiJejAQAAJYVfJzjOnj2r6dOna8iQIWrQoIEqVqyo6Oho
tW3bVi+88ILmzJmjs2fPWl2/OO8ZX7x4ccEY5ipVqhT8vm3btgW/z/8JDw+3Ws/Nmze1fPlyjRs3
Tq1bt1Z4eLiqVq2qNm3a6A9/+INWrFjh8ASl+fvTuXPngt9lZmbq66+/1pNPPqm2bdvq2WeftbvO
tWvXtHjxYg0fPlytW7fWXXfdpdq1a6t///6aMWOGLl++bHH7J0+e1AcffKA+ffro7rvvVoUKFdSg
QQMNGzZMs2fPLhjGY8+zzz6rgIAAPf744w4tn2/+/PkFbX716lWn1v0tR86NorS3o9zdBpZiv3Hj
hlatWqXnnntOHTt2VPXq1VWrVi117txZ77zzjg4fPmxz29auiR49ejh8TfjCsS/MMAxNmDChoO5p
06YVqR5fvM4Ku3z5smbPnq1hw4YpPj5eFSpUUO3atdW3b19NmTJFp06d8ov9zC8GzfEAACAASURB
VGcYhnbt2qU333xT3bt3V61atVS1alU98MADeuWVV7R27Vrl5eU5VJenztkjR45o2rRpGjZsmFq0
aKGqVauqevXqatOmjV5++WWtWrXqtqcJf8sV12dh+/fvV1JSksLCwtS+ffvbynz9PHDn+V7cftSS
4h57ezH70rHJ58prNJ8r29GSwse+ffv2qlatWrGPvaOc+axy9/nkjmvAFk/0wcW93yjMnf2Pq/4G
BXyeYSI5OTmGJEOSMWHCBJvLzp4926hcuXLB8rZ+xo0bZ1y8ePGOOj788ENDkhEVFeV0rIsWLXJo
25KMypUrW6wjKSnJaNq0qd31W7RoYezevdtuTPn706lTJ8MwDGPLli1GbGzsbXWNHDnS5jpbt241
7r33Xpvx1KtXz9i5c2dBHbm5ucbUqVONoKAgm+vFxcUZSUlJdvfjmWeeMSQZ/fv3t7tsYfPmzSvY
VmZmpt12snXcnVnGmfZ2lKfaID/2ffv2GW3atLF7Lr711lvGjRs3LNbpimvCF459vtzcXOPNN98s
qHfatGlOxWRpu750neVbunSpER0dbbPOkJAQ41//+peRm5truv387TG/dOmS8dRTT9k9Rzt16mSk
pKTYrd/d5+z+/fuNgQMHOnRdPfTQQ8bJkyct1uOK67OwCRMmGJKMZ5555o4yXzwP8rnzfHdFP1qY
q469rZh94di4+xp1Zzvmx7x7926XHnt3fFZ54nxy9TXgCHf3wa6438jnzv7HlX+DAr7OL1/dkZ/5
lKTGjRtr9OjRatiwoSpWrKibN2/q4sWL2rt3r+bNm6ekpCR99913euedd1waQ4cOHXTgwAFJUkZG
hu6//35Jt14X265du9uWLVXqzgdpPvvsM40dO1bZ2dkKCgrSyJEj1a1bN1WvXl2GYej06dP6/vvv
NWPGDG3fvl1t27bVp59+qkGDBjkU37Zt29ShQwdlZ2dr+PDh6tmzp2rWrKmIiAir62zcuFGdOnXS
zZs3NXz4cPXq1Us1atRQYGCg0tLStHz5cn344YdKTk5W+/bttXHjRjVs2FDPPfecpk6dKunWW2QS
EhIUFRWl0qVL65dfftG3336radOm6ciRI+rcubM2b96s+Ph4h/bDLIrS3r5i+/bt6tChg7KysvTI
I4+oX79+qlu3rkJCQnT58mXt2LFDH330kVJSUvRf//VfSk9P17/+9S8FBATcVk9xrwlfkpOTo1df
fVXvvfeeJGnatGl6+umnXVK3L11nEyZM0KuvvipJatKkiUaNGqXGjRsrLCxMWVlZOnLkiObPn6/l
y5frxRdf1K5duzR16lSH5hrypf3Md/HiRXXv3l07duxQZGSkxowZo5YtW6patWq6du2aTpw4oXnz
5unbb7/VmjVrdP/992vu3Lnq1KmTQ/W72oYNG5SQkKCsrCwFBQVp4MCB6tixo2rXrq0KFSroxo0b
Sk1N1cKFCwuO02OPPaYVK1bcMSeGK69Po9DwlN69e9tc1pfOA3ee767qR/O58tib4djkc/U16ol2
dPWxd4ajn1X+3g7u4sr7DXf2P2b+GxQoEm9nWJzhyBMcV65cKcikDhw40Lh27ZrV+vLy8ozly5cb
33zzjcXy4jzBUdj58+cL4v7uu+/sLr9q1aqC5bt27WocO3bM6rJHjx41HnzwwYLlN2zYYHXZ/P1p
3ry50aJFCyMqKsrYtGmTzVjy14mLizPuvvtuIzo62uY6mzdvLmj/hIQEY+rUqYYko06dOsaOHTus
rrdy5UojJCTEkGR07NjRyMvLs7qsL3yL78wyzrS3ozzVBvHx8Ua9evWMypUrG8uWLbO6/OXLl41B
gwYV1G1rWcNw/prI5wvHPjs72xg7dqzdb8Oc4YvX2ZdfflmwjxMnTrT6bVpeXp6xZMkSo0qVKoYk
4+233zbVfubHFBERYTz++OOGJGPs2LHG5cuXra7z448/GjExMYYko0qVKja/JXbnOXvlyhWjfv36
xssvv2z329T58+cX1PePf/zD5rJFvT7z7dy505BuPelh6TPYF88Dd57v7uhH3XXsffHYuPMadXc7
hoWFGXXq1HH5Z6irP6vc3Q7u+lvCEe7qg115v+HO/scdf4MCvs7vEhxr164tWObw4cPF2p43Ehxp
aWkFj6d17tzZyMrKslt/Zmam8cADDxiSjNjYWKuPv+XvT/7P5s2b7dZdeJ3AwEBj69atdteZPXv2
bdsJCgpyagiNJCMxMdHqcr5wk+vMMs60t6M81Qb5Pz/88IPdujMyMoz69esbkozu3bvbXNasCY6s
rCzjiSeeKKhr+vTpTsVhb7u+cp0dP3684A+3jz76yKF92Lx5sxEYGGhI1hOtvrafv11OkvHSSy/Z
vNnKd/ToUSMiIqKgr87JybG4nLvP2TNnzjhc5/jx4w1JRnR0tNV4DaP4CY6///3vhiTjxRdftFju
a+eBJ853d/Sj7jj2vnZsfrucO65Rd7ejO469Oz6rzNgOjnBXH+yq+w1P9T+u/BsU8HW+/Rx4EVy7
dq3g35UrV/ZiJEXz73//W6dOnVJISIg+/vhjBQcH212nfPny+uSTTyRJKSkpmjNnjt11nn32WbVp
08ap2J599lm1bNnS7nL9+vVTzZo1C/7/0ksvqXHjxnbXGzZsmEJDQyVJiYmJTsXm64rS3r5i7Nix
Dj2CHxYWpueff16StGLFCl24cMHdoXnU1atX9eSTT+o///mPJOnTTz/VU0895fLt+MJ1Nn369IJH
wceMGeNQ3G3atNFbb70lSQWPQ9viC/v5W40bN9Zf//pXhx6Jrl27tqZMmSJJ+uGHH7RmzRqHtuFq
zjxi3LdvX0nSqVOn9PPPP7slntzc3ILPoF69etld3hfOA0+c7+7oR9197H3h2PyWO65Rd7ejpz9D
i/pZ5W/t4G6uut/w1OetWf8GBYrC7xIc1atXL/j3hg0bvBiJ83JycjRz5kxJtz74Y2NjHV43Pj5e
AwcOlHRr/g7DMGwu379/f6fjc3SdoKAgde3ateD/jz76qEPrhYWFqUOHDpJuzcDvT4rS3r5i8ODB
Di9b+AM0JSXFHeF4RUZGhgYNGqSvvvpK0q1E5KhRo9yyLW9fZzk5OQV/GD/99NMqXbq0Q/VK0tCh
QyXdeiNHWlqazWW9vZ+W/P73v1f58uUdWla6Nb9Efj+9ePFih9fzlho1ahT8+/z5827Zxs6dO3Xw
4EFFREQUzONhi7fPA0+d797uR4ty7L19bCzx9jValHb05LH31GeVr7eDJ7jifsPXPm8Bf+F3CY57
7723oGMcNWqUZs6cqczMTC9H5ZjU1FQdPXpUkvTII484vX5+Rn3Hjh12X0d17733Ol1/gwYNHF62
8IefMxOGxsTESLo1kZg/KUp7+4qGDRs6vGy1atUK/m3t1YFmc+HCBfXr109Lly6VdGuStpEjR7pt
e96+zo4ePaoTJ05Ikpo2bepwnfn15t9M2Lth8fZ+WtK9e3eH65aksmXLasiQIZKklStXOrWuN5Qt
W7bg34W/fXSl5cuXS7r1x7cjk995+zzw1Pnu7X60KMfe28fGEm9fo0VpR08de09+VvlyO3iKK+43
PNX/mPlvUKAo/O4tKoGBgfr444/16KOP6ujRoxo5cqSee+45de/eXa1atVLDhg3VoEED1axZ0+dm
Zv7ll18K/h0dHe30+oX/wPjll19u+4AoLDAwUHfddZdTdYeEhKhChQoOL5//DUtkZKRDw2zy5T+u
au+d42ZSlPb2FSEhIQ7PkC7ptmOdnZ3tjpA8Ki0tTf369bvt8eljx465bXu+cJ2dPn264N916tRx
uE5b9fyWL+ynJYW/kXNU7dq1Jd36lvHq1atOfbvsKufPn9fixYu1YcMG7d69W6dPn7Z7w2jvKb+i
yMnJKRie0rNnT7vL+8J54Knz3V39qLuOvS8cG0vcdY26sx098Rnqqs8qs7eDJ7nifsMT/Y+Z/wYF
isrvEhyS1KhRI23atEnTpk3TzJkzlZqaqkWLFmnRokUFy9SrV0+PPPKIBg8erCZNmngx2v9z/fr1
gn9XrFjR6fULr1O4rt+qWrWq08mdSpUqFSkh5MwfSIW5449vbylKe/uKoh53yfzH8MSJE+rTp492
7dqlwMBANWnSRNu3b9e7776rZs2aOfwYtjN84Tpz1R+TtvogX9jP34qOjr7tW0lHFf7DMTs72+MJ
jpUrV2r48OF2H1H2hKSkJCUnJys6Otqh8d6+cB748vku2T533XnsfeHY/Ja7rlFfbEfJ8c9QV31W
mb0dvKG49xue6H/M/DcoUFR+meCQbk2W9Oabb+q1117TkSNHtG/fPu3Zs0dJSUnasGGDkpOTNXHi
RE2cOFHvvPOO/vznP6tUKe+O2Cmcsc7IyLjtiQxHZGRkWKzL3xS1o7b1AWA2JbUNPLXfV65cUUJC
gg4dOqTQ0FDNnz9fLVq0UMeOHbV//3499dRTio+P1z333FOkeHxZ4b5jzZo1Tk08V1jVqlVdFZJH
nDp1Sr/++qvTN1CXLl0q+LelIRnuPGf37t2rvn37KisrS1FRUQWTQoaHhyswMPCO5S9evKgHH3yw
SPE4YtmyZZJuDU8pV66c27bjSmY9333t2HuCO65Rs7ejqz6rzN4Otrj774bi3G+Ytf8BfJ3fJjjy
lS5dWvHx8YqPj9eAAQMkSZmZmdq0aZP+8Y9/aO3atXrjjTd0zz33qF+/fl6NtfCwlFOnTjk1XlGS
Tp48abEuf5P/gXDlyhWn1nPXpHreUFLbwFP7nZmZqUOHDqlKlSpatGhRwWSJs2fPVrt27ZSenq7h
w4dr5cqVRf7G0lcV7jvKli3r1Hh6szt9+nTBnACOyn+DQL169Sw+veHOc/Zf//qXsrKyFBcXpx9+
+EFRUVE2l7c3N1Nx3Lx5s2B4ysMPP+y27biaWc93Xzr2nuTqa9Ts7eiqzyqzt4Mtnvq7oSj3G2bt
fwBf53eTjDoiNDRUCQkJWrZsmTp27Cjp1kzT3nb33XcXTBi0ZMkSp9fPfySuefPmRc4Cm0H+46aH
Dh1y6tFFf3r1bEltA0/u9913363Vq1ff9iaIxo0ba9q0aZKkrVu3avz48T79+GxRFO6HzDBxpiut
WLHCqeUL39R369bN4jLuOmcNw9DXX38tSRo3bpzdGxJ327p1q1JTUxUTE6NWrVp5NRZnmPF897Vj
70muvEb9pR2L+1nlL+1gjTf/XrJ3v2HG/gcwgxKZ4MgXHBxcMDZx9+7dXo7mVvY3f8brzz//3KlX
Yx08eFDz5s2TJD355JNuic9X5Ge4T5w4oUOHDjm0zrFjx24bE2l2Zm+Dwo+M3rx50+H1PLXfoaGh
WrVqlRo1anRH2cCBA/Xqq69KuvX++k8//dSpun1d4X7oww8/vG3yY383depUpyY4XrJkSUE/3adP
H4vLuOucvX79esHbBRydeNHR7Rfl+iw8PMXSI+2+yoznuzuPva9z5TXqD+3ois8qf2gHW3zh7yVr
9xtm7H8AM/C7BEdubq5Tj6Hlzw7tK+PXRo4cqZiYGGVlZWns2LEOjQG8evWqxowZI+nWI5j5r0Tz
V61atSoYR/vJJ5/YXT4vL0+vv/66u8PyKLO3QeHHhPNfkeYIT+13hQoVbM5o/pe//EU9evSQJL3w
wgvatm2b09vwZfn9UHp6usaOHevwawB37tzp1rfMuNuePXv09ttvO/Qt388//6znnntOkpSQkFDw
7dxvueucDQkJUWRkpCTp8OHDdpe/evVqwc2OPc5enzdu3NDs2bMlmWt4Sj6zne/uPPa+zpXXqD+0
oys+q/yhHWxxVx/sqvsNs/U/gBn4XYJj8eLFatOmjZYsWaIbN27YXPbgwYOaOnWqJKlXr16eCM+u
iIgIzZw5U5L0ww8/6JFHHrH5B+bPP/+sXr16aePGjQoMDNSsWbNUqVIlT4XrFdWqVdOzzz4rSfrg
gw80depUq3/sXL16VePGjdPcuXNN9di0PWZvg3Llyt32uKalRN6vv/56x+98Zb/LlSunTz/9VLGx
scrOztYTTzxhqjHJ9kRERGjWrFmSpKVLl+rRRx+1+URZbm6uvvrqK3Xr1k2DBg1Senq6p0J1mRYt
Wqhz586aPHmynn32WZt/uG7YsEGdO3fW2bNnFRkZqY8//tjqJNXuPGcHDRokSZo0aZL27t1rdbn8
V0g6+lSgs9dnYmKiTp06pdjYWDVv3tyhbfgSM57v7jr2vswd16i/t6Ojn1X+3A7u6oNddb9hxv4H
8HV+NcmoYRiaNGmSDh48qD59+qhOnTrq16+fWrZsqcjISIWGhionJ0dpaWnauHGjpkyZoszMTNWr
V0/PP/+8t8Mv0KFDB33++ed6+umntWrVKsXFxWnUqFHq1q1bQZb99OnT+v777zVr1ixlZ2crJCRE
M2fOdOjVfP7g9ddf17p167Rjxw4988wz+uabbzR06FDVq1dP5cqVU3p6unbs2KFPPvlEycnJ6tGj
h1544QUlJCR4O3SXMXsbjBo1SmvXrtXu3bvVs2dPjRs3TtHR0Tpz5owWLlyomJgYi9+i+Mp+R0ZG
avbs2erQoYOOHDmiZ555RvPnz1eZMv7RrbZv315ffPGFRo8erZUrVyo+Pl4jRoxQ165dVbNmTQUF
BSk9PV379u3T/PnztXHjRkm3vik1yxs0CgsNDdXMmTPVsWNHTZ06VYsXL9aYMWPUsmVLVatWTVlZ
WTpx4oTmzZunb775RpIUFRWlL774QrVq1bJZt7vO2RdeeEFffPGF0tLS1Lx5c40ZM0bdunVTtWrV
JElnzpzR+vXr9cknnygzM1OLFi1S3759HWoPZ67PpUuXSpKGDRtm2vPfbOe7O4+9r3LHNVoS2tGR
zyp/bwdX98Guvt8wW/8D+DzDRHJycgxJhiRjwoQJFpdJS0sz/vCHPxghISEFy9r6SUhIMFJTUy3W
9eGHHxqSjKioqGLFff78+YLtfffddw6vt2PHDqNp06Z296FFixbGnj177NZXlP0pahtMmjTJkGTE
xcU5td5rr71mSDI6depkd9kzZ84Yffr0sds+L774onHlyhVj7dq1Bb/LzMy0Wq8j++yqZYrLm21g
SUZGRkH9ixYtsrlsTk6OMXr0aKsx33333caNGzd8fr9nzJhRUPe7777r8HrF3a5heOY627t3r9Gm
TRu7bR0WFmZMmjTJyM7OtlqXL+5nfkz5y6SlpRn9+/e3u7/dunWz+tlhibvO2Z07dxr33nuvzTor
V65sLFiw4LbP0BUrVtiM19Hr8/r160ZERIQhydi+fbtDbeGL50E+XzjfHe1H3XHsffHYuPsa9aV2
dPTYu+Ozyozt4AxX98GuvN/I5wv9D+APzPlViw3VqlXT5MmT9dprr2nNmjXaunWrkpKS9Msvvygt
LU1Vq1ZVvXr11Lx5c3Xv3l0PPPCA1UeLve2+++7Tli1btHr1aq1YsUKJiYkFj63Vq1dPbdq0Uffu
3dWlSxfTfmtWHBEREVq4cKHWr1+vZcuWacOGDUpNTVVgYKDi4uLUpk0bPfroo2ratKm3Q3UbM7dB
6dKlNXXqVCUkJGjevHnatm2b0tPTFR8frx49eujJJ59U2bJlLa7rS/s9fPhw7d69Wx988IFee+01
3Xffferevbvbt+spDRs21Pr167V+/XqtXLlSiYmJOnLkiH799VfVqVNHcXFx6tq1621PmJlZtWrV
NH/+fI0fP16LFi3Sjh07dOjQIV2/fl333HOP2rZtqx49eujBBx906rPDXeds06ZNlZiYqMWLF+v7
779XUlKSTp8+rRo1aqhu3brq0aOHevXqpcjISOXm5jpcr6PX5+rVq3X27FnFx8f7ZD/jLDOd7+46
9r7O1ddoSWlHe59V/t4Oru6D3XG/Yab+B/BlAYbhZ+84BAAAHvHiiy/qgw8+0Lvvvqs///nP3g4H
AACUcCQ4AACA07KyslSzZk1dvHhRu3btUpMmTbwdEgAAKOF8c2wGAADwaevXr9fFixfVuHFjNW7c
2NvhAAAAkOAAAADOy39TxeDBgxUQEODlaAAAABiiAgAAAAAA/ABPcAAAAAAAANMjwQEAAAAAAEyP
BAcAAAAAADA9EhwAAAAAAMD0SHAAAAAAAADTI8EBAAAAAABMjwQHAAAAAAAwPRIcAAAAAADA9Ehw
AAAAAAAA0yPBAQAAAAAATI8EBwAAAAAAMD0SHAAAAAAAwPRIcAAAAAAAANMjwQEAAAAAAEyPBAcA
AAAAADA9EhwAAAAAAMD0SHAAAAAAAADTI8EBAAAAAABMjwQHAAAAAAAwPRIcAAAAAADA9EhwAAAA
AAAA0yPBAQAAAAAATI8EBwAAAAAAMD0SHAAAAAAAwPRIcAAAAAAAANMjwQEAAAAAAEyPBAcAAAAA
ADA9EhwAAAAAAMD0SHAAAAAAAADTI8EBAAAAAABMjwQHAAAAAAAwPRIcAAAAAADA9EhwAAAAAAAA
0yPBAQAAAAAATI8EBwAAAAAAMD0SHAAAAAAAwPRIcAAAAAAAANMjwQEAAAAAAEyPBAcAAAAAADA9
EhwAAAAAAMD0SHAAAAAAAADTI8EBAAAAAABMjwQHAAAAAAAwPRIcAAAAAADA9EhwAAAAAAAA0yPB
AQAAAAAATI8EBwAAAAAAMD0SHAAAAAAAwPRIcAAAAAAAANMjwQEAAAAAAEyPBAcAAAAAADA9EhwA
AAAAAMD0SHAAAAAAAADTI8EBAAAAAABMjwQHAAAAAAAwPRIcAAAAAADA9EhwAAAAAAAA0yPBAQAA
AAAATI8EBwAAAAAAMD0SHAAAAAAAwPRIcAAAAAAAANMjwQEAAAAAAEyPBAcAAAAAADA9EhwAAAAA
AMD0SHAAAAAAAADTI8EBAAAAAABMjwQHAAAAAAAwPRIcAAAAAADA9EhwAAAAAAAA0yPBAQAAAAAA
TI8EBwAAAAAAMD0SHAAAAAAAwPRIcAAAAAAAANMjwQEAAAAAAEyPBAcAAAAAADA9EhwAAAAAAMD0
SHAAAAAAAADTI8EBAAAAAABMjwQHAAAAAAAwPRIcAAAAAADA9EhwAAAAAAAA0yPBAQAAAAAATI8E
BwAAAAAAMD0SHAAAAAAAwPRIcAAAAAAAANMjwQEAAAAAAEyPBAcAAAAAADA9EhwAAAAAAMD0SHAA
AAAAAADTI8EBAAAAAABMjwQHAAAAAAAwPRIcLnT16lWNGTNGb7zxhjIyMpxe/+2339aYMWN08uRJ
N0QHAAAAAID/IsHhBufPn9fnn3+unJwcb4cCAAAAAECJQILDTfbv36+lS5d6OwwAAAAAAEoEEhxu
tHz5cu3YscPbYQAAAAAA4PdIcLhJx44dJUmff/65Tp8+7eVoAAAAAADwb2W8HYC/6tmzpy5duqQ9
e/ZoxowZeumllxQSEuKSum/cuKF9+/bpp59+0rFjx3Tx4kWVKlVKERERiouLU8uWLVW1alWbdaxa
tUoLFizQqFGj1LJlS2VlZWnPnj3avXu3zpw5o+vXrysyMlL33HOPWrZsqcqVK9+2flpamnbu3Kmf
fvpJZ86ckWEYioqKUoMGDdSqVSuVL1/eoX3JycnRvn37tGfPHqWmpiojI0MVK1ZUnTp11LRpUzVo
0EClSpGHAwAAAADYZtoER0pKik6cOKELFy4oKytLhmG4fBsjRowo8rqlS5fW0KFDde7cOZ08eVJf
fPGFRowYUaybdcMwlJiYqCVLlhS8paVChQqqXLmysrOzlZycrOTkZH3//fcaNmyYWrVq5VC9x44d
06xZs5SWlqaQkBBVqVJFknT48GEdPnxYK1as0MiRI9WoUSPl5uZq9erVWrhwYcH277rrLmVmZurA
gQM6cOCAVq1apdGjR6t27do2t3vx4kV99tlnOnLkiCSpUqVKioyMVEZGhjZt2qRNmzapUaNGGjZs
mCpUqOB0e82cOdPpdQAAAACgpAkICFBISIjCw8NVs2ZNxcbGejukIjFdgiMlJUU7d+7UtWvXvB2K
XRUqVNDIkSM1ceJEbdu2TTVq1FC3bt2KXF9aWpo+++wzhYeHa9CgQWrQoIHCw8MVEBAgSbpy5Yo2
bdqkxYsXa8aMGapSpYrdJENaWpoWLFigqlWravz48apdu7ZKly4tSUpPT9eaNWu0cuVKffzxx3rz
zTe1fft2LVu2TM2bN1dCQoKio6MVEBAgwzB05swZLV26VElJSfrkk0/06quvqlKlSha3e+HCBU2c
OFEZGRnq0KGDOnbsqIiIiIK6zp07p7Vr12rt2rWaPHmyXnrppSIlOQAAAAAAthmGoWvXrunatWs6
fvy4du7cqfvuu890iQ5TJTi2bNmiQ4cOSZKqVq2q2NhYRUZGqnz58j47jKFmzZoaOnSoZsyYoa+/
/lo1atRQ/fr1i1RX9erVNWrUKDVo0EC/+93v7iivUKGCHnroIQUEBGjRokVavXq1Ro8ebbPO7777
TvHx8Ro7dqzKlSt3W1mlSpXUr18/SdLKlSs1bdo0nT59Wu3bt9fAgQNva/OAgABFRkZqxIgRys7O
1v79+7Vhwwb17t37jm3m5ORo9uzZysjI0ODBg9W+ffvbygMCAhQREaGBAwcqKipKs2fP1oIFCzRi
xIiCZI4jivMEDgAAAACUFHl5ebp69arS0tKUkpKic+fOacOGDbpw4YJat27t7fAc5ptZAQsKJzfa
tm2rhx9+WHFxcapQoYLPJjfytWrVquDJjZkzZ+rChQtFrqtly5YWkxuF3X///ZKkvXv36saNG3br
fPzxx+9IbhTWpUsXSdLp06cVGhqqPn36WG3zMmXKKCEhQZKUlJRkcejQwYMHdejQIbVq1eqO5MZv
tWvXTm3bttXWrVt1/Phxu/sCAAAAAHBOqVKlVKFCBcXFxenhhx9W27ZtJUmHDh3Sli1bvByd43w7
M/C/UlJSCpIb3bp1U1xcnJcjcl7v3r3VoEEDXb58WbNmzXIo8VBUoaGhfdTKfwAAIABJREFUqlq1
qm7evKmrV6/aXDY+Pl6RkZE2lwkLC1PdunUl3UrW2JssNSYmRqVLl9bZs2ctDiXatm2bJNlNbuTL
X27nzp0OLQ8AAAAAKLq4uLiCL+kPHTqklJQUL0fkGFMkOPJvbNu2bauoqCgvR1M0gYGBeuKJJxQe
Hq6ffvpJixYtcsvEqPmCg4MlSb/++qvN5WJiYhyqL/8tKjVq1LC7bGBgoO666y5JUnZ29h3lhw8f
drguSYqKilLp0qX1008/ObQ8AAAAAKB4oqKiCp7kMMuXzT4/B0dKSoquXbumqlWrmvLJjcIqVqyo
kSNH6r333tPatWtVs2bNghPGGcnJydq1a5dSU1N18eJFXblypcgx2Rvuki8wMFDS/yVO7Clbtqwk
KTc397bfZ2VlKTMzU5L0/PPPOxqmpFsTohqG4dQ8HAAAAACAoomLiyuYkyMlJcXnJx31+QTHiRMn
JMnnG9JRderU0aBBgzR79mzNnTtX1atXd/gpCsMwtGDBAq1evbrgd1WrVlVERMQdyx4/ftzu0xuS
nE4WFDe5UDjhkT/sxdn1y5Tx+dMWAAAAAPxCbGyszp07pxMnTvj8fbnP3ynmT8hpb54IM3nggQd0
6tQprVu3TjNmzND48eMdegXqrl27tHr1alWoUEFDhgxRfHx8wZMSv/Xuu+/65KScv/vd7xQcHKzr
16/rueeeU1BQkLdDAgAAAABYkX8vXpyXZXiKz8/BkZWVJUkqX768lyNxnYCAAD366KOqW7euzp49
q9mzZysnJ8fuert375Z0660nTZo0sZrc8GWlSpVSgwYNJEnHjh3zcjQAAAAAAFvy78Xz7819mc8n
OPIn4vT1V8E6q1y5choxYoQqVqyoPXv2aPny5XbXSU9Pl2T/aZZr164VLOuLWrZsKUlauXKl8vLy
vBwNAAAAAMCa/Htxd74kw1X8K2tgMpUrV9bIkSMlSUuXLtWZM2dsLl+lShVJ0qlTp6wuk5OTo8WL
Fxdr4lF3a9iwoe677z4dOHBAixcvvmMi0t/auHGjzX0GAAAAAIAEh5fFxcVpwIABDi3bokULSdL8
+fO1ZcuW217BmpeXp5SUFE2bNk2HDx9WrVq13BKvK5QqVUqDBw9WdHS0VqxYoY8++kiHDx/WzZs3
C5bJy8vTsWPHNGPGDH3++eduf60uAAAAAMDcfH6S0ZKgY8eOOnXqlDZt2mRzufr166t///766quv
NHPmTElSRESEypYtqzNnzujmzZuqVq2aRo8eraVLl/rkJKP5QkND9fLLL+urr77S5s2bdeDAAZUt
W1ZVq1ZV6dKlde7cOV2/fl2S1KxZMw0cOJDXwwIAAAAArCLB4QMCAgLUv39/nT59WqmpqTaX7dKl
i+Li4rR161YlJyfr3LlzKl++vOrXr6+GDRuqefPmCgkJ8VDkxRMSEqInnnhC7dq10549e/TTTz8p
LS1NZcqUUfXq1VW3bl3de++9io2NJbkBAAAAALApwPDx5/7zn1QYMWKElyMBAAAAAKDkMct9OXNw
AAAAAAAA0yPBAQAAAAAATI8EBwAAAAAAMD0SHAAAAAAAwPRIcAAAAAAAANMjwQEAAAAAAEyPBAcA
AAAAADA9EhwAAAAAAMD0SHAAAAAAAADTI8EBAAAAAABMjwQHAAAAAAAwPRIcAAAAAADA9EhwAAAA
AAAA0yPBAQAAAAAATI8EBwAAAAAAMD0SHAAAAAAAwPRIcAAAAAAAANMjwQEAAAAAAEyPBAcAAAAA
ADA9EhwAAAAAAMD0SHAAAAAAAADTI8EBAAAAAABMjwQHAAAAAAAwPRIcAAAAAADA9EhwAAAAAAAA
0yPBAQAAAAAATI8EBwAAAAAAMD0SHAAAAAAAwPRIcAAAAAAAANMjwQEAAAAAAEyPBAcAAAAAADA9
EhwAAAAAAMD0SHAAAAAAAADTI8EBAAAAAABMjwQHAAAAAAAwPRIcAAAAAADA9EhwAAAAAAAA0yPB
AQAAAAAATI8EBwAAAAAAMD0SHH7g8uXLGj9+vO6//35NnDhRubm53g4JAAAAAACPKuPtAEqSs2fP
atu2bdq3b58OHjyotLQ0nTt3TuXKlVO1atVUu3ZtNWjQQM2aNVOjRo1UtmxZh+pdsGCBFi5cKEma
OnWqWrRooQ4dOrhzV+AhCxYs0CuvvFLsev72t79pyJAhLogIAAAAAHwTCQ4P2Llzp/7zn//om2++
sVh+7do1Xbp0SQcPHtTSpUslSbVq1dJzzz2nhx9+WEFBQU5tr3Tp0sWOGf4lICDA2yEAAAAAgFuR
4HCj8+fP6/3339e8efNu+339+vXVvHlzxcTEqHz58srOztalS5eUmpqqH374QdeuXdPx48f1xz/+
UZ988on+8Y9/qEmTJla389hjj+nQoUNKTExU37591bZtW3fvGjykcePGmjRpktPrHTlyRNOnT5ck
RUdHq2PHjq4ODQAAAAB8CgkONzlw4IBeeOEFpaamSpKCg4P15JNPqm/fvoqNjbX6jXpWVpa2bdum
KVOmaOfOnUpJSdGQIUM0ceJE9ejRw+I6YWFhRboJhu+rW7eu6tat69Q6ly9f1meffSZJKlOmjCZP
nqzIyEh3hAcAAAAAPoMEhxvs379fw4YN0+XLlyVJXbt21WuvvaZatWrZXTckJEQdOnRQu3bt9PXX
X+uNN97Q9evXdf36dXeHDT+Qm5urv/zlL9q3b58k6e2331bz5s29HBUAAAAAuB8JDhdLS0vTmDFj
CpIbo0eP1ssvv6zAwECn6ildurQef/xx1apVS2fPnlXv3r3dES78zKeffqolS5ZIkgYPHqzBgwd7
OSIAAAAA8AwSHC6Ul5end955R2lpaZKkJ554Qq+88opKlSr623hbtWrlqvDg59atW6cJEyZIkpo3
b67XXnuNyUUBAAAAlBgkOFxo/fr1Wr58uSSpUaNGxU5uOCo7O1vx8fGS9P/Zu/OwKuv8/+MvNmVP
FFFEBBUCFTcyNc0lt2nU1PSbLTqVNuVkTasz1Uy/mimn+VrW1Hw1m0qdRiYrl5bRDLJ0QlFRcReR
I7IKIgrKrsD5/eF1zuiocIADh1ufj+vqum7OuT+f+32j/fF5+Vk0btw4ffDBBzbd+/DDD+uVV16x
fldYWKhNmzYpISFBBw8eVG5urjw8PBQcHKy+ffvqtttu09ChQ20+1SUlJUU///nPJUnz5s3T3Llz
6/1uY8aMUVpamrp166aNGzfWem9t73bs2DFt3rxZu3bt0pEjR1RQUCB/f38FBQXp1ltv1fDhw9W/
f/9612dx4cIF7dixQ9u2bdO+ffuUnp6uwsJCBQQEKCIiQgMGDNDIkSMVFhZmbbNv3z7dfffdkqS/
/vWvmjhxYoOfn5aWpnnz5kmS/P39tXDhQnl6eja4PwAAAAAwGgIOO/r444+t1y+88IJhBphms1lr
167V/PnzrUtrLIqLi5Wfn6/du3dr2bJlCg4O1rPPPqu77rrLEMfRFhcX67333tOyZcuu+M5yWk1C
QoLee+89jRs3Tn/4wx/UsWNHm/s3m836/vvv9c477+jo0aNXfJ+RkaGMjAzFxcXpjTfe0P333695
8+bJz8+vUe91qXPnzunZZ5/VmTNnJEnvvPOOunTpYrf+AQAAAMAICDjsJC0tTQkJCZKkgQMHavDg
wQ6uyDbnz5/Xyy+/rNWrV0uSfHx8dOeddyoyMlI+Pj4qKyvT8ePHFRcXp9zcXGVlZem5557TTz/9
pNdff11eXl4OfoNry83N1ezZs5WSkiJJio6O1pAhQxQQECA3NzcVFhZq9+7d+uGHHyRJcXFxSk5O
1ooVK2wKCCoqKvTGG28oJibG+pmHh4d+/vOfKzQ0VP7+/iopKVFeXp5++OEHZWRkaOXKldqyZYsW
L15sl3f8701FX3rpJd1+++126RsAAAAAjISAw04SExOt15MmTTLM3gfvvfeeNdx48cUXdf/998vH
x+eK+1588UVt2LBBr7/+ugoLC/XVV1+psrJSf/nLX9SqVavmLrtO586d029+8xulpKRoyJAhmjdv
nvr163fVe1NTU/XHP/5RCQkJysrK0vPPP6+YmBi1bt36mv1XV1fr1Vdf1apVqyRdDDZeeuklTZgw
4aqzM1544QXt2LFDb731lg4cOKAnnnjCuqSkMT7++GN99dVXkqTJkydr9uzZje4TAAAAAIyo6TeI
uEEcOXLEet2nTx8HVmK7b7/9VkuWLJG/v7+++OILPfbYY1cNNySpdevWmjJlitasWaPevXtLkjZs
2KC///3vzVmyzdauXauEhARNmjRJH3300TXDDUkKDw/Xhx9+aD1Odffu3YqLi6u1/88//9wabnTr
1k1ffvmlZs6cec2lJ25ubrr99tv1z3/+U/fdd5+ysrL08ssvN/DtLrp0U9FevXrpD3/4gyGWDQEA
AABAUyDgsJP09HTrdefOnR1Yie3y8/MlSW+88YZ1cF+X0NBQLVy40BqE/OUvf7GeGtPShIeH67XX
XpOHh0ed93p6eur3v/+99ee1a9de897CwkK99dZbki4GP++8845uvvlmm2ry9vbWK6+8oiFDhqi4
uNimNtdiCTekixu6Tpo0SdOnT9f8+fO1YcMGlZWVNap/AAAAADASAg47KSwstF57e3s7sJL6mTFj
hsaMGVOvNuHh4XrhhRckSZWVlfr666+borRGmzNnjnx9fW2+v2/fvtbZN1u3blVJSclV7/v222+t
m7E+/fTT9Z6x4+7urtdee61eba7mwoUL1uuqqiplZWVp165dWrZsmZ544gmNGTNG69ata/RzAAAA
AMAICDjspKamxtElNMj06dMb1G7ixInWmREtdRA9bNiwerexbA5bVVVlneHy3y49rnbSpEkNqq1b
t24Nbmvx3HPPaeHChVqwYIFeeeUVzZ49+7KwJS8vT0899ZQWLVrUqOcAAAAAgBGwyaidtGvXznpd
UlKiNm3aOLAa27Rt21Y9e/ZsUFtfX1+NHDlSGzZs0OHDh1VYWGjXo08bKywsTO3bt693O39/f+v1
1WZwXLhwwbqhbO/evdWpU6cG1zhkyBB98803DW4/fvz4Kz4zm81KSUnRokWL9O2330q6eGxsZGRk
vWfqAAAAAICRMIPDTkJDQ63XOTk5DqzEdlFRUY3alLJ79+7W64KCAnuUZDeBgYENanfpfh3nz5+/
4vtz586pvLxc0sVZGI3RmHDkWpycnBQZGan33ntPjz76qPXzhQsXqqqqyu7PAwAAAICWgoDDTiIj
I63X+/btc2AltrvWiSm28vLysl5XVlY2thy7smVj0Yaorq62Xjf2eFxX16abQOXi4qJnn31WPXr0
kCQdPXpUhw8fbrLnAQAAAICjEXDYycCBA63X33zzjcxmswOrsc21NtG0VWlpqfW6devWjS3nqs6d
O9ck/TbUpaHOqVOnGtVXUVFRY8uplbu7u6ZMmWL9+ejRo036PAAAAABwJAIOO+nWrZuGDBkiSUpM
TNT27dsdXFHdDhw4cNmMhPo6duyY9frSvSss3NzcrNeWZR31UVlZ2eKWvnh5eSkiIkKStHv3blVU
VDS4r+aYUXHp0qlLT/oBAAAAgOsNAYcd/fKXv7ReL1iwoEGD+uZ05swZJScnN6htcXGxNm/eLEnq
2bPnVTcYvfS43IbMdjCZTA2qramNGjVK0sXfQUODrIqKCv3rX/+yZ1lXdenpPo1dUgMAAAAALRkB
hx0NHz5cP/vZzyRJ+/fv15tvvtnij4/94osvGtRu/fr11gBn4sSJV72nXbt2atu2rSQpISGh3rNF
tmzZ0qDamprlz1iSFi1apLKysnr3sXLlSmVkZNizrKs6fvy49TooKKjJnwcAAAAAjkLAYUfOzs56
5ZVXrCd4fPLJJ40+vWLv3r2Ki4uzV4lXiImJsc7EsFVaWpoWLFgg6eJGmZMmTbrqfS4uLrrjjjsk
SdnZ2fWa7VBQUKDly5fXq67m0qdPH+s7JyUlacGCBfUKsnbs2KHXX3/dpnuTk5MbvEynrKxMX375
pfXnfv36NagfAAAAADACAg47CwwM1AcffKCbbrpJkvTBBx/o17/+tbKysurVT3V1tb755hvNmDFD
v/rVr/Tdd981RbmSpBdffFF79uyx6d7MzEzNmzdPZ8+elSQ9//zztR53etddd1mv//d//9farjZl
ZWV6+eWXlZ+fb1NNjvDCCy9Y33vFihV67rnndObMmVrb1NTU6IsvvtDs2bMlybpny7VUVFToxRdf
1H333aedO3fWq77q6mq9/fbbSk1NlSQ99NBDV90nBQAAAACuFwQcTaB3795asWKFQkJCJEmxsbEa
P3683n77bZlMplpPWCkvL1d8fLwefPBBPfPMMyovL5erq6uKi4vtXufo0aM1c+ZM5efn695779XS
pUuvOUgvKyvT119/ralTp2rv3r2SLi7VmDVrVq3PGDp0qEaOHClJOnTokB555JFaN9fct2+fZs+e
rbi4OI0ePVrDhg1r4Ns1rcDAQP3tb39Tx44dJV08OWf8+PF65513tG/fPuXn56uqqkpnz55VWlqa
Vq1apfvuu08vvviiysvLNXfuXD344IO1PuPHH3/UgQMHlJaWpnvvvVePPvqotmzZctnpNVeTmpqq
p556yjoDJiQkRE888YR9XhwAAAAAWihXRxdwvYqKitLnn3+ut99+W6tWrVJpaakWL16sxYsXq2fP
nho4cKCCg4Pl7e2tyspKnTlzRhkZGdq4ceNlYUZISIjefPNN3XrrrXav0cXFRb/73e9UWFio9evX
609/+pMWLlyoiRMnqmvXrmrXrp2KioqUk5Ojb7/99rLwY9KkSZo/f36dG1e6uLhowYIFevjhh5Wc
nKykpCRNnDhRw4cP16BBg9S2bVtVV1fr1KlT2rp1q3bt2iXp4salf/7zn/Xyyy/b/b3tpVevXlq5
cqVeffVV/fTTT8rPz9eiRYu0aNGia7bx8PDQb3/7W82cOVM//PCD9XMXF5cr7r3zzjv1xhtv6M9/
/rOKi4v1ww8/6IcfflDr1q01cuRIhYWFqW3btvLx8VFFRYVyc3O1c+dO6+9QksLDw/X+++8zewMA
AADAdY+AowkFBARowYIFuueee/TJJ59o/fr1ki4eD1rXEaHBwcGaO3eu7rrrLnl6ejZZje7u7nr3
3Xc1ZMgQvfHGGyotLdWaNWuueX/nzp31zDPPaPLkyVcdlF9N+/btFRMTozfffFOff/65JOmnn37S
Tz/9dNX7H374YT377LPy8fGp/ws1s5CQEC1dulSbNm3SZ599ph9//PGq93l5eWnq1Kl66KGH1K1b
N0nS+fPnrd9f7c/Y2dlZ9913n+644w6tXr1an376qXJzc1VZWanY2FjFxsZesy5XV1c9+uijevTR
R9WmTZtGviUAAAAAtHwEHM1gwIABGjBggH73u99px44dOnjwoJKTk3XixAkVFBSobdu2CgoKUkBA
gPr166dbbrlFkZGRcnNza5b6XFxcdP/992vs2LH68ccftX37dh08eFC5ubny8PBQly5d1KdPH912
220aOnRogwIXPz8//fnPf9bs2bO1efNm7dy5U+np6crNzZWPj4/Cw8M1cOBAjR49WpGRkU3wlk3H
xcVFY8aM0ZgxY1RYWKhjx46poKBA58+fl7u7uwIDAxUWFiYPD4/L2pWUlFivawtzOnTooCeeeEKP
Pvqojhw5ov3792vPnj3Kzc1Vbm6u8vPz5ePjoy5duigyMlL9+/fXsGHDmLUBAAAA4IbiZK5tQ4gW
wLKPQF17PcA2FRUV6tmzpyRp3Lhx+uCDDxxc0Y1r/vz5WrZsmSRp69at1tN3AAAAAKAlMcq4nE1G
AQeoqqqyLtHp1q2bdbNSAAAAAEDDEHAADVRZWdngtps2bZLJZJJ08ShdJycne5UFAAAAADck9uBo
rLFjHV1BvbhLSuve/eIPx44Zrv6WpHUj2o7VJX8O69Zd/K+5DB4svf568z0PAAAAAJoBMzgAAAAA
AIDhEXAAAAAAAADDI+AAAAAAAACGxx4cjeXh4egK6q20tFSS5OLiInd3dwdXc32oqam57D+z2SzL
CcxOTk5ycnKSi4uLnJ2d5eLi4uBqAQAAAOD6Q8DRWN984+gK6s3L0QVch5zFdCgAAAAAcCTGZAAA
AAAAwPAIOAAAAAAAgOERcAAAAAAAAMMj4AAAAAAAAIZHwAEAAAAAAAyPgAMAAAAAABgeAQcAAAAA
ADA8Ag4AAAAAAGB4BBwAAAAAAMDwCDgAAAAAAIDhEXAAAAAAAADDI+AAAAAAAACGR8ABAAAAAAAM
j4ADAAAAAAAYHgEHAAAAAAAwPAIOAAAAAABgeAQcAAAAAADA8Ag4AAAAAACA4RFwAAAAAAAAwyPg
AAAAAAAAhkfAAQAAAAAADI+AAwAAAAAAGB4BBwAAAAAAMDwCDgAAAAAAYHgEHAAAAAAAwPAIOAAA
AAAAgOERcAAAAAAAAMMj4AAAAAAAAIZHwAEAAAAAAAyPgAMAAAAAABgeAQcAAAAAADA8Ag4AAAAA
AGB4BBwAAAAAAMDwCDgAAAAAAIDhEXAAAAAAAADDa/EBh5OTkySppqbGwZUAAAAAAHBjsYzFLWPz
lqzFBxyenp6SpJKSEgdXAgAAAADAjcUyFreMzVuyFh9w+Pv7S5Jyc3MdXAkAAAAAADcWy1jcMjZv
yVp8wNGlSxdJkslkcnAlAAAAAADcWCxjccvYvCVr8QFHWFiYvLy8lJ+fr5SUFEeXAwAAAADADSEl
JUX5+fny8vJSWFiYo8upU4sPOCQpOjpakpSQkKCcnBwHVwMAAAAAwPUtJydHCQkJkv4zJm/pDBFw
hIWFqUePHpKkuLg4ZnIAAAAAANBEUlJSFBcXJ0nq0aOHIWZvSJKT2Ww2O7oIW23fvl3JycmSpICA
AIWFhSkwMFDe3t5ydjZEVgMAAAAAQItSU1OjkpIS5ebmymQyKT8/X9LFcGPw4MEOrs52hgo4pIsb
nCQlJam0tNTRpQAAAAAAcN3x8vJSdHS0YWZuWBgu4LAwmUzKzMxUQUGBysrKZNDXAAAAAADAoZyc
nOTp6Sl/f3916dLFcMGGhWEDDgAAAAAAAAs2rgAAAAAAAIZHwAEAAAAAAAyPgAMAAAAAABgeAQcA
AAAAADA8Ag4AAAAAAGB4BBwAAAAAAMDwCDgAAAAAAIDhEXAAAAAAAADDI+AAAAAAAACGR8ABAAAA
AAAMj4ADAAAAAAAYHgEHAAAAAAAwPAIOAAAAAABgeAQcAAAAAADA8Ag4AAAAAACA4RFwAAAAAAAA
wyPgAAAAAAAAhkfAAQAAAAAADI+AAwAAAAAAGB4BBwAAAAAAMDwCDgAAAAAAYHgEHAAAAAAAwPAI
OAAAAAAAgOERcAAAAAAAAMMj4AAAAAAAAIZHwIErHDlyRC+//LKWL1+uqqqqZnuuyWTSnDlztGTJ
kmZ7JgAAAADg+kDAYQfZ2dmaM2eOnn/+eV24cMHmdsXFxZo7d67mzJmj9PT0ej1z4cKFmjNnjnJy
cupbbp22bdumU6dOafv27crLy7N7/wAAAAAA2BsBhx0EBQUpODhYJSUlMplMNrdLTk5WdXW1JOng
wYM2t8vPz1dqaqqCg4PVqVOnetdbl8GDB8vf31+DBw9Wx44d7d5/c9u2bZvi4+NVXl7u6FIAAAAA
AE2EgMMOnJycNHDgQEnSgQMHbG63e/du63ViYqJqampsanf48GFJ0sCBA+Xk5FSPSm3To0cP/elP
f9KsWbPk6upq9/6b21dffaWYmBhVVFQ4uhQAAAAAQBMh4LCTnj17SroYVNiyTKWoqEh79+5VUFCQ
goKCdPLkSWVmZtr0rF27dkmSevXq1fCCAQAAAAC4jhBw2IllmUpxcbGOHTtW5/2WWRiDBg3SoEGD
JNk2+6Opl6cAAAAAAGBExl9/0EJYlqlkZWXpwIEDioyMrPV+yyyM3r17y2w2a+3atUpMTNSECRPk
7Hzt3OnQoUOSal+ecuzYMSUlJSk1NVX5+fny8PBQSEiI+vTpo+joaLm7u9dam8lk0ltvvaV+/frp
8ccfr/Ves9mszMxM7d27V8ePH1deXp5cXFzUoUMH9ezZU/3791e7du0kSQsWLFBaWpoWLFigNm3a
1Nqvpe+UlBTt3btX6enpOnXqlDw9PRUSEqK+ffuqf//+11xCs3z5cm3fvv2yz1588cXLfg4KCtIr
r7xSZx0AAAAAgJbPsAGHyWRSZmamCgoKVFZWJrPZbPdnzJo1q1739+rVS2vWrFFiYqKmTJkiNze3
q953+vRpHTp0SF27dlVgYKAkKTQ0VOnp6UpPT1e3bt2u+YzalqdUVlZq7dq12rx5syTJ09NTHTp0
UEVFhfbs2aM9e/YoNjZWjzzyiLp06VKvd7uakpISrV69Wtu2bbN+1r59e7m7u+vo0aM6dOiQvv76
a02bNk0jRoyod9+fffaZdu7cKUnq2LGj/P39VVBQoJ07d2rnzp26+eabNXv2bPn5+V3R3s/PT+Hh
4ZKktLQ0VVdXq2vXrpcFIjfddFO933n58uX1bgMAAAAALZmTk5M8PT3l7++vLl26KCwszNElNYjh
Ag6TyaSkpCSVlpY6upQrdOrUSSEhIcrIyFBaWpoiIiKuep9lFsagQYOsszAGDhyo9PR0HTx48JoB
x8mTJ2Uyma66POXChQtasmSJkpOT1atXL40fP15du3aVi4uLJOncuXPatWuXvvzyS7311lt6+umn
G/WXtrS0VO+++66ysrIUFBSkiRMnqkePHvLw8JAk1dTUKC0tTZs2bdLKlSt1/vx5m/uuqKjQ8uXL
lZ6erpkzZ6p///7y9vaWJFVXVystLU1r1qzR0aNHtWzZMj311FNXhElTpkyxXr/wwgsqKirSnDlz
rhqGAAAAAMCNzGw2q7S0VKWlpcrIyFBSUpKio6MNF3QYKuDYvn0pwUX0AAAgAElEQVS7kpOTJUkB
AQEKCwtTYGCgvL29a13W0VycnJw0YMAAZWRk6MCBA9cMOBITEyVdPgsjKipKX3zxhRITEzVx4sSr
vk9tp6ds2LBBycnJGjp0qB544IErlm74+vpq1KhR6tatm959913FxMTot7/9rTw9Pev9nmazWStX
rlRWVpb69u2rhx9++Ip+nJ2dFRYWpu7duyskJERr1qy55oyW/3bkyBF5enrq+eefV+fOnS/7zsXF
ReHh4XryySf11ltv6ejRo9q7d69uvfXWer9HQ9R3Vg8AAAAAtHQ1NTUqKSlRbm6uTCaT8vPzFR8f
r4KCAg0ePNjR5dnM8amAjS4NN4YMGaIJEyYoIiJCvr6+LSLcsLCEFomJiaqqqrri+5MnTyo1NVU3
33yzAgICrJ936NBB4eHhOnXqlNLT06/at2W5xn8vTykqKtJ3332ngIAATZ8+vdajXUNDQ3XPPfco
NzdXO3bsqPf7SRf3+Ni5c6d8fX01c+bMWkMSJycnjR07VoMGDbLpdBmLqVOnXhFuXMrb21s///nP
JUl79+61vXgAAAAAwGWcnZ3l6+uriIgITZgwQUOGDJEkJScnX7G3YUvWcpKBWphMJmu4MW7cuGvO
jGgJLMtUzp49q7S0tCu+P3jwoKSLszD+m+Wzq52mcvLkSR07duyqy1P279+v6upqjRw5ss4NRCVp
wIAB8vb21rZt2xq0d4nlHUaMGCFfX98673dyctKoUaPq9Yzo6Og677Es5UlJSalX3wAAAACAa4uI
iNC4ceMkXQw5TCaTgyuyjSECjqSkJEkXZ24EBQU5uJraWZapSFcGFWaz+arLUywsn+3YsUPV1dWX
fVfb6SmZmZmSLs7OsEXr1q0VHh6ujIwMFRcX29TmUllZWZKkrl272tymc+fO1v1A6hIaGiovL686
7/Px8ZEkFRcXX3W2DAAAAACgYYKCgqwzOSxj8pauxe/BYTKZVFpaqoCAgBY9c+NSUVFR1tNUJk+e
bF0ycuLECaWnpysqKkpt27a9ol27du3Uq1cvHTp0SOnp6erevbv1u2stT5GkgoICSdKbb75Z71qL
i4ttmoVxqbKyMkmyKYSwcHV1lZ+fn7XW2thaz6VLcaqrq2tdmgMAAAAAqJ+IiAjrnhwmk6nFbzra
4keEltkJLf0XeanAwEDraSrHjx+3HldqWdpR24aYAwYM0KFDh3TgwAFrwJGXl6e0tLSrLk+RZN3b
IiQkRK1atapXrTU1NfW6X5L1RJP6nGRTVVVlU7ghqUXtqQIAAAAAN7KwsDDl5+crMzOzxY/LW3zA
YRkUBwYGOrgS2zk5OenWW2+1nqYSHh4us9ls3dSzZ8+e12xr+W7Hjh2aOHGiXF1da12eIl2c+WEy
mXTPPfdYw5SmFBwcrP379+vYsWNXnVFyNZagCgAAAABgHJaxuK3/YO1ILf6fyi3LISyzBoziv09T
yczMVE5Ojm655ZZal2C0adNG/fr105kzZ6ynqezateuyPv+bZbPN5tr4JSoqSpIUHx+vs2fP1nm/
2WzW5s2bm7osAAAAAICdWcbilrF5S9biAw7LKR9GW7ZgWaZSWFio9PR064ajtpwOcsstt0i6uElp
bm5urctTJKlv375ycXHRjz/+aFPg0Fhdu3bV4MGDde7cOf3jH/+o9S+62WzW999/3+Ajae3Bsrlp
fY6pBQAAAAD8ZyzekBM4m5uxUgMDsSxTkaS9e/dqx44dcnNzU48ePeps26NHD7m4uGjHjh3at2+f
pGsvT5EkPz8/TZ06VefOndPf//73OvfGOHbsmHVWSEM4OTnp3nvvVWhoqA4ePKg333xTu3fvVnl5
ufWempoamUwmffzxx1qzZo2mTJnisFk4/v7+kqT8/HyHPB8AAAAA0PRa/B4cRtarVy+tXr1a33//
vSRp8ODBNh9/Gh0drZ07d2r9+vXWvmozatQoZWVlafv27XrzzTc1ceJE9ezZ0/o8s9ms/Px8JSYm
KjY2Vu7u7oqMjGxw6ODp6amnn35aa9euVXx8vD788ENJUkBAgFq3bq28vDxduHBBbm5uuueeezR6
9Ght3LixQc9qrKioKKWkpGjdunUKCAhQQECAzGaz0tPT5eHhoY4dOzqkLgAAAACA/RBwNKFLT1OR
pP79+9vc1hJwnD9/vtblKRbOzs566KGH1LlzZ61evVoff/yxJKljx47y8PDQmTNnrMtXQkJCNHPm
zEbPqPD09NSMGTM0YsQI7dmzR2lpacrLy1NVVZXCw8PVo0cP9evXzxooVFZWSlKzH+d6++23a9eu
XTp+/Lj+3//7fwoMDFR5ebmKioo0fPhwzZgxo1nrAQAAAADYHwFHE3JyctLAgQOVkZEhd3d3RURE
2Nw2MjJSrVq10vnz52tdnnIpZ2dnjR07Vn379tWePXt09OhRZWdn6+zZs/L391efPn3Us2dP9enT
x24hg5OTk4KDgxUcHFzrfZWVldY9MNzd3e3ybFtZZpts3rxZ+/bt08mTJ+Xn56dbb71Vw4cPb9Za
AAAAAABNw8ncwncKWb58uSRp1qxZDq4EjZGVlaX58+crNDRUL730kqPLAQAAAADYyCjjcjYZRYNV
VVXZfK9ls1RbNlkFAAAAAKC+CDjQIGlpaXrvvfdsOpkkPT1d3333naSLp8EAAAAAAGBv7MGBBtm2
bZuOHj2q1157TaNGjVK/fv0UHBwsNzc36z1FRUXau3evvvrqK124cEGTJ0+uc7NUAAAAAAAagoAD
DXLvvfeqffv2+v777xUbG6vY2Fi5uLjI399fXl5eOnv2rE6fPm29f+rUqRo7dqwDKwYAAAAAXM8I
ONAgrq6uGjdunIYNG6bk5GSlpaUpPT1dhYWFOnHihNq0aaN+/fopLCxM/fv3l7+/v6NLBgAAAABc
xwg40CgeHh6Kjo5WdHS0o0sBAAAAANzA2GQUAAAAAAAYHgEHAAAAAAAwPAIOAAAAAABgeAQcAAAA
AADA8Ag4AAAAAACA4RFwAAAAAAAAwyPgAAAAAAAAhkfAAQAAAAAADI+AAwAAAAAAGB4BBwAAAAAA
MDwCDgAAAAAAYHgEHAAAAAAAwPAIOAAAAAAAgOERcAAAAAAAAMMj4AAAAAAAAIZHwAEAAAAAAAyP
gAMAAAAAABgeAQcAAAAAADA8Ag4AAAAAAGB4BBwAAAAAAMDwCDgAAAAAAIDhEXAAAAAAAADDI+AA
AAAAAACGR8ABAAAAAAAMj4ADAAAAAAAYHgEHAAAAAAAwPAIOAAAAAABgeAQcAAAAAADA8Ag4AAAA
AACA4RFwAAAAAAAAwyPgAAAAAAAAhkfAAQAAAAAADI+AAwAAAAAAGB4BBwAAAAAAMDxXRxdwvXnq
qae0bt26BrWdN2+e5s6d65C+AQAAAMAIdu3apY8++kiSNGPGDA0fPrzBfW3evFkrV66UJEVFRemx
xx5T69atbW5/7tw5HT16VJmZmcrOztbp06d19uxZeXh4yM/PTzfddJM6d+6s7t27KyQkRB4eHg2u
FXUj4LCznJwcQ/YNAAAAADeSLVu2WMONm2++WY888ojN4UZ6ero2b96sbdu2XfX78vJynTlzRpKU
lJQkSWrVqpVGjx6t4cOHq23btnZ4A/w3Ag47S09PlyT1799fM2bMqFfbsLAwh/UNAAAAADeKHTt2
aMWKFZKkrl276rHHHpOnp2ed7UpKSrRu3Tpt2rTpss8DAwMVHh6uDh06qHXr1jKbzSopKVFRUZEO
HDigM2fO6Pz589qwYYM2btyoKVOmaPTo0XJycmqS97tREXDYUXFxsQoLCyVJ/fr109SpUw3RNwAA
AADcKHbv3q1ly5ZJkjp37qxf/epX8vHxqbPdiRMn9NFHH+nEiROSJDc3N40YMUK33XabgoKCrhlW
1NTUKDs7W//+97+1ZcsWXbhwQatWrVJeXp7uvfdeubm52e/lbnAEHHZkCSAkKSAgwDB9AwAAAMCN
YN++fVq6dKkkqUOHDnr88cfVpk2bOtvl5OTo3Xff1blz5yRd3K9j+vTp6tChQ51tnZ2d1aVLF/3i
F7/QiBEj9Mknnyg7O1utW7eWi4tL414IlyHgsCPLGitJat++vWH6BgAAAIDr3aFDh/S3v/1N1dXV
atu2rebOnSt/f/862507d05LliyxhhtjxozR3XffLVfX+g+nu3TpomeffVaJiYkaOXKknJ052NSe
CDjs6NIQol27dobpGwAAAACuZykpKfrggw9UXV0tHx8fzZ07Vx07dqyzndls1qpVq3Tq1ClJ0vDh
wzVt2rRGBRPe3t4aNWpUg9vj2oiL7KigoMB6be8Qoin7BgAAAIDrlclk0vvvv6/z58/Lw8NDc+fO
VXBwsE1tU1JSlJiYKEkKDg5udLiBpsWfjB1dGkLY+9ifpuwbAAAAAK5H6enpWrx4sSoqKuTm5qbH
H39c3bp1s7l9XFyc9XratGlyd3dvijJhJwQcdpSfn2+99vPzM0zfAAAAAHC9ycrK0qJFi1RWViYX
FxfNmTNHERERNrfPz8/XoUOHJEndu3dXZGRkU5UKOyHgsKO8vDxJF89A9vDwMEzfAAAAAHA9ycnJ
0aJFi1RcXCxJmj17tnr37l2vPlJTU63XgwYNuuYxsGg52GTUjrKysiRJrVq10tq1a62fOzs7y8PD
Q+7u7vL19VXnzp3l7+9fr/9BmrJvAAAAALhe5OXlafHixSoqKpIkPfjggxowYEC9+7GMwSQpNDTU
bvWh6RBw2ElNTY3S0tIkSRkZGZo3b16t9wcGBuquu+7SmDFjdMstt9QaSDRl3wAAAABwvcjPz9fi
xYt1+vRpSRf3zRg6dGiD+7Kw5ThZOB5LVOzk7NmzqqystPn+3Nxcffjhh5o+fbqefPLJy9LB5uwb
AAAAAK4Hp0+f1vvvv39ZMJGRkaGqqqoG9VdSUmK9ZnNRY2AGh534+flZZ1n8twsXLuj8+fMqLi7W
yZMnZTKZFB8fr2+++UaStGHDBh0+fFhLly696o6+Tdk3AAAAABhdYWGh3n//feXm5kqS3NzcdOHC
Be3atUvt2rXT3XffXe+Z7TU1NU1Rqj799FNt27ZNkvSnP/1Jvr6+TfKcGxEzOJqBm5ubvLy81LFj
R/Xt21fTpk3Tu+++q9jYWA0ZMkTSxWTxt7/9rc6fP99i+gYAAACAlu7cuXNasmSJsrOzJUnjx4/X
vHnzrIczxMbGKj4+vt79Xho8VFRU2KdYXQxOzp8/z/isCRBwOFB4eLj+9re/KTo6WpKUlJSk7777
rsX3DQAAAAAtQWFhoZYsWaKMjAxJ0p133qlJkyYpNDRUv/zlL633/fOf/9TBgwfr1XdAQID1uqCg
wD4Fo0kRcDiYl5fXZZuGxsXFGaJvAAAAAHC0b7/91rqcf9y4cZoyZYp1KUpUVJRmzpxpvXfp0qXW
WR62CA4Otl4fP37cThWjKRFwtAADBgzQTTfdJElKTEw0TN8AAAAA0BKMGTPmqvtsDBs2TBMnTpQk
lZWV6cMPP1RhYaFNfYaHh1uvExMTZTab7VcwmgQBRwvg6uqqrl27Sro49cme67uasm8AAAAAcLTR
o0dr2rRpcna++vB2woQJuv322yVJJ0+e1NKlS20aFwUEBKhnz56SpGPHjunw4cP2KxpNgoCjhSgr
K7Neu7m5GaZvAAAAAHCUoUOH6n/+53+uGW5IkrOzs+69915FRUVJklJTU/XPf/5T1dXVdfb/s5/9
zHq9du1a/sG4hSPgaAEKCwut68aio6Pl4uJiiL4BAAAAwJFCQ0NrDTcsWrVqpVmzZikkJETSxSUn
//rXv+psFxERoYEDB0qSsrOztXr16iY7PhaNR8BhBzU1Ndq4cWOD12StW7dOVVVVkqRRo0Y1W98A
AAAAcKPw9vbWY489pnbt2kmSNmzYUOfxsU5OTrrnnnvk7+8vSYqPj9eqVausYyy0LAQcdrB+/Xo9
9thj+uMf/2jzhjUWe/bs0cKFCyVd3C9j0qRJzdY3AAAAANxI/P39NWfOHHl4eEiSYmJilJycXGsb
X19fPf744/L19ZUk/fjjj1qyZIlOnjxZ7+efPn1aubm59S8cNiHgaKTq6mp9+OGHkqR//OMfGjNm
jD744AOlpaXVOuuiuLhY//jHP/Tggw+quLhYkvT73/9enTt3bpa+AQAAAOBGFBISol/+8pfWnz/+
+GPl5OTU2qZz58565plnFBgYKEk6ePCgXn/9da1Zs0Y5OTl1zrjPy8vT+vXr9dprr8lkMkmS2rVr
xx6JduZkbuFn3SxfvlySNGvWLAdXcm05OTmaP3++YmNjL/s8PDxct99+u9q3b682bdpIks6ePavk
5GRt2rTJGj5I0tNPP62nnnrqimONmrJvAAAAADCaXbt26aOPPpIkzZgxQ8OHD29QP/Hx8YqJiZEk
dezYUc8++6x1bHUtxcXFWrdunTZv3nzZ5506ddLNN9+s9u3by8PDQzU1NSovL9fp06eVmpp6RYAy
bNgwTZ48WT4+Pg2qvbkZYVwuSa6OLuB6EBQUpPfff19bt25VTEyM4uLiJF3cnTc1NbXWtr1799a8
efM0bNiwZu8bAAAAAG5Uw4YNU1FRkdatW6e8vDwtW7ZMc+fOlbu7+zXb+Pj46P7779dtt92mTZs2
afv27ZKkEydO6MSJE7U+z83NTUOHDtVtt92m0NBQu74LLiLgsBMnJyfdfvvtuv3225WXl6eDBw9q
z549SklJ0alTp5STk6MLFy6offv2CgsLU+/evTVo0CD179+/zpNNmrJvAAAAALhRTZgwQUVFRdqy
ZYtSUlK0cuVKPfTQQ3WezBIaGqpZs2Zp2rRpOnr0qDIyMpSdna3Tp0/r7Nmzcnd3V9u2bXXTTTcp
ODhYISEhCgkJMcyMDaNiiQoAAAAAALgmo4zL2WQUAAAAAAAYHgEHAAAAAAAwPAIOAAAAAABgeAQc
AAAAAADA8Ag4AAAAAACA4RFwAAAAAAAAwyPgAAAAAAAAhkfAAQAAAAAADI+AAwAAAAAAGB4BBwAA
AAAAMDwCDgAAAAAAYHgEHAAAAAAAwPAIOAAAAAAAgOERcAAAAAAAAMMj4AAAAAAAAIZHwAEAAAAA
AAyPgAMAAAAAABgeAQcAAAAAADA8Ag4AAAAAAGB4BBwAAAAAAMDwCDgAAAAAAIDhEXAAAAAAAADD
I+AAAAAAAACGR8ABAAAAAAAMj4ADAAAAAAAYHgEHAAAAAAAwPAIOAAAAAABgeAQcAAAAAADA8Ag4
AAAAAACA4RFwAAAAAAAAwyPgAAAAAAAAhkfAAQAAAAAADI+AAwAAAAAAGB4BBwAAAAAAMDwCDgAA
AAAAYHgEHAAAAAAAwPAIOAAAAAAAgOERcAAAAAAAAMMj4AAAAAAAAIZHwAEAAAAAAAyPgAMAAAAA
ABgeAQcAAAAAADA8Ag4AAAAAAGB4LT7gcHJykiTV1NQ4uBIAAAAAAG4slrG4ZWzekrX4gMPT01OS
VFJS4uBKAAAAAAC4sVjG4paxeUvW4gMOf39/SVJubq6DKwEAAAAA4MZiGYtbxuYtWYsPOLp06SJJ
MplMDq4EAAAAAIAbi2Usbhmbt2QtPuAICwuTl5eX8vPzlZKS4uhyAAAAAAC4IaSkpCg/P19eXl4K
CwtzdDl1avEBhyRFR0dLkhISEpSTk+PgagAAAAAAuL7l5OQoISFB0n/G5C2dIQKOsLAw9ejRQ5IU
FxfHTA4AAAAAAJpISkqK4uLiJEk9evQwxOwNSXIym81mRxdhq+3btys5OVmSFBAQoLCwMAUGBsrb
21vOzobIagAAAAAAaFFqampUUlKi3NxcmUwm5efnS7oYbgwePNjB1dnOUAGHdHGDk6SkJJWWljq6
FAAAAAAArjteXl6Kjo42zMwNC8MFHBYmk0mZmZkqKChQWVmZDPoaAAAAAAA4lJOTkzw9PeXv768u
XboYLtiwMGzAAQAAAAAAYMHGFQAAAAAAwPAIOAAAAAAAgOERcAAAAAAAAMMj4AAAAAAAAIZHwAEA
AAAAAAyPgAMAAAAAABgeAQcAAAAAADA8Ag4AAAAAAGB4BBwAAAAAAMDwCDgAAAAAAIDhEXAAAAAA
AADDI+AAAAAAAACGR8ABAAAAAAAMj4ADAAAAAAAYHgEHAAAAAAAwPAIOAAAAAABgeAQcAAAAAADA
8Ag4AAAAAACA4RFwAAAAAAAAwyPgAAAAAAAAhkfAAQAAAAAADI+AAwAAAAAAGB4BBwAAAAAAMDwC
DgAAAAAAYHgEHAAAAAAAwPAIOG5gGzdu1AsvvKCNGzc263MXL16sOXPmKC0trVmfCwAAAAC4fhFw
2FFJSYnmzJmjOXPmqLy8vN7tX331Vc2ZM0dZWVlNUN3lzGazvv76axUVFenrr7+W2Wxu8mcCAAAA
ANBUCDhuUE5OTpo0aZLatGmjyZMny8nJydElNcqJEycUHx+vo0ePOroUAAAAAIADuDq6ADjO2LFj
NXbsWEeXYRfZ2dmKiYnRz372M918882OLgcAAAAA0MyYwQEAAAAAAAyPgAMAAAAAABgeS1QMqqqq
SgcOHNC+fft0/PhxFRUVqU2bNurevbv69++vXr16ydm59vzq+++/1+rVqzV9+nSNHj26zucdPXpU
e/bs0YkTJ3Ty5En5+PgoMDBQffr0UZ8+feTp6alz587pN7/5jUJCQvS73/3Opnc5e/as9uzZowMH
Dig/P1/l5eVq3769IiMjNXjwYHXo0OGq7bKysjR//vzLPouNjVVsbOxlnz3++OPq16+fTbUAAAAA
AIzJsAGHyWRSZmamCgoKVFZW1iSngMyaNcvufdrD6dOn9cknnyglJUWS5Ofnp8DAQBUVFWnr1q3a
unWr+vTpo1/84hfy9fVt9PNOnDihFStWWI91dXFxUWBgoC5cuKDdu3dr9+7dCggI0IwZM9SpU6d6
9Z2UlKRPP/1UxcXF8vb2lr+/v1xcXJSWlqa0tDTFxsbq/vvv17Bhw65o6+rqqvDwcElScXGx8vLy
5OfnJ39//8vua926db1qWr58eb3uBwAAAAAjc3Jykqenp/z9/dWlSxeFhYU5uqQGMVzAYTKZlJSU
pNLSUkeX4hAFBQV66623VFRUpJEjR+qOO+5Qhw4d5OTkJLPZrPz8fG3atEmbNm3SO++8o+eee65R
IUdmZqbefvttVVRUqF+/fho9erS6desmV9eLf3UqKyt15MgRrV+/Xn/961/rFQrt3btXsbGxuuWW
WzRu3Dh16dLFOuvk3Llz2rJli77++mvFxMTI19dXffv2vax9YGCg5s2bJ0lKTEzU0qVLNXDgQE2d
OrXB7wsAAAAANxqz2azS0lKVlpYqIyNDSUlJio6ONlzQYaiAY/v27UpOTpYkBQQEKCwsTIGBgfL2
9q5zOcb1oKqqSjExMSoqKtIDDzygESNGXPa9k5OTOnTooPvuu09BQUGKiYnR6tWrNWvWrAYdA1ta
WqqlS5eqoqJCEydO1IQJE674Pbdu3Vp9+/ZVZGSkVqxYoU8++cTm/mNjY3XHHXdo+vTpV/Tr6+ur
8ePHy8PDQ5999pm+/PJL9erVyxqsNKWWOnMHAAAAAJpCTU2NSkpKlJubK5PJpPz8fMXHx6ugoECD
Bw92dHk2M0zAcWm4MWTIEEVERDi4otr93//9X71Dl9OnT9f6/eHDh5WcnKxBgwZdEW78t2HDhikt
LU0JCQkaNWqUQkND61WLJG3btk15eXnq06fPVcONS7Vu3VoPPPCAMjMzdfLkSZv69/f31913311r
v8OGDdMPP/yg3NxcZWdnN+g9AAAAAADX5uzsLF9fX/n6+ioiIkIpKSlKSEiwjsGNEnIYIuAwmUzW
X+y4ceMUFBTk4IrqduzYMbv3mZiYKEl1hhsWI0aMUEJCgpKSkhoUDFieN3LkSJvCGk9PT91xxx36
7LPPbOp/6NChde6P4erqqqioKG3atEl5eXkEHAAAAADQxCIiIuTt7a24uDglJyfL39/fEMtVDBFw
JCUlSbo4c8MI4YYkvfvuu/Lw8KhXm1dffVV5eXnX/P7IkSOSpODgYJv6CwoKkouLi1JTU+tVhyRV
VFQoIyNDktSlSxeb23Xt2tXme219Dz8/P0lSeXm5zX0DAAAAABouKChIQ4YMsf6jOQGHHZhMJpWW
liogIKDFL0tpSmVlZSouLpYk/frXv65X29zcXJnN5nrtw3H+/Hnrtaenp83t6nOvrQGQZd+Nqqoq
m/sGAAAAADRORESEdU8Ok8nU4kOOFh9wZGZmSlKL/0U2terqauu15WjU+ravzwadly4dKSsrk4+P
j03tysrKbH7GjbAxLAAAAAAYWVhYmPLz85WZmdnix+UtPuAoKCiQdPFI0BuZl5eXPDw8VF5erief
fFLu7u5N+rzWrVurW7duSktLU0ZGhqKiomxqd/z48SatCwAAAADQfCxjccvYvCVr8f+EbpkR4O3t
7eBKHMvZ2Vm9evWSJKWnpzfLMwcOHChJ2rRp02UzSK6lrKxMmzZtauqyAAAAAADNxDIWr89sfUdp
8QGH2WyWxHIG6T+BQ1xcnGpqapr8eYMGDVKnTp108OBB/etf/6r1mZWVlfr0009tPiLW3iz7i1y6
dwgAAAAAoHEsY3HL2LwlIzUwkN69eys6OlqHDh3SV199Veesii1btig7O7vBz/P09NQjjzwiDw8P
bdiwQUuWLFFKSsplm31WVlZq3759evvtt5WUlKRp06Y1+HmNYUkVMzMzDfE/HgAAAADAvlr8Hhz4
D2dnZz3wwAPKz89XbGyssrOzNW7cOHXv3l1ubm6SpJqaGmVmZurHH3/Ujh07FBUVpSeffLJeJ6hc
qnPnznrppZe0YsUK7d+/X/v375eLi4sCAwNVVVVlPda2Xbt2mjt3rtq1a6c1a9bY7Z1tFRISIk9P
Tx07dkybNm3SyJEj5ezsrPLyciUnJys6OrrZawIAAAAANBCNGU8AACAASURBVB8CDoPx8fHR888/
r1WrVikhIUGHDh1Sq1atFBAQIBcXF+Xn56u8vFySdMstt+i+++5rcLhh0aFDBz3zzDNKTU3V3r17
lZ2drZMnT8rb21vR0dHq3bu3+vbtKy8vL+uMkVatWjX6XevD09NT99xzjz755BN9/vnn+uabb+Tv
768TJ06ourpaf/zjH9WxY8dmrQkAAAAA0HwIOAzI09NTDz74oIYNG6Z9+/YpNTVVubm5cnV1VadO
nRQeHq6oqCiFhYU1OtywcHV1VY8ePdSjR49a77OEK47YFHbIkCHy8/PTli1bZDKZVFhYqB49emjg
wIEKCAho9noAAAAAAM3HydzCNyxYvny5JGnWrFkOrgS2iI+PV0xMjMaPH6/Jkyc7uhwAAAAAQCMZ
ZVzOJqOoVXV1tc2bdprNZu3YsUOS1LVr16YsCwAAAACAyxBwoFY//fSTVq5caV16Upv4+Hilpqaq
ffv2dS5lAQAAAADAntiDA9dUVVWlf//738rNzdX+/fs1btw4RUZGKjAw0Lq3h9lsVl5enrZu3arv
v/9ekjRjxgzrqS4AAAAAADQHAg5ck6urq5577jmtX79e8fHx+vzzzyXpslNbzpw5o+LiYkmSr6+v
fvGLXzB7AwAAAADQ7Ag4UCtfX1/df//9uvPOO3X48GGlpaUpJydHZ86c0YULF+Tn56devXopIiJC
/fr1k6enp6NLBgAAAADcgAg4YBM/Pz8NHTpUQ4cOdXQpAAAAAABcgU1GAQAAAACA4RFwAAAAAAAA
wyPgAAAAAAAAhkfAAQAAAAAADI+AAwAAAAAAGB4BBwAAAAAAMDwCDgAAAAAAYHgEHAAAAAAAwPAI
OAAAAAAAgOERcAAAAAAAAMMj4AAAAAAAAIZHwAEAAAAAAAyPgAMAAAAAABgeAQcAAAAAADA8Ag4A
AAAAAGB4BBwAAAAAAMDwCDgAAAAAAIDhEXAAAAAAAADDI+AAAAAAAACGR8ABAAAAAAAMj4ADAAAA
AAAYHgEHAAAAAAAwPAIOAAAAAABgeAQcAAAAAADA8Ag4AAAAAACA4RFwAAAAAAAAwyPgAAAAAAAA
hkfAAQAA8P/Zu/P4qMq7///vk40kkISwBMIWCMEFVARFQRYFBIWKLCpIK4hAAWtaqctXbN03pFV/
VeGmQnHFKqgFRKCC1hZQEBAUBAw7BhJZQ8hOMjm/P5KZzGTOTCYbkyGv5/3gZjLnnGuuGZs8OO98
rs8FAAACHgEHAAAAAAAIeAQcAAAAAAAg4BFwAAAAAACAgEfAAQAAAAAAAh4BBwAAAAAACHgEHAAA
AAAAIOCF+HsCge6ll17S//3f/3k957rrrtPChQurNH5+fr62bdumb7/9Vrt379bBgwd17NgxhYSE
qGnTpurQoYMuuugiXXvttbrqqqsUERFR4Zj79+/X2rVr9d133+mnn37SsWPH1KRJE7Vu3VoJCQm6
7rrr1KNHD7Vs2bJKcwYAAACAmnbmzBnt3btXhw8fVmpqqjIyMpSZmanQ0FA1btxYLVq0ULt27dSx
Y0e1b99eISG+3+5u2bJF8+fPlyQ98sgjSkxMrJX3cPbsWT3zzDPKysrSkCFDNGLEiFp5nfqKgKOO
ys/P1yeffKJ58+YpNTXV8pyMjAzt27dPa9as0Zw5c5SQkKDZs2erS5culuefPHlSf/vb3/TPf/7T
7VhOTo5SU1O1ceNGLVq0SCEhIZo6daomTpyo2NjYGn1vAAAAAOCr/fv366uvvtLmzZstj+fn5ysr
K0upqanasmWLJCkuLk5Dhw7V1VdfrdDQ0Eq93tKlSzV9+nQFBdX8gofVq1crKyurxsdFCQKOahow
YIBluldUVKQZM2ZUacz9+/drxowZ+u677xzPxcXFaeDAgWrbtq0aN24sqSSUOHjwoL7++msdPnxY
xcXF6tChg+WYO3bs0NSpU/XLL79IkkJCQjRw4EB17dpVsbGxKiws1KlTp/Tjjz/qyy+/VFFRkebM
maPPPvtM8+bNU6dOnar0XgAAAACgKs6ePatPP/1U69atc3m+TZs2SkpKUlxcnMLDw1VYWKisrCwd
P35c27dvV35+vo4fP663335bn3/+ue6++26P90lWUlJStHnzZl177bU1+n6OHDmiNWvW1OiYcEXA
UU3du3dX9+7d3Z7Pz8+vUsCxc+dO/fa3v3UEEb169VJycrJ69OjhscTKZrNp06ZNysnJUWRkpNvx
n3/+Wffee69jzAkTJmjKlCkel6AcP35c7733nubMmaPDhw9rwoQJeuedd5SUlFTp9wMAAAAAlZWa
mqr58+fr2LFjkqSwsDD1799fPXv2VHx8vAzDsLyuoKBAe/fu1YoVK3TgwAGlp6frlVde0YQJE3TV
VVf5/PpLly7V5Zdfbnl/VRWmaWrZsmU1MhY8I+CoQ44dO6bk5GRHEPHQQw9p6tSpCg4O9npdcHCw
evXqZXnMNE099dRTSktLkyQ99dRTGj9+vNfx4uLi9OCDD6pnz56aPHmy0tPT9dhjj+ndd99VWFhY
Fd4ZAAAAAPjm8OHD+tvf/qbc3FxJUteuXXX77bcrLi6uwmsbNGigyy67TJ07d9aGDRv0/vvv69y5
czp37lyl5nD69GmtWbNGw4cPr9J7KO+HH37Q9u3ba2QseMYuKnXIzJkzdfjwYUnS448/rt/97ncV
hhsV2bFjh/773/9Kkn71q19p3LhxPl/bu3dvPfHEE5KkTZs2afHixdWaCwAAAAB4k5GRoblz5zrC
jcGDB2vKlCk+hRvOgoKC1Lt3b02fPl2TJk3y+Athbz7//HOlp6dX+rryCgoKtHTpUklSeHh4tceD
ZwQcdcTGjRv16aefSpKGDh1aYZWFrzZt2uR4PGbMGI+lXJ4MHz7csZRlwYIFKiwsrJF5AQAAAIAz
0zS1ePFiZWRkSJL69++vUaNGVWo3lPIuuugiXXPNNZW6ZsiQIZJKWgEsW7ZMpmlW+fUlae3atY6g
[...]
nsABAAAAxBM4AAAAgHgCBwAAABBP4AAAAADiCRwAAABAPIEDAAAAiCdwAAAAAPEEDgAAACCewAEA
AADEEzgAAACAeAIHAAAAEE/gAAAAAOIJHAAAAEA8gQMAAACIJ3AAAAAA8QQOAAAAIJ7AAQAAAMQT
OAAAAIB4AgcAAAAQT+AAAAAA4gkcAAAAQDyBAwAAAIgncAAAAADxBA4AAAAgnsABAAAAxBM4AAAA
gHgCBwAAABBP4AAAAADiCRwAAABAPIEDAAAAiCdwAAAAAPEEDgAAACCewAEAAADEEzgAAACAeAIH
AAAAEE/gAAAAAOIJHAAAAEA8gQMAAACIJ3AAAAAA8QQOAAAAIJ7AAQAAAMQTOAAAAIB4AgcAAAAQ
T+AAAAAA4gkcAAAAQDyBAwAAAIgncAAAAADxBA4AAAAgnsABAAAAxBM4AAAAgHgCBwAAABBP4AAA
AADiCRwAAABAPIEDAAAAiCdwAAAAAPEEDgAAACCewAEAAADEEzgAAACAeAIHAAAAEE/gAAAAAOIJ
HAAAAEA8gQMAAACIJ3AAAAAA8QQOAAAAIJ7AAQAAAMQTOAAAAIB4AgcAAAAQT+AAAAAA4gkcAAAA
QDyBAwAAAIgncAAAAADxBA4AAAAgnsABAAAAxBM4AAAAgHgCBwAAABBP4AAAAADiCRwAAABAPIED
AAAAiCdwAAAAAPEEDgAAACCewAEAAADEEzgAAACAeAIHAAAAEE/gAAAAAOIJHAAAAEA8gQMAAACI
J3AAAAAA8QQOAAAAIJ7AAQAAAMQTOAAAAIB4AgcAAAAQT+AAAAAA4gkcAAAAQDyBAwAAAIgncAAA
AADxBA4AAAAgnsABAAAAxBM4AAAAgHgCBwAAABBP4AAAAADiCRwAAABAPIEDAAAAiCdwAAAAAPEE
DgAAACCewAEAAADEEzgAAACAeAIHAAAAEE/gAAAAAOIJHAAAAEA8gQMAAACIJ3AAAAAA8QQOAAAA
IJ7AAQAAAMQTOAAAAIB4AgcAAAAQT+AAAAAA4gkcAAAAQDyBAwAAAIgncAAAAADxBA4AAAAgnsAB
AAAAxBM4AAAAgHgCBwAAABBP4AAAAADiCRwAAABAPIEDAAAAiCdwAAAAAPEEDgAAACCewAEAAADE
EzgAAACAeAIHAAAAEE/gAAAAAOIJHAAAAEA8gQMAAACIJ3AAAAAA8QQOAAAAIJ7AAQAAAMQTOAAA
AIB4AgcAAAAQT+AAAAAA4gkcAAAAQDyBAwAAAIgncAAAAADxBA4AAAAgnsABAAAAxBM4AAAAgHgC
BwAAABBP4AAAAADiCRwAAABAPIEDAAAAiCdwAAAAAPEEDgAAACCewAEAAADEEzgAAACAeAIHAAAA
EE/gAAAAAOIJHAAAAEA8gQMAAACIJ3AAAAAA8QQOAAAAIJ7AAQAAAMQTOAAAAIB4AgcAAAAQT+AA
AAAA4gkcAAAAQDyBAwAAAIgncAAAAADxBA4AAAAgnsABAAAAxBM4AAAAgHgCBwAAABBP4AAAAADi
CRwAAABAPIEDAAAAiCdwAAAAAPEEDgAAACCewAEAAADEEzgAAACAeAIHAAAAEE/gAAAAAOIJHAAA
AEA8gQMAAACIJ3AAAAAA8QQOAAAAIJ7AAQAAAMQTOAAAAIB4AgcAAAAQT+AAAAAA4gkcAAAAQDyB
AwAAAIgncAAAAADxBA4AAAAgnsABAAAAxBM4AAAAgHgCBwAAABBP4AAAAADiCRwAAABAPIEDAAAA
iCdwAAAAAPEEDgAAACCewAEAAADEEzgAAACAeAIHAAAAEE/gAAAAAOIJHAAAAEA8gQMAAACIJ3AA
AAAA8QQOAAAAIJ7AAQAAAMQTOAAAAIB4AgcAAAAQT+AAAAAA4gkcAAAAQDyBAwAAAIgncAAAAADx
BA4AAAAgnsABAAAAxBM4AAAAgHgCBwAAABBP4AAAAADiCRwAAABAPIEDAAAAiCdwAAAAAPEEDgAA
ACCewAEAAADEEzgAAACAeAIHAAAAEE/gAAAAAOIJHAAAAEA8gQMAAACIJ3AAAAAA8QQOAAAAIJ7A
AQAAAMQTOAAAAIB4AgcAAAAQT+AAAAAA4gkcAAAAQDyBAwAAAIgncAAAAADxBA4AAAAgnsABAAAA
xBM4AAAAgHgCBwAAABBP4AAAAADiCRwAAABAPIEDAAAAiCdwAAAAAPEEDgAAACCewAEAAADEEzgA
AACAeAIHAAAAEE/gAAAAAOIJHAAAAEA8gQMAAACIJ3AAAAAA8QQOAAAAIJ7AAQAAAMQTOAAAAIB4
AgcAAAAQT+AAAAAA4gkcAAAAQDyBA2mXSBwAACAASURBVAAAAIgncAAAAADxBA4AAAAgnsABAAAA
xBM4AAAAgHgCBwAAABBP4AAAAADiCRwAAABAPIEDAAAAiCdwAAAAAPEEDgAAACCewAEAAADEEzgA
AACAeAIHAAAAEE/gAAAAAOIJHAAAAEA8gQMAAACIJ3AAAAAA8QQOAAAAIJ7AAQAAAMQTOAAAAIB4
AgcAAAAQT+AAAAAA4gkcAAAAQDyBAwAAAIgncAAAAADxBA4AAAAgnsABAAAAxBM4AAAAgHgCBwAA
ABBP4AAAAADiCRwAAABAPIEDAAAAiCdwAAAAAPEEDgAAACCewAEAAADEEzgAAACAeAIHAAAAEE/g
AAAAAOIJHAAAAEA8gQMAAACIJ3AAAAAA8QQOAAAAIJ7AAQAAAMQTOAAAAIB4AgcAAAAQT+AAAAAA
4gkcAAAAQDyBAwAAAIgncAAAAADxBA4AAAAgnsABAAAAxBM4AAAAgHgCBwAAABBP4AAAAADiCRwA
AABAPIEDAAAAiCdwAAAAAPEEDgAAACCewAEAAADEEzgAAACAeAIHAAAAEE/gAAAAAOIJHAAAAEA8
gQMAAACIJ3AAAAAA8QQOAAAAIJ7AAQAAAMQTOAAAAIB4AgcAAAAQT+AAAAAA4gkcAAAAQDyBAwAA
AIgncAAAAADxBA4AAAAgnsABAAAAxBM4AAAAgHgCBwAAABBP4AAAAADiCRwAAABAPIEDAAAAiCdw
AAAAAPEEDgAAACCewAEAAADEEzgAAACAeAIHAAAAEE/gAAAAAOIJHAAAAEA8gQMAAACIJ3AAAAAA
8QQOAAAAIJ7AAQAAAMQTOAAAAIB4AgcAAAAQT+AAAAAA4gkcAAAAQDyBAwAAAIgncAAAAADxBA4A
AAAgnsABAAAAxBM4AAAAgHgCBwAAABBP4AAAAADiCRwAAABAPIEDAAAAiCdwAAAAAPEEDgAAACCe
wAEAAADEEzgAAACAeAIHAAAAEE/gAAAAAOIJHAAAAEA8gQMAAACIJ3AAAAAA8QQOAAAAIJ7AAQAA
AMQTOAAAAIB4AgcAAAAQT+AAAAAA4gkcAAAAQDyBAwAAAIgncAAAAADxBA4AAAAgnsABAAAAxBM4
AAAAgHgCBwAAABBP4AAAAADiCRwAAABAPIEDAAAAiCdwAAAAAPEEDgAAACCewAEAAADEEzgAAACA
eAIHAAAAEE/gAAAAAOIJHAAAAEA8gQMAAACIJ3AAAAAA8QQOAAAAIJ7AAQAAAMQTOAAAAIB4AgcA
AAAQT+AAAAAA4gkcAAAAQDyBAwAAAIgncAAAAADxBA4AAAAgnsABAAAAxBM4AAAAgHgCBwAAABBP
4AAAAADiCRwAAABAPIEDAAAAiCdwAAAAAPEEDgAAACCewAEAAADEEzgAAACAeAIHAAAAEE/gAAAA
AOIJHAAAAEA8gQMAAACIJ3AAAAAA8QQOAAAAIJ7AAQAAAMQTOAAAAIB4AgcAAAAQT+AAAAAA4gkc
AAAAQDyBAwAAAIgncAAAAADxBA4AAAAgnsABAAAAxBM4AAAAgHgCBwAAABBP4AAAAADiCRwAAABA
PIEDAAAAiCdwAAAAAPEEDgAAACCewAEAAADEEzgAAACAeAIHAAAAEE/gAAAAAOIJHAAAAEA8gQMA
AACIJ3AAAAAA8QQOAAAAIJ7AAQAAAMQTOAAAAIB4AgcAAAAQT+AAAAAA4gkcAAAAQDyBAwAAAIgn
cAAAAADxBA4AAAAgnsABAAAAxBM4AAAAgHgCBwAAABBP4AAAAADiCRwAAABAPIEDAAAAiCdwAAAA
APEEDgAAACCewAEAAADEEzgAAACAeAIHAAAAEE/gAAAAAOIJHAAAAEA8gQMAAACIJ3AAAAAA8QQO
AAAAIJ7AAQAAAMQTOAAAAIB4AgcAAAAQT+AAAAAA4gkcAAAAQDyBAwAAAIgncAAAAADxBA4AAAAg
nsABAAAAxBM4AAAAgHgCBwAAABBP4AAAAADiCRwAAABAPIEDAAAAiCdwAAAAAPEEDgAAACCewAEA
AADEEzgAAACAeAIHAAAAEE/gAAAAAOIJHAAAAEA8gQMAAACIJ3AAAAAA8QQOAAAAIJ7AAQAAAMQT
OAAAAIB4AgcAAAAQT+AAAAAA4gkcAAAAQDyBAwAAAIgncAAAAADxBA4AAAAgnsABAAAAxBM4AAAA
gHgCBwAAABBP4AAAAADiCRwAAABAPIEDAAAAiCdwAAAAAPEEDgAAACCewAEAAADEEzgAAACAeAIH
AAAAEE/gAAAAAOIJHAAAAEA8gQMAAACIJ3AAAAAA8QQOAAAAIJ7AAQAAAMQTOAAAAIB4AgcAAAAQ
T+AAAAAA4gkcAAAAQDyBAwAAAIgncAAAAADxBA4AAAAgnsABAAAAxBM4AAAAgHgCBwAAABBP4AAA
AADiCRwAAABAPIEDAAAAiCdwAAAAAPEEDgAAACCewAEAAADEEzgAAACAeAIHAAAAEE/gAAAAAOIJ
HAAAAEA8gQMAAACIJ3AAAAAA8QQOAAAAIJ7AAQAAAMQTOAAAAIB4AgcAAAAQT+AAAAAA4gkcAAAA
QDyBAwAAAIgncAAAAADxBA4AAAAgnsABAAAAxBM4AAAAgHgCBwAAABBP4AAAAADiCRwAAABAPIED
AAAAiCdwAAAAAPEEDgAAACCewAEAAADEEzgAAACAeAIHAAAAEE/gAAAAAOIJHAAAAEA8gQMAAACI
J3AAAAAA8QQOAAAAIJ7AAQAAAMQTOAAAAIB4AgcAAAAQT+AAAAAA4gkcAAAAQDyBAwAAAIgncAAA
AADxBA4AAAAgnsABAAAAxBM4AAAAgHgCBwAAABBP4AAAAADiCRwAAABAPIEDAAAAiCdwAAAAAPEE
DgAAACCewAEAAADEEzgAAACAeAIHAAAAEE/gAAAAAOIJHAAAAEA8gQMAAACIJ3AAAAAA8QQOAAAA
IJ7AAQAAAMQTOAAAAIB4AgcAAAAQT+AAAAAA4gkcAAAAQDyBAwAAAIgncAAAAADxBA4AAAAgnsAB
AAAAxBM4AAAAgHgCBwAAABBP4AAAAADiCRwAAABAPIEDAAAAiCdwAAAAAPEEDgAAACCewAEAAADE
EzgAAACAeAIHAAAAEE/gAAAAAOIJHAAAAEA8gQMAAACIJ3AAAAAA8QQOAAAAIJ7AAQAAAMQTOAAA
AIB4AgcAAAAQT+AAAAAA4gkcAAAAQDyBAwAAAIgncAAAAADxBA4AAAAgnsABAAAAxBM4AAAAgHgC
BwAAABBP4AAAAADiCRwAAABAPIEDAAAAiCdwAAAAAPEEDgAAACCewAEAAADEEzgAAACAeAIHAAAA
EE/gAAAAAOIJHAAAAEA8gQMAAACIJ3AAAAAA8QQOAAAAIJ7AAQAAAMQTOAAAAIB4AgcAAAAQT+AA
AAAA4gkcAAAAQDyBAwAAAIgncAAAAADxBA4AAAAgnsABAAAAxBM4AAAAgHgCBwAAABBP4AAAAADi
CRwAAABAPIEDAAAAiCdwAAAAAPEEDgAAACCewAEAAADEEzgAAACAeAIHAAAAEE/gAAAAAOIJHAAA
AEA8gQMAAACIJ3AAAMD/t3fv0XGW94HHfzMa2TI2lgzFI24SYCw3EIsCJWnZiPQUaC6ILdRum8W0
TSA0sOScTXdLu2mzPdmeJs0SurtpFxpuSUNsTrZrN03tbJrYaRKUQtdJL7FTCBIYLEOiESaxAINk
aWb2D3dU2xrZWJI180ifzzk6grn+PH/o6P3qeZ8XgOQJHAAAAEDyBA4AAAAgeQIHAAAAkDyBAwAA
AEiewAEAAAAkT+AAAAAAkidwAAAAAMkTOAAAAIDkCRwAAABA8gQOAAAAIHkCBwAAAJA8gQMAAABI
nsABAAAAJE/gAAAAAJIncAAAAADJEzgAAACA5AkcAAAAQPIEDgAAACB5AgcAAACQPIEDAAAASJ7A
AQAAACRP4AAAAACSJ3AAAAAAyRM4AAAAgOQJHAAAAEDyBA4AAAAgeQIHAAAAkDyBAwAAAEiewAEA
AAAkT+AAAAAAkidwAAAAAMkTOAAAAIDkCRwAAABA8gQOAAAAIHkCBwAAAJA8gQMAAABInsABAAAA
JE/gAAAAAJIncAAAAADJEzgAAACA5AkcAAAAQPIEDgAAACB5AgcAAACQPIEDAAAASJ7AAQAAACRP
4AAAAACSJ3AAAAAAyRM4AAAAgOQJHAAAAEDyBA4AAAAgeQIHAAAAkDyBAwAAAEiewAEAAAAkT+AA
AAAAkidwAAAAAMkTOAAAAIDkCRwAAABA8gQOAAAAIHkCBwAAAJA8gQMAAABInsABAAAAJE/gAAAA
AJIncAAAAADJEzgAAACA5AkcAAAAQPIEDgAAACB5AgcAAACQPIEDAAAASJ7AAQAAACRP4AAAAACS
J3AAAAAAyRM4AAAAgOQJHAAAAEDyBA4AAAAgeQIHAAAAkDyBAwAAAEiewAEAAAAkT+AAAAAAkidw
AAAAAMkTOAAAAIDkCRwAAABA8gQOAAAAIHkCBwAAAJA8gQMAAABInsABAAAAJE/gAAAAAJIncAAA
AADJEzgAAACA5AkcAAAAQPIEDgAAACB5AgcAAACQPIEDAAAASJ7AAQAAACRP4AAAAACSJ3AAAAAA
yRM4AAAAgOQJHAAAAEDyBA4AAAAgeQIHAAAAkDyBAwAAAEiewAEAAAAkT+AAAAAAkidwAAAAAMkT
OAAAAIDkCRwAAABA8gQOAAAAIHkCBwAAAJA8gQMAAABInsABAAAAJE/gAAAAAJIncAAAAADJEzgA
AACA5AkcAAAAQPIEDgAAACB5AgcAAACQPIEDAAAASJ7AAQAAACRP4AAAAACSJ3AAAAAAyRM4AAAA
gOQJHAAAAEDyBA4AAAAgeQIHAAAAkDyBAwAAAEiewAEAAAAkT+AAAAAAkidwAAAAAMkTOAAAAIDk
CRwAAABA8gQOAAAAIHkCBwAAAJA8gQMAAABInsABAAAAJE/gAAAAAJIncAAAAADJEzgAAACA5Akc
AAAAQPIEDgAAACB5AgcAAACQPIEDAAAASJ7AAQAAACRP4AAAAACSJ3AAAAAAyRM4AAAAgOQJHAAA
AEDyBA4AAAAgeQIHAAAAkDyBAwAAAEiewAEAAAAkT+AAAAAAkidwAAAAAMkTOAAAAIDkCRwAAABA
8gQOAAAAIHkCBwAAAJA8gQMAAABInsABAAAAJE/gAAAAAJIncAAAAADJEzgAAACA5AkcAAAAQPIE
DgAAACB5AgcAAACQPIEDAAAASJ7AAQAAACRP4AAAAACSJ3AAAAAAyRM4AAAAgOQJHAAAAEDyBA4A
AAAgeQIHAAAAkDyBAwAAAEiewAEAAAAkT+AAAAAAkidwAAAAAMkTOAAAAIDkCRwAAABA8gQOAAAA
IHkCBwAAAJA8gQMAAABInsABAAAAJE/gAAAAAJIncAAAAADJEzgAAACA5AkcAAAAQPIEDgAAACB5
AgcAAACQPIEDAAAASJ7AAQAAACRP4AAAAACSJ3AAAAAAyRM4AAAAgOQJHAAAAEDyBA4AAAAgeQIH
AAAAkDyBAwAAAEiewAEAAAAkT+AAAAAAkidwAAAAAMkTOAAAAIDkCRwAAABA8gQOAAAAIHkCBwAA
AJA8gQMAAABInsABAAAAJE/gAAAAAJIncAAAAADJEzgAAACA5AkcAAAAQPIEDgAAACB5AgcAAACQ
PIEDAAAASJ7AAQAAACRP4AAAAACSJ3AAAAAAyRM4AAAAgOQJHAAAAEDyBA4AAAAgeQIHAAAAkDyB
AwAAAEiewAEAAAAkT+AAAAAAkidwAAAAAMkTOAAAAIDkCRwAAABA8gQOAAAAIHkCBwAAAJA8gQMA
AABInsABAAAAJE/gAAAAAJIncAAAAADJEzgAAACA5AkcAAAAQPIEDgAAACB5AgcAAACQPIEDAAAA
SJ7AAQAAACRP4AAAAACSJ3AAAAAAyRM4AAAAgOQJHAAAAEDyBA4AAAAgeQIHAAAAkDyBAwAAAEie
wAEAAAAkT+AAAAAAkidwAAAAAMkTOAAAAIDkCRwAAABA8gQOAAAAIHm5Wg8wHeVy+bDvAAAAwPHL
ZDKHfU9RcoGjXC5HuVyOUqk0/h0AAACYnmw2G5lMZvx7arEjqcBRKpWiVCpFsViM9S88El8e+k78
w6vPxA8O/CiKIXQAAADA8WqIbJy+YFlcctK58bbmi+LG066IhoaGyGazkc2ms7NFppzI+R2lUinG
xsbis4PfiD/8wV/GcwderPVIAAAAMOecteDU+ODp18WvLH9r5HK5ZCJHEoGjVCrF6Oho/Obuh+L+
F75a63EAAABgzrvltCvjrvZfjcbGxiQiR92folIsFmNsbEzcAAAAgFlUOQa/q/1XI5fLRUNDQ40n
Orq6TjCVPTc+O/gNcQMAAABm2f0vfDU+O/iN8ePzela3gaNyhZTR0dH42MAXaj0OAAAAzEsfG/hC
jI6Ojl/NtF7VZeCoXAq2WCzGhr09NhQFAACAGnnuwIuxYW9PFIvF8eP1elR3gaPyYVWWv3x56Du1
HgkAAADmtS8PfWf8OL1eI0ddBY7Kh1T5Ghsbi3987dlajwUAAADz2j++9myMjY1NOG6vJ3UTOA79
YCqnpxSLxRgY3VfDqQAAAICB0X3jx+lHHr/Xi7oJHBGHr+CoLH0pRn3v0goAAABzXTFKE05Rqae4
EVGngWM8bhSLtR4JAAAAiIhisVjX+3DUReA49IOpfFgCBwAAANSPQwNHqXTwbIt6Ch11ETgqKh9K
ZRVHvXxIAAAAMN8deaxeb8fsdRM4jtyJ9dAiBAAAANRWtT046ily1E3gqKjXDwoAAADms3o/Xq95
4DjyQ6n3DwwAAADmo6Mdr9fD8XvNA8fR1MMHBAAAANT/MXpdBw4AAACA10PgAAAAAJIncAAAAADJ
EzgAAACA5AkcAAAAQPIEDgAAACB5AgcAAACQPIEDAAAASJ7AAQAAACRP4AAAAACSJ3AAAAAAyRM4
AAAAgOQJHAAAAEDyBA4AAAAgeQIHAAAAkDyBAwAAAEhertYDAACvz8kNi+KFn/p0RER8pvC1eN9T
907pdToXt8f2n/hvERHxyR98JT6w61PH9d5T1ffaD2L1P/zGhNv/x3nvidtOf1tERGwYfCRu7rvn
uF/7rnN/Ld5/xjsiIuJDux+Ou577q8Puf+ayP43TFyybwtQTDZdGo+WxX5mR1wIAZo4VHACQoF/N
/0y87/Sfq/UYM+KDz66Pf9r/bERE3LC8K/7daV3H9fy3L7t4/LPYtm/HhLgBAMwPVnAAQIIykYmP
tN8QO/bvjsdeenJW3/uRocfjvoGtx/28l4qvVr19uDQatz91X3z5jb8XSxqa4s5zfyUee/nJeHZ4
8Jiv+WONS+MTK26KxkxDDI4Oxe1P3V/1ce9/+oFYlF0w6ev8xOJz4zfP+rcREfHAwLb4+tA/T/rY
sXLxmHMBALNP4ACARC1paIoHVt4Wb93xe7F39KVZe98Xx16OjXsfm9HX/PtXdsVH92yKj56zLk5r
XBr3rLgl3vnPHznm8/54xc3RvvC0KEU57njmodg98kLVx33xh39/1NdZmG0c/+9nRwZn/N8HAJx4
TlEBgIStaGqN+1feVusxZsR/f35zfPlH/xQRET/bsjr+81nXH/XxN7deGdef+qaIiHio8PX43y/8
7QmfEQCoXwIHACSoZ+jx+OHYKxER8Y5lF8d/afvFGk80M97/9AMxcGBfRET81tnXxZtP7qj6uB9f
dGb8QfsNkYlMfO+15+OOZx6azTEBgDokcABAgvaOvRwfePpT4/tB3HHWz8e1p/xkjaeavj0je+OO
Zz4TpSjHSdmFcff5742TsgsnPO6e82+JZbnF8VrpQNz+1P3xcvG1GkwLANQTgQMAEvXnex+NT3z/
ixERsSCTi7vPvyVWNLXWeKrp+z97H4uHCl+PiIg3ntQWd557+CVZP9z+y3H50h+PiIi7nvtC/O1L
35v1GQGA+iNwAEDCfvfZh2Pbvh0REbG8sTk+3XF7NGYaajzV9N3xzEPxxKvPRUTEe/I/G79w6psj
IuKtzRfGB87ojoiDV3P5yJ5NNZsRAKgvAgcAJO6m3rvj6eGBiIh408kr4xMrbqrxRNP3cvG1eP/T
D8RrpQPRkMnGH5337ljR1Bp/suLmaMo2xoujL8dtT91X6zEBgDoicABA4gZHh+KWvk/GK8XhiDi4
4uHm1itrPNX0/e1L34s/eu6vIiLi9AXL4hudvx8di86IcpTjt59dPx51AAAiInK1HgAAmL5HX/pe
fPDZDfHHK26KTGTiD8+5MXbu74/tL/fN+Htdf+qbY/jffO64nnNz3z2xYfCR436vP9izMa5oviCu
aL4gfqxxaUREfO6Fb8b6wW8c92sBAHObFRwAMEfcP7A1Pl34m4iIWNqwKB5YeVuckju5xlNN3+df
/H+H/f/Wf9lzBADgUFZwAMAc8h+e/lRceNLZ8eaTO6Jj0Rlx78r3xS8+cdeMvscjQ4/HfQNbj+s5
33r5qSm9V8eiM+JDZ6897LaPnXNj/N1LvbFruDCl1wQA5iaBAwDmkNFyMd7Te3d8dfWH4/QFy+La
U34yfufsX4iP7vmLGXuPF8dejo17H5ux1zua+1beGqc2nhxj5WJ8pvD1uLn1ylje2ByfPP998XPf
/f1ZmQEASINTVABgjtk1XIhbn7o3RkqjERHx22ddH+885ZIaT3X8PnbOjfFTJ3dERMQnf/CVuP3p
++Mv/uV0lSuaL4j/2v6uWo4HANQZgQMA5qAv/+if4iN7NkVExMJsY9y94pY4p2l5jad6/bpPuTTe
f8Y7IiLi2688HR98dn1ERLz/qQfGT035wBnXxM8tu6hmMwIA9UXgAIA56s7n/jI27f27iDh4mdVP
r7w9GjMNNZ7q2M5ccEr88YqbI5dpiB+N7Y9b++6N0XIxIiJ+OPZy3P70/TFSGo2F2cb4kxXvjeWN
zTWeGACoBwIHAMxhtz51b+zc3x8RET+9dFXcde6v1XiiY/vkyvfFGQtOiXKU40O7H47vvtp/2P1f
2/fd+PjzX4iIiPaFp8U95/96LcYEAOqMwAEAc9jLxdfi5r6744djr0RExC2nXx3vWHZxjaea3O+c
/QtxdcvB007+/IVH48GBr1Z93B/0b4yv7ftuRBw8neU3zuyetRkBgPokcADAHLdj/+74wNOfirFy
MbKRiQ+evabWI1X11uYL446zrouIiKdeG4gP7PrUUR9/61P3RuHAvoiI+NDZvxhv/pcNSQGA+Ung
AIB54M/3Phqf+P4XIyKiKdtY42kmOiV3ctxz/i2xKLsgXisdiH//9H3xo7H9R33O7pEX4j8+82dR
LJdiccPC+OT5vx4nNyyapYkBgHqTq/UAAMDs+N1nH46LFp8TV7V0Tut1Ts2dHGt/7Ken9Nx/fOWZ
eHp4YMLtd5//3ljR1BoRER9/7i/jkaHHX9frbdr7d/GWpW+I205/W7zhpLPif573nri5754pzQYA
pE3gAIB55Kbeu+Prnb8f5zXlp/waVzRfEFc0XzCl5/7mM5+J//X9Lx122+2nvz2uP/XNERHxN/t2
xkf3/MVxveZvPfNQvOnklXHpkvPihuVd0fPSE/Fnha9NaT4AIF1OUQGAeWRwdCje2/en8UpxuNaj
RETEpUvOiw+3/3JERBQO7IvbnrrvuF9jtFyM2566N/aN7Y9MZOIPz7kxLjzp7JkeFQCoc5lyuVyu
5QCVty+VSlEqlWJsbCzGxsZiZGQkXn311ejY81u1HA8AAACIiN6z74yTTjopFi5cGLlcLnK5XGSz
2chmD66dyGQyNZ3PCg4AAAAgeQIHAAAAkDyBAwAAAEiewAEAAAAkT+AAAAAAkidwAAAAAMkTOAAA
AIDkCRwAAABA8gQOAAAAIHkCBwAAAJA8gQMAAABInsABAAAAJE/gAAAAAJIncAAAAADJEzgAAACA
5AkcAAAAQPIEDgAAACB5AgcAAACQPIEDAAAASJ7AAQAAACRP4AAAAACSV/eBo6H+RwQAAIA5LYVj
87qdMJPJRETE8oalNZ4EAAAA5rfKsXnlWL0e1W3giDj4wb0xd2atxwAAAIB57Y25M+s6bkTUceDI
ZDKRyWTiigUdtR4FAAAA5rUrFnSMH6fXq7oNHBER2Ww2rj/p0mjNNtd6FAAAAJiXWrPNcf1Jl0Y2
W9cJob4DRyaTiWw2G7c2vbXWowAAAMC8dGvTWyObzdb16o2IRALHzzddHGtzl9R6HAAAAJhX1uYu
iZ9vuljgmAnZbDYaGhrijqa3xZqGi2s9DgAAAMwLaxoujjua3hYNDQ11f3pKRESu1gMc6dBNSyrf
GxoaIpfLxX9acHV0HFgenyo9FoXyS7UcEwAAAOakfGZp3JT96bh2wUWRy+WioaEhIuKwY/V6XM2R
KZfL5VoPUS6Xo1QqRalUimKxGGNjYzE6Ohqjo6Nx4MCBw74q9//f4nfj0dKu+F4U4oXSy1HK1Pyf
AQAAAMnJljNxWvbk+PHIx+XZ8+KdDW8cDxsLFiw47KuxsTEaGxvH789ms3Vz+krdBY5SqRRjY2Mx
NjYWBw4cGI8cleAxNjYWxWIxyuXy+PMAAACA6amEikwmM34mRSVoVOLGggULIpfLRS6XG48b9RI4
6uYUlcqHeOjXoR9WZS+OcrkcmUxmPG5UbgMAAACmphIoKrGicgx+5HF5tWP3elE3gSMiJoSNhoaG
KJVKkcvlDosYxWIxSqVSXX2QAAAAkLpD40ZlpUbldJQjT0mpt2PyuggclQ+lsjrjyMhROR2lIpvN
RqlUmnA7AAAAMDVHHo8fGTiqxY16Ch11ETgqDl0SUy6Xx3dqPfT+bDY7voJD3AAAAICZc+gKjmqr
OKzgeB0O/WAqH2i1xxx66orAAQAAADPnyDMqKpHj0FNU7MFxHCYLHJUPubLBqMABAAAAM6dyPF65
ksqhoaOerphSTV0FjiM/pEMjOg+Q5gAADltJREFURyaTiVKpNB447L8BAAAAM+toVzat59UbEXUW
OCKqR45DP1ybiwIAAMCJc+gx+KHf6zluRERkynVaCipjHbpa48gvAAAAYGZVixlHXjmlHtVt4Ig4
PHJUvh95GwAAADBzql0Ctt7jRkQdnqJyqGofXOU2gQMAAABm3pFXOT3ytnpV14Gj4mihAwAAADgx
Ujr2TiJwVKT0wQIAAACzJ3vshwAAAADUN4EDAAAASJ7AAQAAACRP4AAAAACSJ3AAAAAAyRM4AAAA
gOQJHAAAAEDyBA4AAAAgeQIHAAAAkDyBAwAAAEiewAEAAAAkT+AAAAAAkidwAAAAAMkTOAAAAIDk
CRwAAABA8gQOAAAAIHkCBwAAAJA8gQMAAABInsABAAAAJE/gAAAAAJKXiYhyrYcAAAAAmA4rOAAA
AIDkCRwAAABA8gQOAAAAIHkCBwAAAJA8gQMAAABInsABAAAAJE/gAAAAAJIncAAAAADJEzgAAACA
5AkcAAAAQPIEDgAAACB5AgcAAACQPIEDAAAASJ7AAQAAACRP4AAAAACSJ3AAAAAAyRM4AAAAgOQJ
HAAAAEDyBA4AAAAgeQIHAAAAkDyBAwAAAEiewAEAAAAkT+AAAAAAkidwAAAAAMkTOAAAAIDkCRwA
AABA8gQOAAAAIHkCBwAAAJA8gQMAAABInsABAAAAJC9X6wEAgLkln89HPp+P5ubmiIhYvnx5REQM
Dg5GRMTQ0FAUCoUoFAo1mxEAmHsyEVGu9RAAQNo6OjrGv5qaml7Xc4aHh6O3t3f8CwBgOgQOAGDK
Ojs74y1veUu0tLRM63X27dsX3/zmN2PHjh0zNBlAbTU1NcU111wTq1atiuHh4diwYYOVa3CCCRwA
wHFrb2+PK6+8MlpbW2f0dfv7+6Onpyd27949o68LMJvy+XysW7fusBVtIyMjcffdd8fw8HANJ4O5
rSEiPlzrIQCAdHR2dsbatWtjyZIlM/7azc3N0dnZOb5PB0BqOjs747rrrptwul4ul4v9+/fH888/
X6PJYO6zyShM0aJFi2LlypXjm+jVk2KxGHv27Ik9e/bUehRgjunu7o7Ozs7X/fj+/v7D/r+tre11
v09bW1ts2bLluOYDqKWrrroq3vSmN016/759+2ZxGph/BA6YgmXLlsW73/3uWLRoUa1HOapvf/vb
8ZWvfKXWYwBzxJo1a2LVqlVHfUxfX1/09vbG7t27x3+Rz2QyUS7/6xmxLS0t0d7eHh0dHbFy5cpJ
X6uzszOamppi48aNM/MPADhBmpqaoru7Ozo6OiZ9zM6dO22oDCeYPThgCrq6uqKrq6vWYxxTqVSK
O++8M0qlUq1HARJ3rJUb/f39sWXLlhgaGjosZhxNJpOJ5ubm8dUak9mxY4eVHEDdyufzcc011xx1
T6Jt27bF9u3bZ3EqmJ+s4IApmO7VAmZLNpuNpUuXWg4JTEtnZ+ekcWNkZCQ2btwY/f39rztsVJTL
5di3b19s2LAh2traYu3atbFw4cKq79/f3+8KK0DdaW9vjzVr1kx6eeyRkZHYvHmzlRswS2wyClOw
YMGCYy7TrgdDQ0PR09NT6zGAhLW3t8fatWur3jc4OBibNm2akQ3zhoaGYteuXXHWWWfF4sWLJ9zf
0dER/f39MTQ0NO33ApgJl112WVx33XWRy1X/m3HlZ6SrQsHsEThgCgYHByPi4G7/kxX7WqssF9+/
f3+tRwEStmbNmqpXSxkcHIz169fP6Aqx/fv3x+OPPx4rVqyoGjlaWlqs4gDqQnd3d1x++eWT3t/f
3x+f+9znrKKFWWYPDkhMJpN53Y893uXiAIfq7OyM7u7uCbePjIzEhg0bYmBg4IS8b2tra6xbt67q
6SpbtmwROYCaaWpqihtuuOGo+21861vfim3btvk9DGogW+sBgONTLpdf9xfAdEy2mfLGjRtPWNyI
iBgYGJj0yikpbPAMzE35fD5uv/32o8aNLVu2xNatW/0eBjUicAAAE3R0dERzc/OE2/v7+2flfPLd
u3dHf3//hNubm5uPehlGgBOhs7Nz0pVlEQdXtj344INWmEGNCRwAwASTbaQ8m5drney9UtjkGZg7
rrrqquju7p5037XBwcF48MEHo1AozPJkwJFcJhYAmKDaKom+vr5Z3TBv37590dfXFytXrjzs9ra2
tlmbAZi/mpqaoru7+6irxnbu3Blbt26N4eHhWZwMmIwVHADAYfL5fNVl2E8++eSsz1LtdJjm5ubI
5/OzPgswf+Tz+Vi3bt1R40ZPT09s3rxZ3IA6InAAAIeZLB5U2xPjROvt7a16u8ABnCjt7e1x4403
TvpzZmRkJDZu3Bg9PT2zPBlwLE5RAQAOU21z0YiY1dNTjvWek80IMB0dHR2xdu3aSe8fGhqKTZs2
ndArSQFTJ3DAFLW3t8fq1aujpaVlRl93Ji4rViwW4/nnn4/t27fHyMjIDEwFzHe1WL1RMTg4GMuX
L6/Z+wPzQ1NTU1x99dWT3t/f3x8bN250SgrUMYEDpqC9vT3WrVtX6zGO6rzzzov29vZYv359rUcB
EtPe3l7rEQ5T7WCitbW1BpMAc1k+n590dVhfX19s3LhxRv4QBZw49uCAKUhlB/+2trZJL2kGAMC/
OtrKjLa2tmR+/4P5TOAAAA5T7coltVTtii7OfwdmWqFQiL6+vqr3LVy4MNatWxednZ2zPBVwPAQO
mIJanot+PPr7+50nCsyIWv7l0hVTgNmyefPmo/6e193dHd3d3bM4EXA87MEBU7B79+7YsGHDCdlk
dCYUi8V47rnnYvv27bUeBUjQ0NBQ1dtbWlpm/Uoqk/2MnWxGgOkYHh6O9evXx7XXXhurV6+u+pjO
zs5Yvnx5PPzww/6QBHVG4IAp2r1797SXcWcymRmaZiKbYAFTVSgUqt7e1tY264Gjo6Oj6u2TzQgw
EzZv3hy7d++edLVGa2tr3HTTTbFp0yY/j6COOEUFaqhcLp+wL4CpKhQKVS8xvWrVqlmfpdoVXYaG
hhxQACfcjh074sEHH6z68zDi4AqzG2+80b4cUEcEDgBggt7e3gm3rVy5clZPy2tpaYmVK1dOuD2V
fZCA9BUKhXjwwQdjcHCw6v0LFy6M7u7u6OrqmuXJgGoaIuLDtR4CAKg/F1xwwYTb8vl87NixY1be
f+3atdHc3Dzh9p6ennjxxRdnZQaA4eHhePzxx2PJkiWTbnrc3t4e+Xw+du3aFWNjY7M8IVBhBQcA
MEFvb2/VjTzb2tqqnjYy09rb26teuWVoaKjq6hKAE2l4eDg2b94cPT09kz6mo6Mj1q1bV5cb0MN8
YQUHAFDVyMhI1U0+V61aFbt27Yr9+/efkPfN5/Pxrne9K3K5iXuhb9u2zf4bQM309/dHoVCIFStW
VP0ZtWTJkujs7Izvf//7rvYENSBwAABVFQqFWLVqVSxevPiw23O5XJx55pnxxBNPzPhS7Kampliz
Zk3Vv4D29/fH1q1bZ/T9AI7Xiy++GM8880ycd9550dTUNOH+XC4XnZ2dNkSGGshEhMstwBQ1NzfX
5TLEYrEYAwMDzgEFpq29vT3WrVtX9b5CoRBbtmyZsV/g8/l8dHd3T3qO+4YNG6Z9eW6AmdLU1BRr
166tejpdxY4dO2LLli2zOBXMbwIHTEFjY2P80i/90qychz5Vo6Oj8dd//dexc+fOWo8CJK6zszO6
u7ur3jc8PBybNm2adnhob2+PNWvWVP1raETEF7/4xfjOd74zrfcAmGmZTCa6u7tj9erVkz5mYGAg
Hn744RgeHp7FyWB+cooKTMGll14al1xySa3HOKqGhoY499xz49FHH631KEDiCoVCtLS0VF1ZUVmK
3dbWFnv27DnuX+BbWlpizZo10dXVVfV89oiInTt3xiOPPDKl2QFOtN7e3njppZeq7lkUcXBfjje8
4Q3R399/wvYuAg4SOGAKLrroojj99NNrPcYxNTQ0xM6dO/3FAJi23t7eaG1tjVNPPbXq/S0tLXHZ
ZZdFPp+PxYsXx6uvvjrpz56WlpZYvXp1XH755fH2t7/9qKf69fX1xec///kZ+TcAnCiFQiF6e3vj
wgsvrBprm5qa4sILL4wnnnjC72VwAjlFBabgsssui6uvvrrWYxzT6OhofPzjH6/1GMAccu211x51
KfaRCoVCjIyMRETEwoULJ91fo5qdO3fG5s2bj3tGgFppaWmJtWvXxvLly6vev23btti+ffssTwXz
hxUcMAV79+6NM888sy43GK0YGxuLL33pSzE4OFjrUYA5pLe3N4aGhiZdin2kJUuWRHNzczQ3N8eS
JUte9/ts2bIlenp6pjomQE0MDw/H448/HkuWLKkadB977DGXj4UTyAoOmIalS5fGsmXLaj3GBMVi
MQqFQoyOjtZ6FGCOam9vj66urqNePWAq+vv7o6enx9VSgOR1dXVFV1fX+P9blQYnnsABAExZZ2dn
dHV1RXNz87ReZ2hoKHp6emLHjh0zNBlA7eXz+ejo6IiRkRGnpsAsEDgAgGnr6OiIVatWRUdHRyxc
uPB1PWdoaCj6+/vjySefjN7e3hM8IQAw1wkcAMCMyufzkc/nx1d1tLa2RkTEwMBARBwMG4VCIQqF
Qs1mBADmHoEDAAAASF621gMAAAAATJfAAQAAACRP4AAAAACSJ3AAAAAAyRM4AAAAgOQJHAAAAEDy
BA4AAAAgeQIHAAAAkDyBAwAAAEiewAEAAAAkT+AAAAAAkidwAAAAAMkTOAAAAIDkCRwAAABA8gQO
AAAAIHkCBwAAAJA8gQMAAABInsABAAAAJE/gAAAAAJIncAAAAADJEzgAAACA5AkcAAAAQPIEDgAA
ACB5AgcAAACQPIEDAAAASJ7AAQAAACRP4AAAAACSJ3AAAAAAyRM4AAAAgOQJHAAAAEDy/j91Fua5
7YfD+gAAAABJRU5ErkJggg==
" width="800px"&gt;</msg>
<status status="PASS" starttime="20231218 00:26:05.008" endtime="20231218 00:26:06.256"/>
</kw>
<kw name="Close Application" library="AppiumLibrary">
<doc>Closes the current application and also close webdriver session.</doc>
<status status="PASS" starttime="20231218 00:26:06.256" endtime="20231218 00:26:07.111"/>
</kw>
<status status="PASS" starttime="20231218 00:26:05.008" endtime="20231218 00:26:07.111"/>
</kw>
<status status="PASS" starttime="20231218 00:25:17.669" endtime="20231218 00:26:07.111"/>
</suite>
<statistics>
<total>
<stat pass="3" fail="0" skip="0">All Tests</stat>
</total>
<tag>
</tag>
<suite>
<stat pass="3" fail="0" skip="0" id="s1" name="appDietStep-tdd">appDietStep-tdd</stat>
</suite>
</statistics>
<errors>
<msg timestamp="20231218 00:25:40.972" level="WARN">Keyword 'AppiumLibrary.Tap' is deprecated. Since selenium v4, use `Tap With Positions` keyword.</msg>
<msg timestamp="20231218 00:25:42.288" level="WARN">Multiple tests with name 'As a user i want to open APP Diet' executed in suite 'appDietStep-tdd'.</msg>
<msg timestamp="20231218 00:25:52.280" level="WARN">Keyword 'AppiumLibrary.Tap' is deprecated. Since selenium v4, use `Tap With Positions` keyword.</msg>
<msg timestamp="20231218 00:25:53.767" level="WARN">Multiple tests with name 'As a user i want to open APP Diet' executed in suite 'appDietStep-tdd'.</msg>
<msg timestamp="20231218 00:26:03.627" level="WARN">Keyword 'AppiumLibrary.Tap' is deprecated. Since selenium v4, use `Tap With Positions` keyword.</msg>
</errors>
</robot>
